<?xml version="1.0" encoding="UTF-8"?>
<coverage generated="1606630143984" clover="3.2.0">
  <project timestamp="1606630143984" name="All files">
    <metrics statements="766" coveredstatements="664" conditionals="570" coveredconditionals="444" methods="147" coveredmethods="119" elements="1483" coveredelements="1227" complexity="0" loc="766" ncloc="766" packages="1" files="9" classes="9"/>
    <file name="_mixin.js" path="/Users/noah/projects/schmackbone/lib/_mixin.js">
      <metrics statements="29" coveredstatements="14" conditionals="18" coveredconditionals="5" methods="15" coveredmethods="8"/>
      <line num="9" count="3" type="cond" truecount="1" falsecount="1"/>
      <line num="11" count="3" type="stmt"/>
      <line num="12" count="1" type="stmt"/>
      <line num="14" count="1" type="stmt"/>
      <line num="17" count="3" type="stmt"/>
      <line num="21" count="4" type="stmt"/>
      <line num="22" count="12" type="cond" truecount="1" falsecount="1"/>
      <line num="23" count="12" type="stmt"/>
      <line num="36" count="12" type="cond" truecount="2" falsecount="3"/>
      <line num="37" count="7" type="stmt"/>
      <line num="38" count="4" type="stmt"/>
      <line num="40" count="0" type="stmt"/>
      <line num="41" count="0" type="stmt"/>
      <line num="43" count="0" type="stmt"/>
      <line num="44" count="0" type="stmt"/>
      <line num="46" count="0" type="stmt"/>
      <line num="47" count="0" type="stmt"/>
      <line num="49" count="5" type="stmt"/>
      <line num="50" count="4" type="stmt"/>
      <line num="52" count="4" type="stmt"/>
      <line num="59" count="0" type="cond" truecount="0" falsecount="2"/>
      <line num="60" count="0" type="stmt"/>
      <line num="63" count="0" type="cond" truecount="0" falsecount="4"/>
      <line num="64" count="0" type="stmt"/>
      <line num="67" count="0" type="cond" truecount="0" falsecount="2"/>
      <line num="68" count="0" type="stmt"/>
      <line num="71" count="0" type="stmt"/>
      <line num="75" count="0" type="stmt"/>
      <line num="77" count="0" type="stmt"/>
    </file>
    <file name="collection.js" path="/Users/noah/projects/schmackbone/lib/collection.js">
      <metrics statements="259" coveredstatements="213" conditionals="195" coveredconditionals="137" methods="46" coveredmethods="32"/>
      <line num="11" count="3" type="stmt"/>
      <line num="12" count="3" type="stmt"/>
      <line num="13" count="3" type="stmt"/>
      <line num="31" count="119" type="stmt"/>
      <line num="33" count="119" type="cond" truecount="2" falsecount="0"/>
      <line num="34" count="119" type="cond" truecount="2" falsecount="0"/>
      <line num="36" count="119" type="stmt"/>
      <line num="37" count="119" type="stmt"/>
      <line num="39" count="119" type="cond" truecount="2" falsecount="0"/>
      <line num="40" count="21" type="stmt"/>
      <line num="46" count="3" type="stmt"/>
      <line num="59" count="0" type="stmt"/>
      <line num="63" count="6" type="stmt"/>
      <line num="68" count="2" type="stmt"/>
      <line num="75" count="110" type="stmt"/>
      <line num="80" count="2" type="stmt"/>
      <line num="83" count="2" type="cond" truecount="1" falsecount="1"/>
      <line num="84" count="2" type="stmt"/>
      <line num="86" count="2" type="cond" truecount="3" falsecount="1"/>
      <line num="87" count="2" type="stmt"/>
      <line num="88" count="2" type="stmt"/>
      <line num="91" count="2" type="cond" truecount="1" falsecount="1"/>
      <line num="99" count="113" type="cond" truecount="1" falsecount="1"/>
      <line num="100" count="0" type="stmt"/>
      <line num="103" count="113" type="stmt"/>
      <line num="105" count="113" type="cond" truecount="4" falsecount="0"/>
      <line num="106" count="3" type="cond" truecount="1" falsecount="1"/>
      <line num="109" count="113" type="stmt"/>
      <line num="111" count="113" type="cond" truecount="2" falsecount="0"/>
      <line num="113" count="113" type="stmt"/>
      <line num="115" count="113" type="cond" truecount="1" falsecount="1"/>
      <line num="116" count="0" type="stmt"/>
      <line num="119" count="113" type="cond" truecount="1" falsecount="1"/>
      <line num="120" count="0" type="stmt"/>
      <line num="123" count="113" type="cond" truecount="1" falsecount="1"/>
      <line num="124" count="0" type="stmt"/>
      <line num="127" count="113" type="stmt"/>
      <line num="128" count="113" type="stmt"/>
      <line num="129" count="113" type="stmt"/>
      <line num="130" count="113" type="stmt"/>
      <line num="131" count="113" type="stmt"/>
      <line num="133" count="113" type="stmt"/>
      <line num="134" count="113" type="stmt"/>
      <line num="135" count="113" type="stmt"/>
      <line num="137" count="113" type="stmt"/>
      <line num="138" count="113" type="cond" truecount="3" falsecount="0"/>
      <line num="139" count="113" type="cond" truecount="2" falsecount="0"/>
      <line num="146" count="113" type="stmt"/>
      <line num="147" count="144" type="stmt"/>
      <line num="151" count="144" type="stmt"/>
      <line num="153" count="144" type="cond" truecount="2" falsecount="0"/>
      <line num="154" count="1" type="cond" truecount="3" falsecount="1"/>
      <line num="155" count="1" type="cond" truecount="1" falsecount="1"/>
      <line num="157" count="1" type="cond" truecount="1" falsecount="1"/>
      <line num="158" count="0" type="stmt"/>
      <line num="161" count="1" type="stmt"/>
      <line num="162" count="1" type="stmt"/>
      <line num="164" count="1" type="cond" truecount="2" falsecount="2"/>
      <line num="165" count="0" type="stmt"/>
      <line num="169" count="1" type="cond" truecount="1" falsecount="1"/>
      <line num="170" count="1" type="stmt"/>
      <line num="171" count="1" type="stmt"/>
      <line num="174" count="1" type="stmt"/>
      <line num="177" count="143" type="cond" truecount="1" falsecount="1"/>
      <line num="178" count="143" type="stmt"/>
      <line num="180" count="143" type="cond" truecount="1" falsecount="1"/>
      <line num="181" count="143" type="stmt"/>
      <line num="182" count="143" type="stmt"/>
      <line num="183" count="143" type="stmt"/>
      <line num="184" count="143" type="stmt"/>
      <line num="190" count="113" type="cond" truecount="2" falsecount="0"/>
      <line num="191" count="2" type="stmt"/>
      <line num="192" count="0" type="stmt"/>
      <line num="194" count="0" type="cond" truecount="0" falsecount="2"/>
      <line num="195" count="0" type="stmt"/>
      <line num="199" count="2" type="cond" truecount="1" falsecount="1"/>
      <line num="200" count="0" type="stmt"/>
      <line num="205" count="113" type="stmt"/>
      <line num="206" count="113" type="cond" truecount="3" falsecount="0"/>
      <line num="208" count="113" type="cond" truecount="4" falsecount="0"/>
      <line num="209" count="2" type="cond" truecount="1" falsecount="1"/>
      <line num="210" count="0" type="stmt"/>
      <line num="211" count="2" type="stmt"/>
      <line num="212" count="2" type="stmt"/>
      <line num="213" count="2" type="stmt"/>
      <line num="214" count="111" type="cond" truecount="2" falsecount="0"/>
      <line num="215" count="110" type="cond" truecount="2" falsecount="0"/>
      <line num="216" count="6" type="stmt"/>
      <line num="219" count="110" type="cond" truecount="1" falsecount="1"/>
      <line num="220" count="110" type="stmt"/>
      <line num="224" count="113" type="cond" truecount="2" falsecount="0"/>
      <line num="225" count="6" type="stmt"/>
      <line num="229" count="113" type="cond" truecount="2" falsecount="0"/>
      <line num="230" count="92" type="stmt"/>
      <line num="231" count="91" type="cond" truecount="1" falsecount="1"/>
      <line num="232" count="0" type="stmt"/>
      <line num="235" count="91" type="stmt"/>
      <line num="236" count="91" type="stmt"/>
      <line num="239" count="92" type="cond" truecount="4" falsecount="0"/>
      <line num="240" count="3" type="stmt"/>
      <line num="243" count="92" type="cond" truecount="4" falsecount="1"/>
      <line num="244" count="92" type="stmt"/>
      <line num="249" count="92" type="stmt"/>
      <line num="254" count="113" type="cond" truecount="2" falsecount="0"/>
      <line num="262" count="21" type="stmt"/>
      <line num="264" count="21" type="stmt"/>
      <line num="265" count="0" type="stmt"/>
      <line num="268" count="21" type="stmt"/>
      <line num="269" count="21" type="stmt"/>
      <line num="270" count="21" type="stmt"/>
      <line num="272" count="21" type="cond" truecount="1" falsecount="1"/>
      <line num="273" count="0" type="stmt"/>
      <line num="276" count="21" type="stmt"/>
      <line num="281" count="0" type="stmt"/>
      <line num="286" count="0" type="stmt"/>
      <line num="288" count="0" type="stmt"/>
      <line num="293" count="0" type="stmt"/>
      <line num="298" count="0" type="stmt"/>
      <line num="300" count="0" type="stmt"/>
      <line num="305" count="0" type="stmt"/>
      <line num="311" count="159" type="cond" truecount="1" falsecount="1"/>
      <line num="312" count="0" type="stmt"/>
      <line num="315" count="159" type="cond" truecount="4" falsecount="0"/>
      <line num="322" count="0" type="stmt"/>
      <line num="327" count="22" type="cond" truecount="1" falsecount="1"/>
      <line num="328" count="0" type="stmt"/>
      <line num="331" count="22" type="stmt"/>
      <line num="337" count="0" type="cond" truecount="0" falsecount="2"/>
      <line num="343" count="0" type="stmt"/>
      <line num="350" count="8" type="stmt"/>
      <line num="352" count="8" type="cond" truecount="1" falsecount="1"/>
      <line num="353" count="0" type="stmt"/>
      <line num="356" count="8" type="cond" truecount="2" falsecount="0"/>
      <line num="357" count="6" type="stmt"/>
      <line num="361" count="8" type="cond" truecount="4" falsecount="0"/>
      <line num="362" count="7" type="stmt"/>
      <line num="364" count="18" type="cond" truecount="2" falsecount="0"/>
      <line num="367" count="1" type="stmt"/>
      <line num="370" count="8" type="cond" truecount="2" falsecount="0"/>
      <line num="371" count="2" type="stmt"/>
      <line num="374" count="8" type="stmt"/>
      <line num="379" count="22" type="stmt"/>
      <line num="386" count="2" type="stmt"/>
      <line num="387" count="2" type="stmt"/>
      <line num="389" count="2" type="stmt"/>
      <line num="391" count="2" type="stmt"/>
      <line num="392" count="2" type="cond" truecount="1" falsecount="1"/>
      <line num="394" count="2" type="stmt"/>
      <line num="395" count="2" type="stmt"/>
      <line num="397" count="2" type="cond" truecount="3" falsecount="1"/>
      <line num="398" count="0" type="cond" truecount="0" falsecount="2"/>
      <line num="399" count="0" type="stmt"/>
      <line num="402" count="0" type="cond" truecount="0" falsecount="2"/>
      <line num="403" count="0" type="stmt"/>
      <line num="407" count="2" type="stmt"/>
      <line num="410" count="2" type="stmt"/>
      <line num="412" count="2" type="stmt"/>
      <line num="419" count="1" type="stmt"/>
      <line num="420" count="1" type="stmt"/>
      <line num="422" count="1" type="stmt"/>
      <line num="424" count="1" type="cond" truecount="1" falsecount="1"/>
      <line num="425" count="0" type="stmt"/>
      <line num="428" count="1" type="cond" truecount="1" falsecount="1"/>
      <line num="429" count="1" type="stmt"/>
      <line num="432" count="1" type="stmt"/>
      <line num="433" count="1" type="cond" truecount="1" falsecount="1"/>
      <line num="434" count="0" type="stmt"/>
      <line num="437" count="1" type="cond" truecount="1" falsecount="1"/>
      <line num="438" count="0" type="stmt"/>
      <line num="442" count="1" type="stmt"/>
      <line num="448" count="2" type="stmt"/>
      <line num="453" count="4" type="stmt"/>
      <line num="461" count="325" type="cond" truecount="1" falsecount="1"/>
      <line num="466" count="6" type="stmt"/>
      <line num="471" count="0" type="stmt"/>
      <line num="476" count="0" type="stmt"/>
      <line num="482" count="140" type="stmt"/>
      <line num="483" count="140" type="stmt"/>
      <line num="484" count="140" type="stmt"/>
      <line num="490" count="144" type="cond" truecount="2" falsecount="0"/>
      <line num="491" count="120" type="cond" truecount="2" falsecount="0"/>
      <line num="492" count="111" type="stmt"/>
      <line num="495" count="120" type="stmt"/>
      <line num="498" count="24" type="stmt"/>
      <line num="499" count="24" type="stmt"/>
      <line num="502" count="24" type="stmt"/>
      <line num="504" count="24" type="cond" truecount="1" falsecount="1"/>
      <line num="505" count="24" type="stmt"/>
      <line num="508" count="0" type="stmt"/>
      <line num="510" count="0" type="stmt"/>
      <line num="515" count="2" type="stmt"/>
      <line num="517" count="2" type="stmt"/>
      <line num="518" count="2" type="stmt"/>
      <line num="520" count="2" type="cond" truecount="1" falsecount="1"/>
      <line num="521" count="0" type="stmt"/>
      <line num="524" count="2" type="stmt"/>
      <line num="526" count="2" type="stmt"/>
      <line num="527" count="2" type="stmt"/>
      <line num="531" count="2" type="stmt"/>
      <line num="533" count="2" type="stmt"/>
      <line num="535" count="2" type="cond" truecount="1" falsecount="1"/>
      <line num="536" count="2" type="stmt"/>
      <line num="539" count="2" type="cond" truecount="1" falsecount="1"/>
      <line num="540" count="2" type="stmt"/>
      <line num="541" count="2" type="stmt"/>
      <line num="544" count="2" type="stmt"/>
      <line num="545" count="2" type="stmt"/>
      <line num="548" count="2" type="stmt"/>
      <line num="554" count="300" type="stmt"/>
      <line num="559" count="143" type="stmt"/>
      <line num="561" count="143" type="stmt"/>
      <line num="563" count="143" type="cond" truecount="2" falsecount="0"/>
      <line num="564" count="135" type="stmt"/>
      <line num="567" count="143" type="stmt"/>
      <line num="572" count="2" type="stmt"/>
      <line num="574" count="2" type="stmt"/>
      <line num="576" count="2" type="cond" truecount="1" falsecount="1"/>
      <line num="577" count="2" type="stmt"/>
      <line num="580" count="2" type="cond" truecount="1" falsecount="1"/>
      <line num="581" count="2" type="stmt"/>
      <line num="584" count="2" type="stmt"/>
      <line num="592" count="157" type="cond" truecount="1" falsecount="1"/>
      <line num="593" count="157" type="cond" truecount="4" falsecount="1"/>
      <line num="594" count="0" type="stmt"/>
      <line num="597" count="157" type="cond" truecount="2" falsecount="0"/>
      <line num="598" count="2" type="stmt"/>
      <line num="601" count="157" type="cond" truecount="2" falsecount="0"/>
      <line num="602" count="13" type="stmt"/>
      <line num="603" count="13" type="stmt"/>
      <line num="605" count="13" type="cond" truecount="2" falsecount="0"/>
      <line num="606" count="6" type="cond" truecount="2" falsecount="0"/>
      <line num="607" count="2" type="stmt"/>
      <line num="610" count="6" type="cond" truecount="2" falsecount="0"/>
      <line num="611" count="4" type="stmt"/>
      <line num="617" count="157" type="stmt"/>
      <line num="622" count="3" type="stmt"/>
      <line num="626" count="3" type="cond" truecount="2" falsecount="0"/>
      <line num="628" count="3" type="cond" truecount="1" falsecount="1"/>
      <line num="629" count="3" type="stmt"/>
      <line num="640" count="6" type="stmt"/>
      <line num="641" count="6" type="stmt"/>
      <line num="642" count="6" type="stmt"/>
      <line num="646" count="3" type="cond" truecount="1" falsecount="1"/>
      <line num="647" count="3" type="stmt"/>
      <line num="648" count="0" type="stmt"/>
      <line num="652" count="3" type="stmt"/>
      <line num="653" count="12" type="cond" truecount="1" falsecount="1"/>
      <line num="655" count="12" type="cond" truecount="2" falsecount="0"/>
      <line num="656" count="6" type="stmt"/>
      <line num="658" count="6" type="stmt"/>
      <line num="663" count="6" type="cond" truecount="1" falsecount="1"/>
      <line num="664" count="6" type="stmt"/>
      <line num="666" count="0" type="stmt"/>
      <line num="668" count="0" type="cond" truecount="0" falsecount="2"/>
      <line num="669" count="0" type="stmt"/>
      <line num="672" count="0" type="stmt"/>
      <line num="676" count="6" type="stmt"/>
      <line num="681" count="6" type="stmt"/>
      <line num="684" count="6" type="stmt"/>
    </file>
    <file name="config.js" path="/Users/noah/projects/schmackbone/lib/config.js">
      <metrics statements="3" coveredstatements="3" conditionals="0" coveredconditionals="0" methods="2" coveredmethods="2"/>
      <line num="3" count="5" type="stmt"/>
      <line num="9" count="51" type="stmt"/>
      <line num="13" count="2" type="stmt"/>
    </file>
    <file name="events.js" path="/Users/noah/projects/schmackbone/lib/events.js">
      <metrics statements="146" coveredstatements="140" conditionals="106" coveredconditionals="100" methods="18" coveredmethods="18"/>
      <line num="18" count="7" type="stmt"/>
      <line num="26" count="7" type="stmt"/>
      <line num="27" count="751" type="stmt"/>
      <line num="30" count="751" type="cond" truecount="4" falsecount="0"/>
      <line num="32" count="44" type="cond" truecount="5" falsecount="0"/>
      <line num="33" count="5" type="stmt"/>
      <line num="36" count="44" type="stmt"/>
      <line num="37" count="55" type="stmt"/>
      <line num="39" count="707" type="cond" truecount="4" falsecount="0"/>
      <line num="41" count="34" type="stmt"/>
      <line num="42" count="78" type="stmt"/>
      <line num="46" count="673" type="stmt"/>
      <line num="49" count="750" type="stmt"/>
      <line num="53" count="7" type="stmt"/>
      <line num="54" count="297" type="cond" truecount="2" falsecount="0"/>
      <line num="55" count="295" type="cond" truecount="2" falsecount="0"/>
      <line num="56" count="295" type="stmt"/>
      <line num="57" count="295" type="stmt"/>
      <line num="58" count="295" type="stmt"/>
      <line num="60" count="295" type="cond" truecount="2" falsecount="0"/>
      <line num="61" count="41" type="stmt"/>
      <line num="64" count="295" type="cond" truecount="2" falsecount="0"/>
      <line num="67" count="297" type="stmt"/>
      <line num="72" count="7" type="stmt"/>
      <line num="73" count="41" type="stmt"/>
      <line num="74" count="41" type="stmt"/>
      <line num="76" count="0" type="stmt"/>
      <line num="81" count="7" type="stmt"/>
      <line num="82" count="78" type="stmt"/>
      <line num="83" count="78" type="stmt"/>
      <line num="86" count="78" type="cond" truecount="1" falsecount="1"/>
      <line num="87" count="0" type="stmt"/>
      <line num="91" count="78" type="cond" truecount="5" falsecount="0"/>
      <line num="92" count="5" type="cond" truecount="2" falsecount="0"/>
      <line num="93" count="2" type="stmt"/>
      <line num="96" count="5" type="stmt"/>
      <line num="99" count="73" type="cond" truecount="2" falsecount="0"/>
      <line num="101" count="73" type="stmt"/>
      <line num="104" count="78" type="stmt"/>
      <line num="105" count="78" type="stmt"/>
      <line num="108" count="78" type="cond" truecount="1" falsecount="1"/>
      <line num="109" count="0" type="stmt"/>
      <line num="113" count="78" type="stmt"/>
      <line num="115" count="78" type="stmt"/>
      <line num="116" count="107" type="stmt"/>
      <line num="118" count="107" type="cond" truecount="2" falsecount="0"/>
      <line num="123" count="27" type="stmt"/>
      <line num="124" count="80" type="cond" truecount="2" falsecount="0"/>
      <line num="125" count="36" type="stmt"/>
      <line num="130" count="78" type="cond" truecount="2" falsecount="0"/>
      <line num="131" count="26" type="stmt"/>
      <line num="133" count="52" type="stmt"/>
      <line num="137" count="73" type="stmt"/>
      <line num="142" count="7" type="stmt"/>
      <line num="143" count="34" type="cond" truecount="2" falsecount="0"/>
      <line num="144" count="32" type="stmt"/>
      <line num="145" count="21" type="stmt"/>
      <line num="146" count="21" type="stmt"/>
      <line num="149" count="32" type="stmt"/>
      <line num="152" count="34" type="stmt"/>
      <line num="162" count="342" type="cond" truecount="1" falsecount="1"/>
      <line num="163" count="342" type="stmt"/>
      <line num="164" count="342" type="stmt"/>
      <line num="166" count="342" type="cond" truecount="4" falsecount="0"/>
      <line num="167" count="7" type="stmt"/>
      <line num="170" count="342" type="cond" truecount="2" falsecount="0"/>
      <line num="171" count="108" type="stmt"/>
      <line num="174" count="341" type="cond" truecount="2" falsecount="0"/>
      <line num="175" count="171" type="stmt"/>
      <line num="179" count="341" type="stmt"/>
      <line num="187" count="279" type="stmt"/>
      <line num="188" count="279" type="stmt"/>
      <line num="189" count="279" type="stmt"/>
      <line num="192" count="279" type="cond" truecount="5" falsecount="0"/>
      <line num="193" count="80" type="stmt"/>
      <line num="194" count="16" type="stmt"/>
      <line num="195" count="16" type="stmt"/>
      <line num="196" count="33" type="stmt"/>
      <line num="197" count="144" type="stmt"/>
      <line num="206" count="34" type="stmt"/>
      <line num="207" count="34" type="stmt"/>
      <line num="208" count="34" type="stmt"/>
      <line num="209" count="34" type="stmt"/>
      <line num="210" count="34" type="stmt"/>
      <line num="211" count="34" type="stmt"/>
      <line num="221" count="37" type="cond" truecount="2" falsecount="0"/>
      <line num="222" count="1" type="stmt"/>
      <line num="226" count="1" type="stmt"/>
      <line num="228" count="36" type="stmt"/>
      <line num="229" count="36" type="stmt"/>
      <line num="232" count="37" type="cond" truecount="2" falsecount="0"/>
      <line num="233" count="26" type="stmt"/>
      <line num="239" count="28" type="stmt"/>
      <line num="241" count="28" type="cond" truecount="2" falsecount="0"/>
      <line num="242" count="27" type="stmt"/>
      <line num="247" count="7" type="stmt"/>
      <line num="249" count="1448" type="cond" truecount="2" falsecount="0"/>
      <line num="250" count="1126" type="stmt"/>
      <line num="253" count="322" type="stmt"/>
      <line num="255" count="321" type="stmt"/>
      <line num="261" count="273" type="cond" truecount="2" falsecount="0"/>
      <line num="267" count="273" type="cond" truecount="2" falsecount="0"/>
      <line num="268" count="39" type="cond" truecount="2" falsecount="0"/>
      <line num="270" count="39" type="stmt"/>
      <line num="273" count="39" type="stmt"/>
      <line num="276" count="273" type="stmt"/>
      <line num="284" count="73" type="cond" truecount="2" falsecount="0"/>
      <line num="285" count="1" type="stmt"/>
      <line num="288" count="72" type="stmt"/>
      <line num="293" count="72" type="stmt"/>
      <line num="299" count="15" type="stmt"/>
      <line num="301" count="15" type="stmt"/>
      <line num="308" count="41" type="cond" truecount="1" falsecount="1"/>
      <line num="309" count="0" type="stmt"/>
      <line num="312" count="41" type="cond" truecount="2" falsecount="0"/>
      <line num="313" count="41" type="cond" truecount="2" falsecount="0"/>
      <line num="314" count="41" type="stmt"/>
      <line num="318" count="41" type="cond" truecount="2" falsecount="0"/>
      <line num="319" count="34" type="cond" truecount="2" falsecount="0"/>
      <line num="320" count="34" type="stmt"/>
      <line num="324" count="41" type="stmt"/>
      <line num="326" count="41" type="stmt"/>
      <line num="328" count="41" type="cond" truecount="1" falsecount="1"/>
      <line num="329" count="0" type="stmt"/>
      <line num="333" count="41" type="cond" truecount="2" falsecount="0"/>
      <line num="334" count="2" type="stmt"/>
      <line num="337" count="41" type="stmt"/>
      <line num="346" count="13" type="stmt"/>
      <line num="348" count="13" type="cond" truecount="4" falsecount="0"/>
      <line num="349" count="10" type="stmt"/>
      <line num="352" count="13" type="stmt"/>
      <line num="358" count="45" type="stmt"/>
      <line num="360" count="45" type="cond" truecount="2" falsecount="0"/>
      <line num="361" count="13" type="stmt"/>
      <line num="364" count="32" type="cond" truecount="2" falsecount="0"/>
      <line num="366" count="32" type="stmt"/>
      <line num="367" count="32" type="stmt"/>
      <line num="371" count="32" type="cond" truecount="1" falsecount="1"/>
      <line num="372" count="0" type="stmt"/>
      <line num="375" count="32" type="stmt"/>
      <line num="377" count="32" type="cond" truecount="2" falsecount="0"/>
      <line num="378" count="1" type="stmt"/>
      <line num="382" count="32" type="cond" truecount="2" falsecount="0"/>
      <line num="383" count="23" type="stmt"/>
      <line num="386" count="32" type="stmt"/>
      <line num="392" count="7" type="stmt"/>
    </file>
    <file name="history.js" path="/Users/noah/projects/schmackbone/lib/history.js">
      <metrics statements="75" coveredstatements="47" conditionals="52" coveredconditionals="15" methods="15" coveredmethods="12"/>
      <line num="6" count="1" type="stmt"/>
      <line num="9" count="1" type="stmt"/>
      <line num="12" count="1" type="stmt"/>
      <line num="18" count="1" type="stmt"/>
      <line num="21" count="1" type="cond" truecount="1" falsecount="1"/>
      <line num="22" count="1" type="stmt"/>
      <line num="23" count="1" type="stmt"/>
      <line num="29" count="0" type="stmt"/>
      <line num="31" count="0" type="cond" truecount="0" falsecount="2"/>
      <line num="36" count="4" type="stmt"/>
      <line num="37" count="4" type="stmt"/>
      <line num="39" count="4" type="stmt"/>
      <line num="46" count="12" type="stmt"/>
      <line num="52" count="8" type="stmt"/>
      <line num="54" count="8" type="cond" truecount="1" falsecount="1"/>
      <line num="60" count="0" type="cond" truecount="0" falsecount="2"/>
      <line num="62" count="0" type="cond" truecount="0" falsecount="2"/>
      <line num="67" count="8" type="stmt"/>
      <line num="71" count="8" type="cond" truecount="2" falsecount="0"/>
      <line num="77" count="8" type="cond" truecount="1" falsecount="1"/>
      <line num="79" count="8" type="stmt"/>
      <line num="82" count="8" type="stmt"/>
      <line num="88" count="3" type="cond" truecount="1" falsecount="1"/>
      <line num="89" count="0" type="stmt"/>
      <line num="92" count="3" type="stmt"/>
      <line num="96" count="3" type="stmt"/>
      <line num="97" count="3" type="stmt"/>
      <line num="98" count="3" type="stmt"/>
      <line num="101" count="3" type="stmt"/>
      <line num="103" count="3" type="stmt"/>
      <line num="105" count="3" type="cond" truecount="1" falsecount="1"/>
      <line num="106" count="3" type="stmt"/>
      <line num="114" count="3" type="stmt"/>
      <line num="117" count="3" type="cond" truecount="1" falsecount="1"/>
      <line num="118" count="0" type="stmt"/>
      <line num="119" count="0" type="stmt"/>
      <line num="122" count="3" type="stmt"/>
      <line num="128" count="60" type="stmt"/>
      <line num="133" count="1" type="stmt"/>
      <line num="134" count="1" type="stmt"/>
      <line num="138" count="1" type="cond" truecount="2" falsecount="2"/>
      <line num="139" count="0" type="stmt"/>
      <line num="142" count="1" type="cond" truecount="1" falsecount="1"/>
      <line num="143" count="0" type="stmt"/>
      <line num="146" count="1" type="cond" truecount="1" falsecount="1"/>
      <line num="147" count="0" type="stmt"/>
      <line num="150" count="1" type="stmt"/>
      <line num="158" count="4" type="cond" truecount="1" falsecount="1"/>
      <line num="159" count="0" type="stmt"/>
      <line num="162" count="4" type="stmt"/>
      <line num="164" count="4" type="stmt"/>
      <line num="165" count="64" type="cond" truecount="2" falsecount="0"/>
      <line num="166" count="4" type="stmt"/>
      <line num="168" count="4" type="stmt"/>
      <line num="171" count="60" type="stmt"/>
      <line num="183" count="0" type="cond" truecount="0" falsecount="2"/>
      <line num="184" count="0" type="stmt"/>
      <line num="187" count="0" type="cond" truecount="0" falsecount="4"/>
      <line num="188" count="0" type="stmt"/>
      <line num="192" count="0" type="cond" truecount="0" falsecount="2"/>
      <line num="195" count="0" type="stmt"/>
      <line num="197" count="0" type="cond" truecount="0" falsecount="4"/>
      <line num="198" count="0" type="cond" truecount="0" falsecount="2"/>
      <line num="201" count="0" type="stmt"/>
      <line num="204" count="0" type="stmt"/>
      <line num="207" count="0" type="stmt"/>
      <line num="209" count="0" type="cond" truecount="0" falsecount="2"/>
      <line num="210" count="0" type="stmt"/>
      <line num="213" count="0" type="stmt"/>
      <line num="216" count="0" type="cond" truecount="0" falsecount="2"/>
      <line num="218" count="0" type="cond" truecount="0" falsecount="2"/>
      <line num="219" count="0" type="stmt"/>
      <line num="224" count="1" type="stmt"/>
      <line num="228" count="1" type="stmt"/>
      <line num="230" count="1" type="stmt"/>
    </file>
    <file name="model.js" path="/Users/noah/projects/schmackbone/lib/model.js">
      <metrics statements="175" coveredstatements="172" conditionals="134" coveredconditionals="130" methods="29" coveredmethods="29"/>
      <line num="19" count="264" type="stmt"/>
      <line num="20" count="264" type="stmt"/>
      <line num="21" count="264" type="stmt"/>
      <line num="23" count="264" type="cond" truecount="2" falsecount="0"/>
      <line num="24" count="27" type="stmt"/>
      <line num="27" count="264" type="cond" truecount="2" falsecount="0"/>
      <line num="28" count="6" type="cond" truecount="2" falsecount="0"/>
      <line num="31" count="264" type="stmt"/>
      <line num="32" count="264" type="stmt"/>
      <line num="33" count="264" type="stmt"/>
      <line num="37" count="264" type="stmt"/>
      <line num="40" count="264" type="stmt"/>
      <line num="44" count="5" type="stmt"/>
      <line num="48" count="5" type="stmt"/>
      <line num="60" count="15" type="stmt"/>
      <line num="66" count="46" type="stmt"/>
      <line num="71" count="378" type="stmt"/>
      <line num="76" count="5" type="stmt"/>
      <line num="83" count="84" type="stmt"/>
      <line num="89" count="6" type="stmt"/>
      <line num="99" count="395" type="cond" truecount="2" falsecount="0"/>
      <line num="100" count="1" type="stmt"/>
      <line num="105" count="394" type="cond" truecount="2" falsecount="0"/>
      <line num="106" count="379" type="stmt"/>
      <line num="107" count="379" type="stmt"/>
      <line num="109" count="15" type="stmt"/>
      <line num="112" count="394" type="cond" truecount="2" falsecount="0"/>
      <line num="115" count="394" type="cond" truecount="2" falsecount="0"/>
      <line num="116" count="8" type="stmt"/>
      <line num="119" count="386" type="stmt"/>
      <line num="120" count="386" type="stmt"/>
      <line num="122" count="386" type="stmt"/>
      <line num="124" count="386" type="cond" truecount="2" falsecount="0"/>
      <line num="125" count="382" type="stmt"/>
      <line num="126" count="382" type="stmt"/>
      <line num="129" count="386" type="stmt"/>
      <line num="132" count="386" type="stmt"/>
      <line num="133" count="650" type="stmt"/>
      <line num="135" count="650" type="cond" truecount="2" falsecount="0"/>
      <line num="136" count="632" type="stmt"/>
      <line num="139" count="650" type="cond" truecount="2" falsecount="0"/>
      <line num="140" count="632" type="stmt"/>
      <line num="142" count="18" type="stmt"/>
      <line num="145" count="650" type="cond" truecount="2" falsecount="0"/>
      <line num="149" count="386" type="cond" truecount="2" falsecount="0"/>
      <line num="150" count="167" type="stmt"/>
      <line num="154" count="386" type="cond" truecount="2" falsecount="0"/>
      <line num="155" count="364" type="cond" truecount="2" falsecount="0"/>
      <line num="156" count="251" type="stmt"/>
      <line num="159" count="364" type="stmt"/>
      <line num="160" count="609" type="stmt"/>
      <line num="166" count="386" type="cond" truecount="2" falsecount="0"/>
      <line num="167" count="4" type="stmt"/>
      <line num="170" count="382" type="cond" truecount="2" falsecount="0"/>
      <line num="171" count="361" type="stmt"/>
      <line num="172" count="250" type="stmt"/>
      <line num="173" count="250" type="stmt"/>
      <line num="174" count="250" type="stmt"/>
      <line num="178" count="382" type="stmt"/>
      <line num="179" count="382" type="stmt"/>
      <line num="181" count="382" type="stmt"/>
      <line num="187" count="10" type="stmt"/>
      <line num="192" count="5" type="stmt"/>
      <line num="194" count="5" type="stmt"/>
      <line num="195" count="12" type="stmt"/>
      <line num="198" count="5" type="stmt"/>
      <line num="205" count="21" type="cond" truecount="2" falsecount="0"/>
      <line num="206" count="13" type="stmt"/>
      <line num="210" count="8" type="stmt"/>
      <line num="220" count="7" type="cond" truecount="2" falsecount="0"/>
      <line num="221" count="5" type="cond" truecount="2" falsecount="0"/>
      <line num="224" count="2" type="cond" truecount="1" falsecount="1"/>
      <line num="225" count="2" type="stmt"/>
      <line num="228" count="2" type="stmt"/>
      <line num="229" count="2" type="cond" truecount="2" falsecount="0"/>
      <line num="230" count="1" type="stmt"/>
      <line num="233" count="1" type="stmt"/>
      <line num="234" count="1" type="stmt"/>
      <line num="237" count="2" type="cond" truecount="2" falsecount="0"/>
      <line num="244" count="6" type="cond" truecount="3" falsecount="1"/>
      <line num="245" count="0" type="stmt"/>
      <line num="249" count="6" type="stmt"/>
      <line num="255" count="14" type="stmt"/>
      <line num="261" count="33" type="stmt"/>
      <line num="262" count="33" type="stmt"/>
      <line num="264" count="33" type="stmt"/>
      <line num="266" count="33" type="stmt"/>
      <line num="267" count="23" type="cond" truecount="2" falsecount="0"/>
      <line num="269" count="23" type="cond" truecount="1" falsecount="1"/>
      <line num="270" count="0" type="stmt"/>
      <line num="273" count="23" type="stmt"/>
      <line num="275" count="23" type="cond" truecount="4" falsecount="0"/>
      <line num="276" count="5" type="cond" truecount="2" falsecount="0"/>
      <line num="277" count="3" type="stmt"/>
      <line num="280" count="5" type="cond" truecount="2" falsecount="0"/>
      <line num="281" count="2" type="stmt"/>
      <line num="285" count="23" type="stmt"/>
      <line num="288" count="33" type="stmt"/>
      <line num="290" count="33" type="stmt"/>
      <line num="301" count="27" type="cond" truecount="4" falsecount="0"/>
      <line num="303" count="26" type="stmt"/>
      <line num="304" count="26" type="stmt"/>
      <line num="306" count="1" type="stmt"/>
      <line num="309" count="27" type="stmt"/>
      <line num="314" count="27" type="cond" truecount="4" falsecount="0"/>
      <line num="315" count="19" type="cond" truecount="2" falsecount="0"/>
      <line num="316" count="1" type="stmt"/>
      <line num="318" count="8" type="cond" truecount="1" falsecount="1"/>
      <line num="319" count="0" type="stmt"/>
      <line num="324" count="26" type="stmt"/>
      <line num="325" count="26" type="stmt"/>
      <line num="326" count="26" type="stmt"/>
      <line num="328" count="26" type="stmt"/>
      <line num="329" count="18" type="cond" truecount="2" falsecount="0"/>
      <line num="332" count="18" type="stmt"/>
      <line num="334" count="18" type="cond" truecount="2" falsecount="0"/>
      <line num="335" count="1" type="stmt"/>
      <line num="338" count="18" type="cond" truecount="4" falsecount="0"/>
      <line num="339" count="1" type="stmt"/>
      <line num="342" count="17" type="stmt"/>
      <line num="344" count="17" type="cond" truecount="4" falsecount="0"/>
      <line num="345" count="3" type="cond" truecount="2" falsecount="0"/>
      <line num="346" count="2" type="stmt"/>
      <line num="349" count="3" type="cond" truecount="2" falsecount="0"/>
      <line num="350" count="1" type="stmt"/>
      <line num="354" count="17" type="stmt"/>
      <line num="357" count="26" type="stmt"/>
      <line num="360" count="26" type="cond" truecount="4" falsecount="0"/>
      <line num="361" count="3" type="stmt"/>
      <line num="364" count="26" type="cond" truecount="4" falsecount="0"/>
      <line num="366" count="26" type="cond" truecount="4" falsecount="0"/>
      <line num="367" count="1" type="stmt"/>
      <line num="370" count="26" type="stmt"/>
      <line num="373" count="26" type="stmt"/>
      <line num="375" count="26" type="stmt"/>
      <line num="382" count="12" type="stmt"/>
      <line num="383" count="12" type="stmt"/>
      <line num="384" count="12" type="stmt"/>
      <line num="385" count="12" type="stmt"/>
      <line num="386" count="12" type="stmt"/>
      <line num="389" count="12" type="stmt"/>
      <line num="390" count="7" type="cond" truecount="2" falsecount="0"/>
      <line num="391" count="1" type="stmt"/>
      <line num="394" count="7" type="cond" truecount="2" falsecount="0"/>
      <line num="395" count="6" type="stmt"/>
      <line num="398" count="7" type="cond" truecount="4" falsecount="0"/>
      <line num="399" count="2" type="cond" truecount="2" falsecount="0"/>
      <line num="400" count="1" type="stmt"/>
      <line num="403" count="2" type="cond" truecount="2" falsecount="0"/>
      <line num="404" count="1" type="stmt"/>
      <line num="408" count="7" type="stmt"/>
      <line num="413" count="12" type="cond" truecount="2" falsecount="0"/>
      <line num="414" count="1" type="stmt"/>
      <line num="416" count="11" type="stmt"/>
      <line num="417" count="11" type="stmt"/>
      <line num="420" count="12" type="cond" truecount="2" falsecount="0"/>
      <line num="421" count="11" type="stmt"/>
      <line num="424" count="12" type="stmt"/>
      <line num="431" count="21" type="cond" truecount="3" falsecount="0"/>
      <line num="433" count="19" type="cond" truecount="2" falsecount="0"/>
      <line num="434" count="4" type="stmt"/>
      <line num="437" count="15" type="stmt"/>
      <line num="444" count="43" type="stmt"/>
      <line num="449" count="5" type="stmt"/>
      <line num="454" count="72" type="stmt"/>
      <line num="459" count="1" type="stmt"/>
      <line num="465" count="403" type="cond" truecount="4" falsecount="0"/>
      <line num="466" count="390" type="stmt"/>
      <line num="469" count="13" type="stmt"/>
      <line num="470" count="13" type="cond" truecount="2" falsecount="0"/>
      <line num="472" count="13" type="cond" truecount="2" falsecount="0"/>
      <line num="473" count="5" type="stmt"/>
      <line num="476" count="8" type="stmt"/>
      <line num="478" count="8" type="stmt"/>
      <line num="482" count="5" type="stmt"/>
    </file>
    <file name="router.js" path="/Users/noah/projects/schmackbone/lib/router.js">
      <metrics statements="43" coveredstatements="39" conditionals="23" coveredconditionals="17" methods="12" coveredmethods="9"/>
      <line num="11" count="1" type="stmt"/>
      <line num="12" count="1" type="stmt"/>
      <line num="13" count="1" type="stmt"/>
      <line num="14" count="1" type="stmt"/>
      <line num="20" count="3" type="stmt"/>
      <line num="22" count="3" type="cond" truecount="1" falsecount="1"/>
      <line num="23" count="0" type="stmt"/>
      <line num="26" count="3" type="stmt"/>
      <line num="27" count="3" type="stmt"/>
      <line num="45" count="60" type="stmt"/>
      <line num="47" count="60" type="cond" truecount="1" falsecount="1"/>
      <line num="48" count="60" type="stmt"/>
      <line num="51" count="60" type="cond" truecount="2" falsecount="0"/>
      <line num="52" count="3" type="stmt"/>
      <line num="53" count="3" type="stmt"/>
      <line num="56" count="60" type="cond" truecount="2" falsecount="0"/>
      <line num="57" count="57" type="stmt"/>
      <line num="60" count="60" type="stmt"/>
      <line num="61" count="4" type="stmt"/>
      <line num="63" count="4" type="cond" truecount="1" falsecount="1"/>
      <line num="64" count="4" type="stmt"/>
      <line num="65" count="4" type="stmt"/>
      <line num="66" count="4" type="stmt"/>
      <line num="70" count="60" type="stmt"/>
      <line num="76" count="4" type="cond" truecount="1" falsecount="1"/>
      <line num="77" count="4" type="stmt"/>
      <line num="83" count="0" type="stmt"/>
      <line num="85" count="0" type="stmt"/>
      <line num="95" count="3" type="cond" truecount="1" falsecount="1"/>
      <line num="96" count="0" type="stmt"/>
      <line num="99" count="3" type="stmt"/>
      <line num="101" count="3" type="stmt"/>
      <line num="103" count="3" type="stmt"/>
      <line num="104" count="57" type="stmt"/>
      <line num="111" count="60" type="stmt"/>
      <line num="113" count="36" type="cond" truecount="2" falsecount="0"/>
      <line num="116" count="60" type="stmt"/>
      <line num="123" count="4" type="stmt"/>
      <line num="125" count="4" type="stmt"/>
      <line num="127" count="8" type="cond" truecount="2" falsecount="0"/>
      <line num="128" count="4" type="cond" truecount="2" falsecount="0"/>
      <line num="131" count="4" type="cond" truecount="2" falsecount="0"/>
      <line num="137" count="1" type="stmt"/>
    </file>
    <file name="sync.js" path="/Users/noah/projects/schmackbone/lib/sync.js">
      <metrics statements="25" coveredstatements="25" conditionals="34" coveredconditionals="32" methods="5" coveredmethods="5"/>
      <line num="20" count="5" type="stmt"/>
      <line num="29" count="51" type="stmt"/>
      <line num="31" count="51" type="stmt"/>
      <line num="41" count="51" type="stmt"/>
      <line num="44" count="51" type="cond" truecount="2" falsecount="0"/>
      <line num="45" count="50" type="cond" truecount="1" falsecount="1"/>
      <line num="49" count="50" type="cond" truecount="5" falsecount="0"/>
      <line num="50" count="16" type="stmt"/>
      <line num="51" count="16" type="cond" truecount="2" falsecount="0"/>
      <line num="55" count="50" type="cond" truecount="2" falsecount="0"/>
      <line num="56" count="23" type="stmt"/>
      <line num="60" count="50" type="stmt"/>
      <line num="62" count="50" type="stmt"/>
      <line num="64" count="50" type="stmt"/>
      <line num="67" count="5" type="stmt"/>
      <line num="68" count="5" type="stmt"/>
      <line num="82" count="50" type="stmt"/>
      <line num="83" count="50" type="cond" truecount="2" falsecount="0"/>
      <line num="85" count="50" type="cond" truecount="4" falsecount="0"/>
      <line num="86" count="4" type="cond" truecount="1" falsecount="1"/>
      <line num="89" count="50" type="stmt"/>
      <line num="91" count="50" type="stmt"/>
      <line num="123" count="50" type="stmt"/>
      <line num="127" count="50" type="stmt"/>
      <line num="128" count="49" type="cond" truecount="2" falsecount="0"/>
    </file>
    <file name="utils.js" path="/Users/noah/projects/schmackbone/lib/utils.js">
      <metrics statements="11" coveredstatements="11" conditionals="8" coveredconditionals="8" methods="5" coveredmethods="4"/>
      <line num="7" count="29" type="stmt"/>
      <line num="12" count="2" type="stmt"/>
      <line num="17" count="72" type="stmt"/>
      <line num="19" count="72" type="stmt"/>
      <line num="20" count="16" type="stmt"/>
      <line num="22" count="16" type="cond" truecount="4" falsecount="0"/>
      <line num="23" count="8" type="cond" truecount="2" falsecount="0"/>
      <line num="24" count="4" type="stmt"/>
      <line num="27" count="8" type="cond" truecount="2" falsecount="0"/>
      <line num="28" count="4" type="stmt"/>
      <line num="32" count="16" type="stmt"/>
    </file>
  </project>
</coverage>
