{"/Users/noah/projects/schmackbone/lib/_mixin.js": {"path":"/Users/noah/projects/schmackbone/lib/_mixin.js","statementMap":{"0":{"start":{"line":9,"column":18},"end":{"line":9,"column":70}},"1":{"start":{"line":11,"column":2},"end":{"line":15,"column":4}},"2":{"start":{"line":12,"column":19},"end":{"line":12,"column":97}},"3":{"start":{"line":12,"column":57},"end":{"line":12,"column":92}},"4":{"start":{"line":14,"column":4},"end":{"line":14,"column":57}},"5":{"start":{"line":17,"column":2},"end":{"line":17,"column":52}},"6":{"start":{"line":21,"column":2},"end":{"line":25,"column":5}},"7":{"start":{"line":22,"column":4},"end":{"line":24,"column":5}},"8":{"start":{"line":23,"column":6},"end":{"line":23,"column":84}},"9":{"start":{"line":36,"column":2},"end":{"line":54,"column":3}},"10":{"start":{"line":37,"column":12},"end":{"line":39,"column":6}},"11":{"start":{"line":38,"column":6},"end":{"line":38,"column":43}},"12":{"start":{"line":40,"column":12},"end":{"line":42,"column":6}},"13":{"start":{"line":41,"column":6},"end":{"line":41,"column":50}},"14":{"start":{"line":43,"column":12},"end":{"line":45,"column":6}},"15":{"start":{"line":44,"column":6},"end":{"line":44,"column":72}},"16":{"start":{"line":46,"column":12},"end":{"line":48,"column":6}},"17":{"start":{"line":47,"column":6},"end":{"line":47,"column":84}},"18":{"start":{"line":49,"column":13},"end":{"line":53,"column":6}},"19":{"start":{"line":50,"column":6},"end":{"line":50,"column":36}},"20":{"start":{"line":52,"column":6},"end":{"line":52,"column":46}},"21":{"start":{"line":59,"column":2},"end":{"line":61,"column":3}},"22":{"start":{"line":60,"column":4},"end":{"line":60,"column":20}},"23":{"start":{"line":63,"column":2},"end":{"line":65,"column":3}},"24":{"start":{"line":64,"column":4},"end":{"line":64,"column":34}},"25":{"start":{"line":67,"column":2},"end":{"line":69,"column":3}},"26":{"start":{"line":68,"column":4},"end":{"line":68,"column":42}},"27":{"start":{"line":68,"column":22},"end":{"line":68,"column":41}},"28":{"start":{"line":71,"column":2},"end":{"line":71,"column":18}},"29":{"start":{"line":75,"column":16},"end":{"line":75,"column":30}},"30":{"start":{"line":77,"column":2},"end":{"line":77,"column":46}},"31":{"start":{"line":77,"column":20},"end":{"line":77,"column":45}}},"fnMap":{"0":{"name":"(anonymous_0)","decl":{"start":{"line":8,"column":15},"end":{"line":8,"column":16}},"loc":{"start":{"line":8,"column":42},"end":{"line":18,"column":1}},"line":8},"1":{"name":"(anonymous_1)","decl":{"start":{"line":11,"column":15},"end":{"line":11,"column":16}},"loc":{"start":{"line":11,"column":29},"end":{"line":15,"column":3}},"line":11},"2":{"name":"(anonymous_2)","decl":{"start":{"line":12,"column":41},"end":{"line":12,"column":42}},"loc":{"start":{"line":12,"column":57},"end":{"line":12,"column":92}},"line":12},"3":{"name":"addUnderscoreMethods","decl":{"start":{"line":20,"column":9},"end":{"line":20,"column":29}},"loc":{"start":{"line":20,"column":63},"end":{"line":26,"column":1}},"line":20},"4":{"name":"(anonymous_4)","decl":{"start":{"line":21,"column":31},"end":{"line":21,"column":32}},"loc":{"start":{"line":21,"column":43},"end":{"line":25,"column":3}},"line":21},"5":{"name":"addMethod","decl":{"start":{"line":35,"column":9},"end":{"line":35,"column":18}},"loc":{"start":{"line":35,"column":52},"end":{"line":55,"column":1}},"line":35},"6":{"name":"(anonymous_6)","decl":{"start":{"line":37,"column":19},"end":{"line":37,"column":20}},"loc":{"start":{"line":37,"column":30},"end":{"line":39,"column":5}},"line":37},"7":{"name":"(anonymous_7)","decl":{"start":{"line":40,"column":19},"end":{"line":40,"column":20}},"loc":{"start":{"line":40,"column":35},"end":{"line":42,"column":5}},"line":40},"8":{"name":"(anonymous_8)","decl":{"start":{"line":43,"column":19},"end":{"line":43,"column":20}},"loc":{"start":{"line":43,"column":47},"end":{"line":45,"column":5}},"line":43},"9":{"name":"(anonymous_9)","decl":{"start":{"line":46,"column":19},"end":{"line":46,"column":20}},"loc":{"start":{"line":46,"column":59},"end":{"line":48,"column":5}},"line":46},"10":{"name":"(anonymous_10)","decl":{"start":{"line":49,"column":20},"end":{"line":49,"column":21}},"loc":{"start":{"line":49,"column":38},"end":{"line":53,"column":5}},"line":49},"11":{"name":"cb","decl":{"start":{"line":58,"column":9},"end":{"line":58,"column":11}},"loc":{"start":{"line":58,"column":32},"end":{"line":72,"column":1}},"line":58},"12":{"name":"(anonymous_12)","decl":{"start":{"line":68,"column":11},"end":{"line":68,"column":12}},"loc":{"start":{"line":68,"column":22},"end":{"line":68,"column":41}},"line":68},"13":{"name":"modelMatcher","decl":{"start":{"line":74,"column":9},"end":{"line":74,"column":21}},"loc":{"start":{"line":74,"column":29},"end":{"line":78,"column":1}},"line":74},"14":{"name":"(anonymous_14)","decl":{"start":{"line":77,"column":9},"end":{"line":77,"column":10}},"loc":{"start":{"line":77,"column":20},"end":{"line":77,"column":45}},"line":77}},"branchMap":{"0":{"loc":{"start":{"line":8,"column":30},"end":{"line":8,"column":40}},"type":"default-arg","locations":[{"start":{"line":8,"column":38},"end":{"line":8,"column":40}}],"line":8},"1":{"loc":{"start":{"line":9,"column":18},"end":{"line":9,"column":70}},"type":"cond-expr","locations":[{"start":{"line":9,"column":47},"end":{"line":9,"column":55}},{"start":{"line":9,"column":58},"end":{"line":9,"column":70}}],"line":9},"2":{"loc":{"start":{"line":22,"column":4},"end":{"line":24,"column":5}},"type":"if","locations":[{"start":{"line":22,"column":4},"end":{"line":24,"column":5}},{"start":{"line":22,"column":4},"end":{"line":24,"column":5}}],"line":22},"3":{"loc":{"start":{"line":36,"column":2},"end":{"line":54,"column":3}},"type":"switch","locations":[{"start":{"line":37,"column":4},"end":{"line":39,"column":6}},{"start":{"line":40,"column":4},"end":{"line":42,"column":6}},{"start":{"line":43,"column":4},"end":{"line":45,"column":6}},{"start":{"line":46,"column":4},"end":{"line":48,"column":6}},{"start":{"line":49,"column":4},"end":{"line":53,"column":6}}],"line":36},"4":{"loc":{"start":{"line":59,"column":2},"end":{"line":61,"column":3}},"type":"if","locations":[{"start":{"line":59,"column":2},"end":{"line":61,"column":3}},{"start":{"line":59,"column":2},"end":{"line":61,"column":3}}],"line":59},"5":{"loc":{"start":{"line":63,"column":2},"end":{"line":65,"column":3}},"type":"if","locations":[{"start":{"line":63,"column":2},"end":{"line":65,"column":3}},{"start":{"line":63,"column":2},"end":{"line":65,"column":3}}],"line":63},"6":{"loc":{"start":{"line":63,"column":6},"end":{"line":63,"column":56}},"type":"binary-expr","locations":[{"start":{"line":63,"column":6},"end":{"line":63,"column":24}},{"start":{"line":63,"column":28},"end":{"line":63,"column":56}}],"line":63},"7":{"loc":{"start":{"line":67,"column":2},"end":{"line":69,"column":3}},"type":"if","locations":[{"start":{"line":67,"column":2},"end":{"line":69,"column":3}},{"start":{"line":67,"column":2},"end":{"line":69,"column":3}}],"line":67}},"s":{"0":3,"1":3,"2":1,"3":1,"4":1,"5":3,"6":4,"7":12,"8":12,"9":12,"10":7,"11":4,"12":0,"13":0,"14":0,"15":0,"16":0,"17":0,"18":5,"19":4,"20":4,"21":0,"22":0,"23":0,"24":0,"25":0,"26":0,"27":0,"28":0,"29":0,"30":0,"31":0},"f":{"0":3,"1":1,"2":1,"3":4,"4":12,"5":12,"6":4,"7":0,"8":0,"9":0,"10":4,"11":0,"12":0,"13":0,"14":0},"b":{"0":[1],"1":[0,3],"2":[12,0],"3":[7,0,0,0,5],"4":[0,0],"5":[0,0],"6":[0,0],"7":[0,0]},"_coverageSchema":"1a1c01bbd47fc00a2c39e90264f33305004495a9","hash":"ee48e17bbed7c73f4a629916b862abbc8c4f6c79"}
,"/Users/noah/projects/schmackbone/lib/collection.js": {"path":"/Users/noah/projects/schmackbone/lib/collection.js","statementMap":{"0":{"start":{"line":11,"column":24},"end":{"line":11,"column":25}},"1":{"start":{"line":12,"column":22},"end":{"line":12,"column":23}},"2":{"start":{"line":13,"column":28},"end":{"line":13,"column":29}},"3":{"start":{"line":31,"column":4},"end":{"line":31,"column":37}},"4":{"start":{"line":33,"column":4},"end":{"line":33,"column":57}},"5":{"start":{"line":34,"column":4},"end":{"line":34,"column":72}},"6":{"start":{"line":36,"column":4},"end":{"line":36,"column":18}},"7":{"start":{"line":37,"column":4},"end":{"line":37,"column":34}},"8":{"start":{"line":39,"column":4},"end":{"line":41,"column":5}},"9":{"start":{"line":40,"column":6},"end":{"line":40,"column":53}},"10":{"start":{"line":46,"column":17},"end":{"line":46,"column":22}},"11":{"start":{"line":59,"column":4},"end":{"line":59,"column":54}},"12":{"start":{"line":59,"column":31},"end":{"line":59,"column":52}},"13":{"start":{"line":63,"column":4},"end":{"line":63,"column":38}},"14":{"start":{"line":68,"column":4},"end":{"line":68,"column":39}},"15":{"start":{"line":75,"column":4},"end":{"line":75,"column":82}},"16":{"start":{"line":80,"column":19},"end":{"line":80,"column":41}},"17":{"start":{"line":83,"column":4},"end":{"line":83,"column":50}},"18":{"start":{"line":84,"column":4},"end":{"line":84,"column":50}},"19":{"start":{"line":86,"column":4},"end":{"line":89,"column":5}},"20":{"start":{"line":87,"column":6},"end":{"line":87,"column":57}},"21":{"start":{"line":88,"column":6},"end":{"line":88,"column":44}},"22":{"start":{"line":91,"column":4},"end":{"line":91,"column":43}},"23":{"start":{"line":99,"column":4},"end":{"line":101,"column":5}},"24":{"start":{"line":100,"column":6},"end":{"line":100,"column":13}},"25":{"start":{"line":103,"column":4},"end":{"line":103,"column":65}},"26":{"start":{"line":105,"column":4},"end":{"line":107,"column":5}},"27":{"start":{"line":106,"column":6},"end":{"line":106,"column":49}},"28":{"start":{"line":109,"column":19},"end":{"line":109,"column":41}},"29":{"start":{"line":111,"column":4},"end":{"line":111,"column":50}},"30":{"start":{"line":113,"column":13},"end":{"line":113,"column":23}},"31":{"start":{"line":115,"column":4},"end":{"line":117,"column":5}},"32":{"start":{"line":116,"column":6},"end":{"line":116,"column":15}},"33":{"start":{"line":119,"column":4},"end":{"line":121,"column":5}},"34":{"start":{"line":120,"column":6},"end":{"line":120,"column":23}},"35":{"start":{"line":123,"column":4},"end":{"line":125,"column":5}},"36":{"start":{"line":124,"column":6},"end":{"line":124,"column":28}},"37":{"start":{"line":127,"column":14},"end":{"line":127,"column":16}},"38":{"start":{"line":128,"column":16},"end":{"line":128,"column":18}},"39":{"start":{"line":129,"column":18},"end":{"line":129,"column":20}},"40":{"start":{"line":130,"column":19},"end":{"line":130,"column":21}},"41":{"start":{"line":131,"column":19},"end":{"line":131,"column":21}},"42":{"start":{"line":133,"column":14},"end":{"line":133,"column":25}},"43":{"start":{"line":134,"column":16},"end":{"line":134,"column":29}},"44":{"start":{"line":135,"column":17},"end":{"line":135,"column":31}},"45":{"start":{"line":137,"column":15},"end":{"line":137,"column":20}},"46":{"start":{"line":138,"column":19},"end":{"line":138,"column":74}},"47":{"start":{"line":139,"column":19},"end":{"line":139,"column":69}},"48":{"start":{"line":146,"column":4},"end":{"line":187,"column":5}},"49":{"start":{"line":147,"column":6},"end":{"line":147,"column":24}},"50":{"start":{"line":151,"column":21},"end":{"line":151,"column":36}},"51":{"start":{"line":153,"column":6},"end":{"line":186,"column":7}},"52":{"start":{"line":154,"column":8},"end":{"line":167,"column":9}},"53":{"start":{"line":155,"column":22},"end":{"line":155,"column":69}},"54":{"start":{"line":157,"column":10},"end":{"line":159,"column":11}},"55":{"start":{"line":158,"column":12},"end":{"line":158,"column":51}},"56":{"start":{"line":161,"column":10},"end":{"line":161,"column":39}},"57":{"start":{"line":162,"column":10},"end":{"line":162,"column":33}},"58":{"start":{"line":164,"column":10},"end":{"line":166,"column":11}},"59":{"start":{"line":165,"column":12},"end":{"line":165,"column":49}},"60":{"start":{"line":169,"column":8},"end":{"line":172,"column":9}},"61":{"start":{"line":170,"column":10},"end":{"line":170,"column":40}},"62":{"start":{"line":171,"column":10},"end":{"line":171,"column":29}},"63":{"start":{"line":174,"column":8},"end":{"line":174,"column":29}},"64":{"start":{"line":177,"column":13},"end":{"line":186,"column":7}},"65":{"start":{"line":178,"column":8},"end":{"line":178,"column":63}},"66":{"start":{"line":180,"column":8},"end":{"line":185,"column":9}},"67":{"start":{"line":181,"column":10},"end":{"line":181,"column":28}},"68":{"start":{"line":182,"column":10},"end":{"line":182,"column":45}},"69":{"start":{"line":183,"column":10},"end":{"line":183,"column":37}},"70":{"start":{"line":184,"column":10},"end":{"line":184,"column":26}},"71":{"start":{"line":190,"column":4},"end":{"line":202,"column":5}},"72":{"start":{"line":191,"column":6},"end":{"line":197,"column":7}},"73":{"start":{"line":192,"column":8},"end":{"line":192,"column":31}},"74":{"start":{"line":194,"column":8},"end":{"line":196,"column":9}},"75":{"start":{"line":195,"column":10},"end":{"line":195,"column":31}},"76":{"start":{"line":199,"column":6},"end":{"line":201,"column":7}},"77":{"start":{"line":200,"column":8},"end":{"line":200,"column":46}},"78":{"start":{"line":205,"column":23},"end":{"line":205,"column":28}},"79":{"start":{"line":206,"column":18},"end":{"line":206,"column":44}},"80":{"start":{"line":208,"column":4},"end":{"line":221,"column":5}},"81":{"start":{"line":209,"column":6},"end":{"line":210,"column":67}},"82":{"start":{"line":210,"column":44},"end":{"line":210,"column":65}},"83":{"start":{"line":211,"column":6},"end":{"line":211,"column":29}},"84":{"start":{"line":212,"column":6},"end":{"line":212,"column":39}},"85":{"start":{"line":213,"column":6},"end":{"line":213,"column":39}},"86":{"start":{"line":214,"column":11},"end":{"line":221,"column":5}},"87":{"start":{"line":215,"column":6},"end":{"line":217,"column":7}},"88":{"start":{"line":216,"column":8},"end":{"line":216,"column":20}},"89":{"start":{"line":219,"column":6},"end":{"line":219,"column":69}},"90":{"start":{"line":220,"column":6},"end":{"line":220,"column":39}},"91":{"start":{"line":224,"column":4},"end":{"line":226,"column":5}},"92":{"start":{"line":225,"column":6},"end":{"line":225,"column":32}},"93":{"start":{"line":229,"column":4},"end":{"line":251,"column":5}},"94":{"start":{"line":230,"column":6},"end":{"line":237,"column":7}},"95":{"start":{"line":231,"column":8},"end":{"line":233,"column":9}},"96":{"start":{"line":232,"column":10},"end":{"line":232,"column":33}},"97":{"start":{"line":235,"column":8},"end":{"line":235,"column":25}},"98":{"start":{"line":236,"column":8},"end":{"line":236,"column":51}},"99":{"start":{"line":239,"column":6},"end":{"line":241,"column":7}},"100":{"start":{"line":240,"column":8},"end":{"line":240,"column":44}},"101":{"start":{"line":243,"column":6},"end":{"line":250,"column":7}},"102":{"start":{"line":244,"column":8},"end":{"line":248,"column":10}},"103":{"start":{"line":249,"column":8},"end":{"line":249,"column":46}},"104":{"start":{"line":254,"column":4},"end":{"line":254,"column":41}},"105":{"start":{"line":262,"column":4},"end":{"line":262,"column":27}},"106":{"start":{"line":264,"column":4},"end":{"line":266,"column":5}},"107":{"start":{"line":264,"column":17},"end":{"line":264,"column":18}},"108":{"start":{"line":265,"column":6},"end":{"line":265,"column":53}},"109":{"start":{"line":268,"column":4},"end":{"line":268,"column":41}},"110":{"start":{"line":269,"column":4},"end":{"line":269,"column":18}},"111":{"start":{"line":270,"column":4},"end":{"line":270,"column":58}},"112":{"start":{"line":272,"column":4},"end":{"line":274,"column":5}},"113":{"start":{"line":273,"column":6},"end":{"line":273,"column":43}},"114":{"start":{"line":276,"column":4},"end":{"line":276,"column":18}},"115":{"start":{"line":281,"column":4},"end":{"line":281,"column":58}},"116":{"start":{"line":286,"column":16},"end":{"line":286,"column":40}},"117":{"start":{"line":288,"column":4},"end":{"line":288,"column":39}},"118":{"start":{"line":293,"column":4},"end":{"line":293,"column":48}},"119":{"start":{"line":298,"column":16},"end":{"line":298,"column":26}},"120":{"start":{"line":300,"column":4},"end":{"line":300,"column":39}},"121":{"start":{"line":305,"column":4},"end":{"line":305,"column":60}},"122":{"start":{"line":311,"column":4},"end":{"line":313,"column":5}},"123":{"start":{"line":312,"column":6},"end":{"line":312,"column":23}},"124":{"start":{"line":315,"column":4},"end":{"line":317,"column":37}},"125":{"start":{"line":322,"column":4},"end":{"line":322,"column":33}},"126":{"start":{"line":327,"column":4},"end":{"line":329,"column":5}},"127":{"start":{"line":328,"column":6},"end":{"line":328,"column":27}},"128":{"start":{"line":331,"column":4},"end":{"line":331,"column":30}},"129":{"start":{"line":337,"column":4},"end":{"line":337,"column":50}},"130":{"start":{"line":343,"column":4},"end":{"line":343,"column":35}},"131":{"start":{"line":350,"column":21},"end":{"line":350,"column":36}},"132":{"start":{"line":352,"column":4},"end":{"line":354,"column":5}},"133":{"start":{"line":353,"column":6},"end":{"line":353,"column":64}},"134":{"start":{"line":356,"column":4},"end":{"line":358,"column":5}},"135":{"start":{"line":357,"column":6},"end":{"line":357,"column":41}},"136":{"start":{"line":361,"column":4},"end":{"line":368,"column":5}},"137":{"start":{"line":362,"column":6},"end":{"line":365,"column":8}},"138":{"start":{"line":364,"column":19},"end":{"line":364,"column":85}},"139":{"start":{"line":367,"column":6},"end":{"line":367,"column":35}},"140":{"start":{"line":370,"column":4},"end":{"line":372,"column":5}},"141":{"start":{"line":371,"column":6},"end":{"line":371,"column":42}},"142":{"start":{"line":374,"column":4},"end":{"line":374,"column":16}},"143":{"start":{"line":379,"column":4},"end":{"line":379,"column":53}},"144":{"start":{"line":379,"column":31},"end":{"line":379,"column":51}},"145":{"start":{"line":386,"column":18},"end":{"line":386,"column":33}},"146":{"start":{"line":387,"column":21},"end":{"line":387,"column":25}},"147":{"start":{"line":389,"column":4},"end":{"line":389,"column":40}},"148":{"start":{"line":391,"column":4},"end":{"line":408,"column":6}},"149":{"start":{"line":392,"column":19},"end":{"line":392,"column":50}},"150":{"start":{"line":394,"column":6},"end":{"line":394,"column":40}},"151":{"start":{"line":395,"column":6},"end":{"line":395,"column":60}},"152":{"start":{"line":397,"column":6},"end":{"line":405,"column":7}},"153":{"start":{"line":398,"column":8},"end":{"line":400,"column":9}},"154":{"start":{"line":399,"column":10},"end":{"line":399,"column":67}},"155":{"start":{"line":402,"column":8},"end":{"line":404,"column":9}},"156":{"start":{"line":403,"column":10},"end":{"line":403,"column":29}},"157":{"start":{"line":407,"column":6},"end":{"line":407,"column":41}},"158":{"start":{"line":410,"column":4},"end":{"line":410,"column":29}},"159":{"start":{"line":412,"column":4},"end":{"line":412,"column":44}},"160":{"start":{"line":419,"column":21},"end":{"line":419,"column":25}},"161":{"start":{"line":420,"column":18},"end":{"line":420,"column":33}},"162":{"start":{"line":422,"column":4},"end":{"line":422,"column":47}},"163":{"start":{"line":424,"column":4},"end":{"line":426,"column":5}},"164":{"start":{"line":425,"column":6},"end":{"line":425,"column":19}},"165":{"start":{"line":428,"column":4},"end":{"line":430,"column":5}},"166":{"start":{"line":429,"column":6},"end":{"line":429,"column":31}},"167":{"start":{"line":432,"column":4},"end":{"line":440,"column":6}},"168":{"start":{"line":433,"column":6},"end":{"line":435,"column":7}},"169":{"start":{"line":434,"column":8},"end":{"line":434,"column":45}},"170":{"start":{"line":437,"column":6},"end":{"line":439,"column":7}},"171":{"start":{"line":438,"column":8},"end":{"line":438,"column":71}},"172":{"start":{"line":442,"column":4},"end":{"line":442,"column":37}},"173":{"start":{"line":448,"column":4},"end":{"line":448,"column":16}},"174":{"start":{"line":453,"column":4},"end":{"line":456,"column":7}},"175":{"start":{"line":461,"column":4},"end":{"line":461,"column":49}},"176":{"start":{"line":466,"column":4},"end":{"line":466,"column":57}},"177":{"start":{"line":471,"column":4},"end":{"line":471,"column":55}},"178":{"start":{"line":476,"column":4},"end":{"line":476,"column":61}},"179":{"start":{"line":482,"column":4},"end":{"line":482,"column":20}},"180":{"start":{"line":483,"column":4},"end":{"line":483,"column":21}},"181":{"start":{"line":484,"column":4},"end":{"line":484,"column":20}},"182":{"start":{"line":490,"column":4},"end":{"line":496,"column":5}},"183":{"start":{"line":491,"column":6},"end":{"line":493,"column":7}},"184":{"start":{"line":492,"column":8},"end":{"line":492,"column":32}},"185":{"start":{"line":495,"column":6},"end":{"line":495,"column":19}},"186":{"start":{"line":498,"column":4},"end":{"line":498,"column":27}},"187":{"start":{"line":499,"column":4},"end":{"line":499,"column":30}},"188":{"start":{"line":502,"column":16},"end":{"line":502,"column":46}},"189":{"start":{"line":504,"column":4},"end":{"line":506,"column":5}},"190":{"start":{"line":505,"column":6},"end":{"line":505,"column":19}},"191":{"start":{"line":508,"column":4},"end":{"line":508,"column":66}},"192":{"start":{"line":510,"column":4},"end":{"line":510,"column":17}},"193":{"start":{"line":515,"column":18},"end":{"line":515,"column":20}},"194":{"start":{"line":517,"column":4},"end":{"line":546,"column":5}},"195":{"start":{"line":517,"column":17},"end":{"line":517,"column":18}},"196":{"start":{"line":518,"column":18},"end":{"line":518,"column":37}},"197":{"start":{"line":520,"column":6},"end":{"line":522,"column":7}},"198":{"start":{"line":521,"column":8},"end":{"line":521,"column":17}},"199":{"start":{"line":524,"column":18},"end":{"line":524,"column":44}},"200":{"start":{"line":526,"column":6},"end":{"line":526,"column":35}},"201":{"start":{"line":527,"column":6},"end":{"line":527,"column":20}},"202":{"start":{"line":531,"column":6},"end":{"line":531,"column":35}},"203":{"start":{"line":533,"column":15},"end":{"line":533,"column":45}},"204":{"start":{"line":535,"column":6},"end":{"line":537,"column":7}},"205":{"start":{"line":536,"column":8},"end":{"line":536,"column":30}},"206":{"start":{"line":539,"column":6},"end":{"line":542,"column":7}},"207":{"start":{"line":540,"column":8},"end":{"line":540,"column":30}},"208":{"start":{"line":541,"column":8},"end":{"line":541,"column":54}},"209":{"start":{"line":544,"column":6},"end":{"line":544,"column":26}},"210":{"start":{"line":545,"column":6},"end":{"line":545,"column":44}},"211":{"start":{"line":548,"column":4},"end":{"line":548,"column":19}},"212":{"start":{"line":554,"column":4},"end":{"line":554,"column":34}},"213":{"start":{"line":559,"column":4},"end":{"line":559,"column":34}},"214":{"start":{"line":561,"column":13},"end":{"line":561,"column":43}},"215":{"start":{"line":563,"column":4},"end":{"line":565,"column":5}},"216":{"start":{"line":564,"column":6},"end":{"line":564,"column":29}},"217":{"start":{"line":567,"column":4},"end":{"line":567,"column":46}},"218":{"start":{"line":572,"column":4},"end":{"line":572,"column":33}},"219":{"start":{"line":574,"column":13},"end":{"line":574,"column":43}},"220":{"start":{"line":576,"column":4},"end":{"line":578,"column":5}},"221":{"start":{"line":577,"column":6},"end":{"line":577,"column":28}},"222":{"start":{"line":580,"column":4},"end":{"line":582,"column":5}},"223":{"start":{"line":581,"column":6},"end":{"line":581,"column":30}},"224":{"start":{"line":584,"column":4},"end":{"line":584,"column":47}},"225":{"start":{"line":592,"column":4},"end":{"line":615,"column":5}},"226":{"start":{"line":593,"column":6},"end":{"line":595,"column":7}},"227":{"start":{"line":594,"column":8},"end":{"line":594,"column":15}},"228":{"start":{"line":597,"column":6},"end":{"line":599,"column":7}},"229":{"start":{"line":598,"column":8},"end":{"line":598,"column":36}},"230":{"start":{"line":601,"column":6},"end":{"line":614,"column":7}},"231":{"start":{"line":602,"column":21},"end":{"line":602,"column":61}},"232":{"start":{"line":603,"column":17},"end":{"line":603,"column":47}},"233":{"start":{"line":605,"column":8},"end":{"line":613,"column":9}},"234":{"start":{"line":606,"column":10},"end":{"line":608,"column":11}},"235":{"start":{"line":607,"column":12},"end":{"line":607,"column":38}},"236":{"start":{"line":610,"column":10},"end":{"line":612,"column":11}},"237":{"start":{"line":611,"column":12},"end":{"line":611,"column":35}},"238":{"start":{"line":617,"column":4},"end":{"line":617,"column":31}},"239":{"start":{"line":622,"column":0},"end":{"line":622,"column":44}},"240":{"start":{"line":626,"column":17},"end":{"line":626,"column":64}},"241":{"start":{"line":628,"column":0},"end":{"line":630,"column":1}},"242":{"start":{"line":629,"column":2},"end":{"line":629,"column":65}},"243":{"start":{"line":640,"column":2},"end":{"line":640,"column":32}},"244":{"start":{"line":641,"column":2},"end":{"line":641,"column":20}},"245":{"start":{"line":642,"column":2},"end":{"line":642,"column":18}},"246":{"start":{"line":646,"column":0},"end":{"line":650,"column":1}},"247":{"start":{"line":647,"column":2},"end":{"line":649,"column":4}},"248":{"start":{"line":648,"column":4},"end":{"line":648,"column":16}},"249":{"start":{"line":652,"column":0},"end":{"line":685,"column":2}},"250":{"start":{"line":653,"column":2},"end":{"line":682,"column":3}},"251":{"start":{"line":655,"column":4},"end":{"line":677,"column":5}},"252":{"start":{"line":656,"column":18},"end":{"line":656,"column":50}},"253":{"start":{"line":658,"column":6},"end":{"line":658,"column":20}},"254":{"start":{"line":663,"column":6},"end":{"line":674,"column":7}},"255":{"start":{"line":664,"column":8},"end":{"line":664,"column":22}},"256":{"start":{"line":666,"column":17},"end":{"line":666,"column":59}},"257":{"start":{"line":668,"column":8},"end":{"line":673,"column":9}},"258":{"start":{"line":669,"column":10},"end":{"line":669,"column":21}},"259":{"start":{"line":672,"column":10},"end":{"line":672,"column":30}},"260":{"start":{"line":676,"column":6},"end":{"line":676,"column":34}},"261":{"start":{"line":681,"column":4},"end":{"line":681,"column":33}},"262":{"start":{"line":684,"column":2},"end":{"line":684,"column":40}}},"fnMap":{"0":{"name":"(anonymous_0)","decl":{"start":{"line":30,"column":2},"end":{"line":30,"column":3}},"loc":{"start":{"line":30,"column":34},"end":{"line":42,"column":3}},"line":30},"1":{"name":"(anonymous_1)","decl":{"start":{"line":50,"column":2},"end":{"line":50,"column":3}},"loc":{"start":{"line":50,"column":18},"end":{"line":50,"column":20}},"line":50},"2":{"name":"(anonymous_2)","decl":{"start":{"line":54,"column":2},"end":{"line":54,"column":3}},"loc":{"start":{"line":54,"column":15},"end":{"line":54,"column":17}},"line":54},"3":{"name":"(anonymous_3)","decl":{"start":{"line":58,"column":2},"end":{"line":58,"column":3}},"loc":{"start":{"line":58,"column":18},"end":{"line":60,"column":3}},"line":58},"4":{"name":"(anonymous_4)","decl":{"start":{"line":59,"column":20},"end":{"line":59,"column":21}},"loc":{"start":{"line":59,"column":31},"end":{"line":59,"column":52}},"line":59},"5":{"name":"(anonymous_5)","decl":{"start":{"line":62,"column":2},"end":{"line":62,"column":3}},"loc":{"start":{"line":62,"column":17},"end":{"line":64,"column":3}},"line":62},"6":{"name":"(anonymous_6)","decl":{"start":{"line":67,"column":2},"end":{"line":67,"column":3}},"loc":{"start":{"line":67,"column":9},"end":{"line":69,"column":3}},"line":67},"7":{"name":"(anonymous_7)","decl":{"start":{"line":74,"column":2},"end":{"line":74,"column":3}},"loc":{"start":{"line":74,"column":23},"end":{"line":76,"column":3}},"line":74},"8":{"name":"(anonymous_8)","decl":{"start":{"line":79,"column":2},"end":{"line":79,"column":3}},"loc":{"start":{"line":79,"column":29},"end":{"line":92,"column":3}},"line":79},"9":{"name":"(anonymous_9)","decl":{"start":{"line":98,"column":2},"end":{"line":98,"column":3}},"loc":{"start":{"line":98,"column":23},"end":{"line":255,"column":3}},"line":98},"10":{"name":"(anonymous_10)","decl":{"start":{"line":210,"column":25},"end":{"line":210,"column":26}},"loc":{"start":{"line":210,"column":44},"end":{"line":210,"column":65}},"line":210},"11":{"name":"(anonymous_11)","decl":{"start":{"line":261,"column":2},"end":{"line":261,"column":3}},"loc":{"start":{"line":261,"column":28},"end":{"line":277,"column":3}},"line":261},"12":{"name":"(anonymous_12)","decl":{"start":{"line":280,"column":2},"end":{"line":280,"column":3}},"loc":{"start":{"line":280,"column":23},"end":{"line":282,"column":3}},"line":280},"13":{"name":"(anonymous_13)","decl":{"start":{"line":285,"column":2},"end":{"line":285,"column":3}},"loc":{"start":{"line":285,"column":15},"end":{"line":289,"column":3}},"line":285},"14":{"name":"(anonymous_14)","decl":{"start":{"line":292,"column":2},"end":{"line":292,"column":3}},"loc":{"start":{"line":292,"column":26},"end":{"line":294,"column":3}},"line":292},"15":{"name":"(anonymous_15)","decl":{"start":{"line":297,"column":2},"end":{"line":297,"column":3}},"loc":{"start":{"line":297,"column":17},"end":{"line":301,"column":3}},"line":297},"16":{"name":"(anonymous_16)","decl":{"start":{"line":304,"column":2},"end":{"line":304,"column":3}},"loc":{"start":{"line":304,"column":10},"end":{"line":306,"column":3}},"line":304},"17":{"name":"(anonymous_17)","decl":{"start":{"line":310,"column":2},"end":{"line":310,"column":3}},"loc":{"start":{"line":310,"column":11},"end":{"line":318,"column":3}},"line":310},"18":{"name":"(anonymous_18)","decl":{"start":{"line":321,"column":2},"end":{"line":321,"column":3}},"loc":{"start":{"line":321,"column":11},"end":{"line":323,"column":3}},"line":321},"19":{"name":"(anonymous_19)","decl":{"start":{"line":326,"column":2},"end":{"line":326,"column":3}},"loc":{"start":{"line":326,"column":12},"end":{"line":332,"column":3}},"line":326},"20":{"name":"(anonymous_20)","decl":{"start":{"line":336,"column":2},"end":{"line":336,"column":3}},"loc":{"start":{"line":336,"column":22},"end":{"line":338,"column":3}},"line":336},"21":{"name":"(anonymous_21)","decl":{"start":{"line":342,"column":2},"end":{"line":342,"column":3}},"loc":{"start":{"line":342,"column":19},"end":{"line":344,"column":3}},"line":342},"22":{"name":"(anonymous_22)","decl":{"start":{"line":349,"column":2},"end":{"line":349,"column":3}},"loc":{"start":{"line":349,"column":19},"end":{"line":375,"column":3}},"line":349},"23":{"name":"(anonymous_23)","decl":{"start":{"line":364,"column":8},"end":{"line":364,"column":9}},"loc":{"start":{"line":364,"column":19},"end":{"line":364,"column":85}},"line":364},"24":{"name":"(anonymous_24)","decl":{"start":{"line":378,"column":2},"end":{"line":378,"column":3}},"loc":{"start":{"line":378,"column":14},"end":{"line":380,"column":3}},"line":378},"25":{"name":"(anonymous_25)","decl":{"start":{"line":379,"column":20},"end":{"line":379,"column":21}},"loc":{"start":{"line":379,"column":31},"end":{"line":379,"column":51}},"line":379},"26":{"name":"(anonymous_26)","decl":{"start":{"line":385,"column":2},"end":{"line":385,"column":3}},"loc":{"start":{"line":385,"column":20},"end":{"line":413,"column":3}},"line":385},"27":{"name":"(anonymous_27)","decl":{"start":{"line":391,"column":22},"end":{"line":391,"column":23}},"loc":{"start":{"line":391,"column":37},"end":{"line":408,"column":5}},"line":391},"28":{"name":"(anonymous_28)","decl":{"start":{"line":418,"column":2},"end":{"line":418,"column":3}},"loc":{"start":{"line":418,"column":28},"end":{"line":443,"column":3}},"line":418},"29":{"name":"(anonymous_29)","decl":{"start":{"line":432,"column":22},"end":{"line":432,"column":23}},"loc":{"start":{"line":432,"column":59},"end":{"line":440,"column":5}},"line":432},"30":{"name":"(anonymous_30)","decl":{"start":{"line":447,"column":2},"end":{"line":447,"column":3}},"loc":{"start":{"line":447,"column":23},"end":{"line":449,"column":3}},"line":447},"31":{"name":"(anonymous_31)","decl":{"start":{"line":452,"column":2},"end":{"line":452,"column":3}},"loc":{"start":{"line":452,"column":10},"end":{"line":457,"column":3}},"line":452},"32":{"name":"(anonymous_32)","decl":{"start":{"line":460,"column":2},"end":{"line":460,"column":3}},"loc":{"start":{"line":460,"column":17},"end":{"line":462,"column":3}},"line":460},"33":{"name":"(anonymous_33)","decl":{"start":{"line":465,"column":2},"end":{"line":465,"column":3}},"loc":{"start":{"line":465,"column":11},"end":{"line":467,"column":3}},"line":465},"34":{"name":"(anonymous_34)","decl":{"start":{"line":470,"column":2},"end":{"line":470,"column":3}},"loc":{"start":{"line":470,"column":9},"end":{"line":472,"column":3}},"line":470},"35":{"name":"(anonymous_35)","decl":{"start":{"line":475,"column":2},"end":{"line":475,"column":3}},"loc":{"start":{"line":475,"column":12},"end":{"line":477,"column":3}},"line":475},"36":{"name":"(anonymous_36)","decl":{"start":{"line":481,"column":2},"end":{"line":481,"column":3}},"loc":{"start":{"line":481,"column":11},"end":{"line":485,"column":3}},"line":481},"37":{"name":"(anonymous_37)","decl":{"start":{"line":489,"column":2},"end":{"line":489,"column":3}},"loc":{"start":{"line":489,"column":35},"end":{"line":511,"column":3}},"line":489},"38":{"name":"(anonymous_38)","decl":{"start":{"line":514,"column":2},"end":{"line":514,"column":3}},"loc":{"start":{"line":514,"column":33},"end":{"line":549,"column":3}},"line":514},"39":{"name":"(anonymous_39)","decl":{"start":{"line":553,"column":2},"end":{"line":553,"column":3}},"loc":{"start":{"line":553,"column":18},"end":{"line":555,"column":3}},"line":553},"40":{"name":"(anonymous_40)","decl":{"start":{"line":558,"column":2},"end":{"line":558,"column":3}},"loc":{"start":{"line":558,"column":32},"end":{"line":568,"column":3}},"line":558},"41":{"name":"(anonymous_41)","decl":{"start":{"line":571,"column":2},"end":{"line":571,"column":3}},"loc":{"start":{"line":571,"column":35},"end":{"line":585,"column":3}},"line":571},"42":{"name":"(anonymous_42)","decl":{"start":{"line":591,"column":2},"end":{"line":591,"column":3}},"loc":{"start":{"line":591,"column":51},"end":{"line":618,"column":3}},"line":591},"43":{"name":"CollectionIterator","decl":{"start":{"line":639,"column":9},"end":{"line":639,"column":27}},"loc":{"start":{"line":639,"column":46},"end":{"line":643,"column":1}},"line":639},"44":{"name":"(anonymous_44)","decl":{"start":{"line":647,"column":45},"end":{"line":647,"column":46}},"loc":{"start":{"line":647,"column":56},"end":{"line":649,"column":3}},"line":647},"45":{"name":"(anonymous_45)","decl":{"start":{"line":652,"column":36},"end":{"line":652,"column":37}},"loc":{"start":{"line":652,"column":47},"end":{"line":685,"column":1}},"line":652}},"branchMap":{"0":{"loc":{"start":{"line":30,"column":22},"end":{"line":30,"column":32}},"type":"default-arg","locations":[{"start":{"line":30,"column":30},"end":{"line":30,"column":32}}],"line":30},"1":{"loc":{"start":{"line":33,"column":17},"end":{"line":33,"column":56}},"type":"binary-expr","locations":[{"start":{"line":33,"column":17},"end":{"line":33,"column":30}},{"start":{"line":33,"column":34},"end":{"line":33,"column":56}}],"line":33},"2":{"loc":{"start":{"line":34,"column":22},"end":{"line":34,"column":71}},"type":"binary-expr","locations":[{"start":{"line":34,"column":22},"end":{"line":34,"column":40}},{"start":{"line":34,"column":44},"end":{"line":34,"column":71}}],"line":34},"3":{"loc":{"start":{"line":39,"column":4},"end":{"line":41,"column":5}},"type":"if","locations":[{"start":{"line":39,"column":4},"end":{"line":41,"column":5}},{"start":{"line":39,"column":4},"end":{"line":41,"column":5}}],"line":39},"4":{"loc":{"start":{"line":79,"column":17},"end":{"line":79,"column":27}},"type":"default-arg","locations":[{"start":{"line":79,"column":25},"end":{"line":79,"column":27}}],"line":79},"5":{"loc":{"start":{"line":83,"column":13},"end":{"line":83,"column":49}},"type":"cond-expr","locations":[{"start":{"line":83,"column":24},"end":{"line":83,"column":32}},{"start":{"line":83,"column":35},"end":{"line":83,"column":49}}],"line":83},"6":{"loc":{"start":{"line":86,"column":4},"end":{"line":89,"column":5}},"type":"if","locations":[{"start":{"line":86,"column":4},"end":{"line":89,"column":5}},{"start":{"line":86,"column":4},"end":{"line":89,"column":5}}],"line":86},"7":{"loc":{"start":{"line":86,"column":8},"end":{"line":86,"column":41}},"type":"binary-expr","locations":[{"start":{"line":86,"column":8},"end":{"line":86,"column":23}},{"start":{"line":86,"column":27},"end":{"line":86,"column":41}}],"line":86},"8":{"loc":{"start":{"line":91,"column":11},"end":{"line":91,"column":42}},"type":"cond-expr","locations":[{"start":{"line":91,"column":22},"end":{"line":91,"column":32}},{"start":{"line":91,"column":35},"end":{"line":91,"column":42}}],"line":91},"9":{"loc":{"start":{"line":99,"column":4},"end":{"line":101,"column":5}},"type":"if","locations":[{"start":{"line":99,"column":4},"end":{"line":101,"column":5}},{"start":{"line":99,"column":4},"end":{"line":101,"column":5}}],"line":99},"10":{"loc":{"start":{"line":105,"column":4},"end":{"line":107,"column":5}},"type":"if","locations":[{"start":{"line":105,"column":4},"end":{"line":107,"column":5}},{"start":{"line":105,"column":4},"end":{"line":107,"column":5}}],"line":105},"11":{"loc":{"start":{"line":105,"column":8},"end":{"line":105,"column":47}},"type":"binary-expr","locations":[{"start":{"line":105,"column":8},"end":{"line":105,"column":21}},{"start":{"line":105,"column":25},"end":{"line":105,"column":47}}],"line":105},"12":{"loc":{"start":{"line":106,"column":15},"end":{"line":106,"column":48}},"type":"binary-expr","locations":[{"start":{"line":106,"column":15},"end":{"line":106,"column":42}},{"start":{"line":106,"column":46},"end":{"line":106,"column":48}}],"line":106},"13":{"loc":{"start":{"line":111,"column":13},"end":{"line":111,"column":49}},"type":"cond-expr","locations":[{"start":{"line":111,"column":24},"end":{"line":111,"column":32}},{"start":{"line":111,"column":35},"end":{"line":111,"column":49}}],"line":111},"14":{"loc":{"start":{"line":115,"column":4},"end":{"line":117,"column":5}},"type":"if","locations":[{"start":{"line":115,"column":4},"end":{"line":117,"column":5}},{"start":{"line":115,"column":4},"end":{"line":117,"column":5}}],"line":115},"15":{"loc":{"start":{"line":119,"column":4},"end":{"line":121,"column":5}},"type":"if","locations":[{"start":{"line":119,"column":4},"end":{"line":121,"column":5}},{"start":{"line":119,"column":4},"end":{"line":121,"column":5}}],"line":119},"16":{"loc":{"start":{"line":123,"column":4},"end":{"line":125,"column":5}},"type":"if","locations":[{"start":{"line":123,"column":4},"end":{"line":125,"column":5}},{"start":{"line":123,"column":4},"end":{"line":125,"column":5}}],"line":123},"17":{"loc":{"start":{"line":138,"column":19},"end":{"line":138,"column":74}},"type":"binary-expr","locations":[{"start":{"line":138,"column":19},"end":{"line":138,"column":34}},{"start":{"line":138,"column":38},"end":{"line":138,"column":48}},{"start":{"line":138,"column":52},"end":{"line":138,"column":74}}],"line":138},"18":{"loc":{"start":{"line":139,"column":19},"end":{"line":139,"column":69}},"type":"cond-expr","locations":[{"start":{"line":139,"column":47},"end":{"line":139,"column":62}},{"start":{"line":139,"column":65},"end":{"line":139,"column":69}}],"line":139},"19":{"loc":{"start":{"line":153,"column":6},"end":{"line":186,"column":7}},"type":"if","locations":[{"start":{"line":153,"column":6},"end":{"line":186,"column":7}},{"start":{"line":153,"column":6},"end":{"line":186,"column":7}}],"line":153},"20":{"loc":{"start":{"line":154,"column":8},"end":{"line":167,"column":9}},"type":"if","locations":[{"start":{"line":154,"column":8},"end":{"line":167,"column":9}},{"start":{"line":154,"column":8},"end":{"line":167,"column":9}}],"line":154},"21":{"loc":{"start":{"line":154,"column":12},"end":{"line":154,"column":39}},"type":"binary-expr","locations":[{"start":{"line":154,"column":12},"end":{"line":154,"column":17}},{"start":{"line":154,"column":21},"end":{"line":154,"column":39}}],"line":154},"22":{"loc":{"start":{"line":155,"column":22},"end":{"line":155,"column":69}},"type":"cond-expr","locations":[{"start":{"line":155,"column":45},"end":{"line":155,"column":61}},{"start":{"line":155,"column":64},"end":{"line":155,"column":69}}],"line":155},"23":{"loc":{"start":{"line":157,"column":10},"end":{"line":159,"column":11}},"type":"if","locations":[{"start":{"line":157,"column":10},"end":{"line":159,"column":11}},{"start":{"line":157,"column":10},"end":{"line":159,"column":11}}],"line":157},"24":{"loc":{"start":{"line":164,"column":10},"end":{"line":166,"column":11}},"type":"if","locations":[{"start":{"line":164,"column":10},"end":{"line":166,"column":11}},{"start":{"line":164,"column":10},"end":{"line":166,"column":11}}],"line":164},"25":{"loc":{"start":{"line":164,"column":14},"end":{"line":164,"column":31}},"type":"binary-expr","locations":[{"start":{"line":164,"column":14},"end":{"line":164,"column":22}},{"start":{"line":164,"column":26},"end":{"line":164,"column":31}}],"line":164},"26":{"loc":{"start":{"line":169,"column":8},"end":{"line":172,"column":9}},"type":"if","locations":[{"start":{"line":169,"column":8},"end":{"line":172,"column":9}},{"start":{"line":169,"column":8},"end":{"line":172,"column":9}}],"line":169},"27":{"loc":{"start":{"line":177,"column":13},"end":{"line":186,"column":7}},"type":"if","locations":[{"start":{"line":177,"column":13},"end":{"line":186,"column":7}},{"start":{"line":177,"column":13},"end":{"line":186,"column":7}}],"line":177},"28":{"loc":{"start":{"line":180,"column":8},"end":{"line":185,"column":9}},"type":"if","locations":[{"start":{"line":180,"column":8},"end":{"line":185,"column":9}},{"start":{"line":180,"column":8},"end":{"line":185,"column":9}}],"line":180},"29":{"loc":{"start":{"line":190,"column":4},"end":{"line":202,"column":5}},"type":"if","locations":[{"start":{"line":190,"column":4},"end":{"line":202,"column":5}},{"start":{"line":190,"column":4},"end":{"line":202,"column":5}}],"line":190},"30":{"loc":{"start":{"line":194,"column":8},"end":{"line":196,"column":9}},"type":"if","locations":[{"start":{"line":194,"column":8},"end":{"line":196,"column":9}},{"start":{"line":194,"column":8},"end":{"line":196,"column":9}}],"line":194},"31":{"loc":{"start":{"line":199,"column":6},"end":{"line":201,"column":7}},"type":"if","locations":[{"start":{"line":199,"column":6},"end":{"line":201,"column":7}},{"start":{"line":199,"column":6},"end":{"line":201,"column":7}}],"line":199},"32":{"loc":{"start":{"line":206,"column":18},"end":{"line":206,"column":44}},"type":"binary-expr","locations":[{"start":{"line":206,"column":18},"end":{"line":206,"column":27}},{"start":{"line":206,"column":31},"end":{"line":206,"column":34}},{"start":{"line":206,"column":38},"end":{"line":206,"column":44}}],"line":206},"33":{"loc":{"start":{"line":208,"column":4},"end":{"line":221,"column":5}},"type":"if","locations":[{"start":{"line":208,"column":4},"end":{"line":221,"column":5}},{"start":{"line":208,"column":4},"end":{"line":221,"column":5}}],"line":208},"34":{"loc":{"start":{"line":208,"column":8},"end":{"line":208,"column":29}},"type":"binary-expr","locations":[{"start":{"line":208,"column":8},"end":{"line":208,"column":18}},{"start":{"line":208,"column":22},"end":{"line":208,"column":29}}],"line":208},"35":{"loc":{"start":{"line":209,"column":21},"end":{"line":210,"column":66}},"type":"binary-expr","locations":[{"start":{"line":209,"column":21},"end":{"line":209,"column":47}},{"start":{"line":210,"column":8},"end":{"line":210,"column":66}}],"line":209},"36":{"loc":{"start":{"line":214,"column":11},"end":{"line":221,"column":5}},"type":"if","locations":[{"start":{"line":214,"column":11},"end":{"line":221,"column":5}},{"start":{"line":214,"column":11},"end":{"line":221,"column":5}}],"line":214},"37":{"loc":{"start":{"line":215,"column":6},"end":{"line":217,"column":7}},"type":"if","locations":[{"start":{"line":215,"column":6},"end":{"line":217,"column":7}},{"start":{"line":215,"column":6},"end":{"line":217,"column":7}}],"line":215},"38":{"loc":{"start":{"line":219,"column":25},"end":{"line":219,"column":54}},"type":"cond-expr","locations":[{"start":{"line":219,"column":38},"end":{"line":219,"column":49}},{"start":{"line":219,"column":52},"end":{"line":219,"column":54}}],"line":219},"39":{"loc":{"start":{"line":224,"column":4},"end":{"line":226,"column":5}},"type":"if","locations":[{"start":{"line":224,"column":4},"end":{"line":226,"column":5}},{"start":{"line":224,"column":4},"end":{"line":226,"column":5}}],"line":224},"40":{"loc":{"start":{"line":229,"column":4},"end":{"line":251,"column":5}},"type":"if","locations":[{"start":{"line":229,"column":4},"end":{"line":251,"column":5}},{"start":{"line":229,"column":4},"end":{"line":251,"column":5}}],"line":229},"41":{"loc":{"start":{"line":231,"column":8},"end":{"line":233,"column":9}},"type":"if","locations":[{"start":{"line":231,"column":8},"end":{"line":233,"column":9}},{"start":{"line":231,"column":8},"end":{"line":233,"column":9}}],"line":231},"42":{"loc":{"start":{"line":239,"column":6},"end":{"line":241,"column":7}},"type":"if","locations":[{"start":{"line":239,"column":6},"end":{"line":241,"column":7}},{"start":{"line":239,"column":6},"end":{"line":241,"column":7}}],"line":239},"43":{"loc":{"start":{"line":239,"column":10},"end":{"line":239,"column":30}},"type":"binary-expr","locations":[{"start":{"line":239,"column":10},"end":{"line":239,"column":14}},{"start":{"line":239,"column":18},"end":{"line":239,"column":30}}],"line":239},"44":{"loc":{"start":{"line":243,"column":6},"end":{"line":250,"column":7}},"type":"if","locations":[{"start":{"line":243,"column":6},"end":{"line":250,"column":7}},{"start":{"line":243,"column":6},"end":{"line":250,"column":7}}],"line":243},"45":{"loc":{"start":{"line":243,"column":10},"end":{"line":243,"column":59}},"type":"binary-expr","locations":[{"start":{"line":243,"column":10},"end":{"line":243,"column":22}},{"start":{"line":243,"column":26},"end":{"line":243,"column":41}},{"start":{"line":243,"column":45},"end":{"line":243,"column":59}}],"line":243},"46":{"loc":{"start":{"line":254,"column":11},"end":{"line":254,"column":40}},"type":"cond-expr","locations":[{"start":{"line":254,"column":22},"end":{"line":254,"column":31}},{"start":{"line":254,"column":34},"end":{"line":254,"column":40}}],"line":254},"47":{"loc":{"start":{"line":261,"column":16},"end":{"line":261,"column":26}},"type":"default-arg","locations":[{"start":{"line":261,"column":24},"end":{"line":261,"column":26}}],"line":261},"48":{"loc":{"start":{"line":272,"column":4},"end":{"line":274,"column":5}},"type":"if","locations":[{"start":{"line":272,"column":4},"end":{"line":274,"column":5}},{"start":{"line":272,"column":4},"end":{"line":274,"column":5}}],"line":272},"49":{"loc":{"start":{"line":311,"column":4},"end":{"line":313,"column":5}},"type":"if","locations":[{"start":{"line":311,"column":4},"end":{"line":313,"column":5}},{"start":{"line":311,"column":4},"end":{"line":313,"column":5}}],"line":311},"50":{"loc":{"start":{"line":315,"column":11},"end":{"line":317,"column":36}},"type":"binary-expr","locations":[{"start":{"line":315,"column":11},"end":{"line":315,"column":26}},{"start":{"line":316,"column":6},"end":{"line":316,"column":73}},{"start":{"line":317,"column":6},"end":{"line":317,"column":13}},{"start":{"line":317,"column":17},"end":{"line":317,"column":36}}],"line":315},"51":{"loc":{"start":{"line":316,"column":30},"end":{"line":316,"column":71}},"type":"cond-expr","locations":[{"start":{"line":316,"column":51},"end":{"line":316,"column":65}},{"start":{"line":316,"column":68},"end":{"line":316,"column":71}}],"line":316},"52":{"loc":{"start":{"line":327,"column":4},"end":{"line":329,"column":5}},"type":"if","locations":[{"start":{"line":327,"column":4},"end":{"line":329,"column":5}},{"start":{"line":327,"column":4},"end":{"line":329,"column":5}}],"line":327},"53":{"loc":{"start":{"line":337,"column":16},"end":{"line":337,"column":41}},"type":"cond-expr","locations":[{"start":{"line":337,"column":24},"end":{"line":337,"column":30}},{"start":{"line":337,"column":33},"end":{"line":337,"column":41}}],"line":337},"54":{"loc":{"start":{"line":349,"column":7},"end":{"line":349,"column":17}},"type":"default-arg","locations":[{"start":{"line":349,"column":15},"end":{"line":349,"column":17}}],"line":349},"55":{"loc":{"start":{"line":352,"column":4},"end":{"line":354,"column":5}},"type":"if","locations":[{"start":{"line":352,"column":4},"end":{"line":354,"column":5}},{"start":{"line":352,"column":4},"end":{"line":354,"column":5}}],"line":352},"56":{"loc":{"start":{"line":356,"column":4},"end":{"line":358,"column":5}},"type":"if","locations":[{"start":{"line":356,"column":4},"end":{"line":358,"column":5}},{"start":{"line":356,"column":4},"end":{"line":358,"column":5}}],"line":356},"57":{"loc":{"start":{"line":361,"column":4},"end":{"line":368,"column":5}},"type":"if","locations":[{"start":{"line":361,"column":4},"end":{"line":368,"column":5}},{"start":{"line":361,"column":4},"end":{"line":368,"column":5}}],"line":361},"58":{"loc":{"start":{"line":361,"column":8},"end":{"line":361,"column":55}},"type":"binary-expr","locations":[{"start":{"line":361,"column":8},"end":{"line":361,"column":31}},{"start":{"line":361,"column":35},"end":{"line":361,"column":55}}],"line":361},"59":{"loc":{"start":{"line":364,"column":19},"end":{"line":364,"column":85}},"type":"cond-expr","locations":[{"start":{"line":364,"column":44},"end":{"line":364,"column":61}},{"start":{"line":364,"column":64},"end":{"line":364,"column":85}}],"line":364},"60":{"loc":{"start":{"line":370,"column":4},"end":{"line":372,"column":5}},"type":"if","locations":[{"start":{"line":370,"column":4},"end":{"line":372,"column":5}},{"start":{"line":370,"column":4},"end":{"line":372,"column":5}}],"line":370},"61":{"loc":{"start":{"line":385,"column":8},"end":{"line":385,"column":18}},"type":"default-arg","locations":[{"start":{"line":385,"column":16},"end":{"line":385,"column":18}}],"line":385},"62":{"loc":{"start":{"line":392,"column":19},"end":{"line":392,"column":50}},"type":"cond-expr","locations":[{"start":{"line":392,"column":35},"end":{"line":392,"column":42}},{"start":{"line":392,"column":45},"end":{"line":392,"column":50}}],"line":392},"63":{"loc":{"start":{"line":397,"column":6},"end":{"line":405,"column":7}},"type":"if","locations":[{"start":{"line":397,"column":6},"end":{"line":405,"column":7}},{"start":{"line":397,"column":6},"end":{"line":405,"column":7}}],"line":397},"64":{"loc":{"start":{"line":397,"column":10},"end":{"line":397,"column":37}},"type":"binary-expr","locations":[{"start":{"line":397,"column":10},"end":{"line":397,"column":17}},{"start":{"line":397,"column":21},"end":{"line":397,"column":37}}],"line":397},"65":{"loc":{"start":{"line":398,"column":8},"end":{"line":400,"column":9}},"type":"if","locations":[{"start":{"line":398,"column":8},"end":{"line":400,"column":9}},{"start":{"line":398,"column":8},"end":{"line":400,"column":9}}],"line":398},"66":{"loc":{"start":{"line":402,"column":8},"end":{"line":404,"column":9}},"type":"if","locations":[{"start":{"line":402,"column":8},"end":{"line":404,"column":9}},{"start":{"line":402,"column":8},"end":{"line":404,"column":9}}],"line":402},"67":{"loc":{"start":{"line":418,"column":16},"end":{"line":418,"column":26}},"type":"default-arg","locations":[{"start":{"line":418,"column":24},"end":{"line":418,"column":26}}],"line":418},"68":{"loc":{"start":{"line":424,"column":4},"end":{"line":426,"column":5}},"type":"if","locations":[{"start":{"line":424,"column":4},"end":{"line":426,"column":5}},{"start":{"line":424,"column":4},"end":{"line":426,"column":5}}],"line":424},"69":{"loc":{"start":{"line":428,"column":4},"end":{"line":430,"column":5}},"type":"if","locations":[{"start":{"line":428,"column":4},"end":{"line":430,"column":5}},{"start":{"line":428,"column":4},"end":{"line":430,"column":5}}],"line":428},"70":{"loc":{"start":{"line":433,"column":6},"end":{"line":435,"column":7}},"type":"if","locations":[{"start":{"line":433,"column":6},"end":{"line":435,"column":7}},{"start":{"line":433,"column":6},"end":{"line":435,"column":7}}],"line":433},"71":{"loc":{"start":{"line":437,"column":6},"end":{"line":439,"column":7}},"type":"if","locations":[{"start":{"line":437,"column":6},"end":{"line":439,"column":7}},{"start":{"line":437,"column":6},"end":{"line":439,"column":7}}],"line":437},"72":{"loc":{"start":{"line":461,"column":17},"end":{"line":461,"column":47}},"type":"binary-expr","locations":[{"start":{"line":461,"column":17},"end":{"line":461,"column":39}},{"start":{"line":461,"column":43},"end":{"line":461,"column":47}}],"line":461},"73":{"loc":{"start":{"line":489,"column":23},"end":{"line":489,"column":33}},"type":"default-arg","locations":[{"start":{"line":489,"column":31},"end":{"line":489,"column":33}}],"line":489},"74":{"loc":{"start":{"line":490,"column":4},"end":{"line":496,"column":5}},"type":"if","locations":[{"start":{"line":490,"column":4},"end":{"line":496,"column":5}},{"start":{"line":490,"column":4},"end":{"line":496,"column":5}}],"line":490},"75":{"loc":{"start":{"line":491,"column":6},"end":{"line":493,"column":7}},"type":"if","locations":[{"start":{"line":491,"column":6},"end":{"line":493,"column":7}},{"start":{"line":491,"column":6},"end":{"line":493,"column":7}}],"line":491},"76":{"loc":{"start":{"line":504,"column":4},"end":{"line":506,"column":5}},"type":"if","locations":[{"start":{"line":504,"column":4},"end":{"line":506,"column":5}},{"start":{"line":504,"column":4},"end":{"line":506,"column":5}}],"line":504},"77":{"loc":{"start":{"line":520,"column":6},"end":{"line":522,"column":7}},"type":"if","locations":[{"start":{"line":520,"column":6},"end":{"line":522,"column":7}},{"start":{"line":520,"column":6},"end":{"line":522,"column":7}}],"line":520},"78":{"loc":{"start":{"line":535,"column":6},"end":{"line":537,"column":7}},"type":"if","locations":[{"start":{"line":535,"column":6},"end":{"line":537,"column":7}},{"start":{"line":535,"column":6},"end":{"line":537,"column":7}}],"line":535},"79":{"loc":{"start":{"line":539,"column":6},"end":{"line":542,"column":7}},"type":"if","locations":[{"start":{"line":539,"column":6},"end":{"line":542,"column":7}},{"start":{"line":539,"column":6},"end":{"line":542,"column":7}}],"line":539},"80":{"loc":{"start":{"line":563,"column":4},"end":{"line":565,"column":5}},"type":"if","locations":[{"start":{"line":563,"column":4},"end":{"line":565,"column":5}},{"start":{"line":563,"column":4},"end":{"line":565,"column":5}}],"line":563},"81":{"loc":{"start":{"line":576,"column":4},"end":{"line":578,"column":5}},"type":"if","locations":[{"start":{"line":576,"column":4},"end":{"line":578,"column":5}},{"start":{"line":576,"column":4},"end":{"line":578,"column":5}}],"line":576},"82":{"loc":{"start":{"line":580,"column":4},"end":{"line":582,"column":5}},"type":"if","locations":[{"start":{"line":580,"column":4},"end":{"line":582,"column":5}},{"start":{"line":580,"column":4},"end":{"line":582,"column":5}}],"line":580},"83":{"loc":{"start":{"line":592,"column":4},"end":{"line":615,"column":5}},"type":"if","locations":[{"start":{"line":592,"column":4},"end":{"line":615,"column":5}},{"start":{"line":592,"column":4},"end":{"line":615,"column":5}}],"line":592},"84":{"loc":{"start":{"line":593,"column":6},"end":{"line":595,"column":7}},"type":"if","locations":[{"start":{"line":593,"column":6},"end":{"line":595,"column":7}},{"start":{"line":593,"column":6},"end":{"line":595,"column":7}}],"line":593},"85":{"loc":{"start":{"line":593,"column":10},"end":{"line":593,"column":72}},"type":"binary-expr","locations":[{"start":{"line":593,"column":11},"end":{"line":593,"column":26}},{"start":{"line":593,"column":30},"end":{"line":593,"column":48}},{"start":{"line":593,"column":53},"end":{"line":593,"column":72}}],"line":593},"86":{"loc":{"start":{"line":597,"column":6},"end":{"line":599,"column":7}},"type":"if","locations":[{"start":{"line":597,"column":6},"end":{"line":599,"column":7}},{"start":{"line":597,"column":6},"end":{"line":599,"column":7}}],"line":597},"87":{"loc":{"start":{"line":601,"column":6},"end":{"line":614,"column":7}},"type":"if","locations":[{"start":{"line":601,"column":6},"end":{"line":614,"column":7}},{"start":{"line":601,"column":6},"end":{"line":614,"column":7}}],"line":601},"88":{"loc":{"start":{"line":605,"column":8},"end":{"line":613,"column":9}},"type":"if","locations":[{"start":{"line":605,"column":8},"end":{"line":613,"column":9}},{"start":{"line":605,"column":8},"end":{"line":613,"column":9}}],"line":605},"89":{"loc":{"start":{"line":606,"column":10},"end":{"line":608,"column":11}},"type":"if","locations":[{"start":{"line":606,"column":10},"end":{"line":608,"column":11}},{"start":{"line":606,"column":10},"end":{"line":608,"column":11}}],"line":606},"90":{"loc":{"start":{"line":610,"column":10},"end":{"line":612,"column":11}},"type":"if","locations":[{"start":{"line":610,"column":10},"end":{"line":612,"column":11}},{"start":{"line":610,"column":10},"end":{"line":612,"column":11}}],"line":610},"91":{"loc":{"start":{"line":626,"column":17},"end":{"line":626,"column":64}},"type":"binary-expr","locations":[{"start":{"line":626,"column":17},"end":{"line":626,"column":45}},{"start":{"line":626,"column":49},"end":{"line":626,"column":64}}],"line":626},"92":{"loc":{"start":{"line":628,"column":0},"end":{"line":630,"column":1}},"type":"if","locations":[{"start":{"line":628,"column":0},"end":{"line":630,"column":1}},{"start":{"line":628,"column":0},"end":{"line":630,"column":1}}],"line":628},"93":{"loc":{"start":{"line":646,"column":0},"end":{"line":650,"column":1}},"type":"if","locations":[{"start":{"line":646,"column":0},"end":{"line":650,"column":1}},{"start":{"line":646,"column":0},"end":{"line":650,"column":1}}],"line":646},"94":{"loc":{"start":{"line":653,"column":2},"end":{"line":682,"column":3}},"type":"if","locations":[{"start":{"line":653,"column":2},"end":{"line":682,"column":3}},{"start":{"line":653,"column":2},"end":{"line":682,"column":3}}],"line":653},"95":{"loc":{"start":{"line":655,"column":4},"end":{"line":677,"column":5}},"type":"if","locations":[{"start":{"line":655,"column":4},"end":{"line":677,"column":5}},{"start":{"line":655,"column":4},"end":{"line":677,"column":5}}],"line":655},"96":{"loc":{"start":{"line":663,"column":6},"end":{"line":674,"column":7}},"type":"if","locations":[{"start":{"line":663,"column":6},"end":{"line":674,"column":7}},{"start":{"line":663,"column":6},"end":{"line":674,"column":7}}],"line":663},"97":{"loc":{"start":{"line":668,"column":8},"end":{"line":673,"column":9}},"type":"if","locations":[{"start":{"line":668,"column":8},"end":{"line":673,"column":9}},{"start":{"line":668,"column":8},"end":{"line":673,"column":9}}],"line":668}},"s":{"0":3,"1":3,"2":3,"3":119,"4":119,"5":119,"6":119,"7":119,"8":119,"9":21,"10":3,"11":0,"12":0,"13":6,"14":2,"15":110,"16":2,"17":2,"18":2,"19":2,"20":2,"21":2,"22":2,"23":113,"24":0,"25":113,"26":113,"27":3,"28":113,"29":113,"30":113,"31":113,"32":0,"33":113,"34":0,"35":113,"36":0,"37":113,"38":113,"39":113,"40":113,"41":113,"42":113,"43":113,"44":113,"45":113,"46":113,"47":113,"48":113,"49":144,"50":144,"51":144,"52":1,"53":1,"54":1,"55":0,"56":1,"57":1,"58":1,"59":0,"60":1,"61":1,"62":1,"63":1,"64":143,"65":143,"66":143,"67":143,"68":143,"69":143,"70":143,"71":113,"72":2,"73":0,"74":0,"75":0,"76":2,"77":0,"78":113,"79":113,"80":113,"81":2,"82":0,"83":2,"84":2,"85":2,"86":111,"87":110,"88":6,"89":110,"90":110,"91":113,"92":6,"93":113,"94":92,"95":91,"96":0,"97":91,"98":91,"99":92,"100":3,"101":92,"102":92,"103":92,"104":113,"105":21,"106":21,"107":21,"108":0,"109":21,"110":21,"111":21,"112":21,"113":0,"114":21,"115":0,"116":0,"117":0,"118":0,"119":0,"120":0,"121":0,"122":159,"123":0,"124":159,"125":0,"126":22,"127":0,"128":22,"129":0,"130":0,"131":8,"132":8,"133":0,"134":8,"135":6,"136":8,"137":7,"138":18,"139":1,"140":8,"141":2,"142":8,"143":6,"144":22,"145":2,"146":2,"147":2,"148":2,"149":2,"150":2,"151":2,"152":2,"153":0,"154":0,"155":0,"156":0,"157":2,"158":2,"159":2,"160":1,"161":1,"162":1,"163":1,"164":0,"165":1,"166":1,"167":1,"168":1,"169":0,"170":1,"171":0,"172":1,"173":2,"174":4,"175":325,"176":6,"177":0,"178":0,"179":140,"180":140,"181":140,"182":144,"183":120,"184":111,"185":120,"186":24,"187":24,"188":24,"189":24,"190":24,"191":0,"192":0,"193":2,"194":2,"195":2,"196":2,"197":2,"198":0,"199":2,"200":2,"201":2,"202":2,"203":2,"204":2,"205":2,"206":2,"207":2,"208":2,"209":2,"210":2,"211":2,"212":300,"213":143,"214":143,"215":143,"216":135,"217":143,"218":2,"219":2,"220":2,"221":2,"222":2,"223":2,"224":2,"225":157,"226":157,"227":0,"228":157,"229":2,"230":157,"231":13,"232":13,"233":13,"234":6,"235":2,"236":6,"237":4,"238":157,"239":3,"240":3,"241":3,"242":3,"243":6,"244":6,"245":6,"246":3,"247":3,"248":0,"249":3,"250":12,"251":12,"252":6,"253":6,"254":6,"255":6,"256":0,"257":0,"258":0,"259":0,"260":6,"261":6,"262":6},"f":{"0":119,"1":119,"2":119,"3":0,"4":0,"5":6,"6":2,"7":110,"8":2,"9":113,"10":0,"11":21,"12":0,"13":0,"14":0,"15":0,"16":0,"17":159,"18":0,"19":22,"20":0,"21":0,"22":8,"23":18,"24":6,"25":22,"26":2,"27":2,"28":1,"29":1,"30":2,"31":4,"32":325,"33":6,"34":0,"35":0,"36":140,"37":144,"38":2,"39":300,"40":143,"41":2,"42":157,"43":6,"44":0,"45":12},"b":{"0":[110],"1":[119,112],"2":[119,116],"3":[21,98],"4":[0],"5":[2,0],"6":[2,0],"7":[2,2],"8":[2,0],"9":[0,113],"10":[3,110],"11":[113,3],"12":[3,0],"13":[91,22],"14":[0,113],"15":[0,113],"16":[0,113],"17":[113,6,6],"18":[2,111],"19":[1,143],"20":[1,0],"21":[1,1],"22":[0,1],"23":[0,1],"24":[0,1],"25":[1,0],"26":[1,0],"27":[143,0],"28":[143,0],"29":[2,111],"30":[0,0],"31":[0,2],"32":[113,107,107],"33":[2,111],"34":[113,113],"35":[2,0],"36":[110,1],"37":[6,104],"38":[110,0],"39":[6,107],"40":[92,21],"41":[0,91],"42":[3,89],"43":[92,91],"44":[92,0],"45":[92,1,1],"46":[91,22],"47":[0],"48":[0,21],"49":[0,159],"50":[159,152,144,120],"51":[126,26],"52":[0,22],"53":[0,0],"54":[2],"55":[0,8],"56":[6,2],"57":[7,1],"58":[8,3],"59":[12,6],"60":[2,6],"61":[1],"62":[0,2],"63":[0,2],"64":[2,2],"65":[0,0],"66":[0,0],"67":[0],"68":[0,1],"69":[1,0],"70":[0,1],"71":[0,1],"72":[325,0],"73":[0],"74":[120,24],"75":[111,9],"76":[24,0],"77":[0,2],"78":[2,0],"79":[2,0],"80":[135,8],"81":[2,0],"82":[2,0],"83":[157,0],"84":[0,157],"85":[157,66,93],"86":[2,155],"87":[13,144],"88":[6,7],"89":[2,4],"90":[4,2],"91":[3,3],"92":[3,0],"93":[3,0],"94":[12,0],"95":[6,6],"96":[6,0],"97":[0,0]},"_coverageSchema":"1a1c01bbd47fc00a2c39e90264f33305004495a9","hash":"78fcf63d20800a54b5033164513037477a001cb9"}
,"/Users/noah/projects/schmackbone/lib/config.js": {"path":"/Users/noah/projects/schmackbone/lib/config.js","statementMap":{"0":{"start":{"line":3,"column":16},"end":{"line":3,"column":24}},"1":{"start":{"line":9,"column":2},"end":{"line":9,"column":19}},"2":{"start":{"line":13,"column":2},"end":{"line":13,"column":25}}},"fnMap":{"0":{"name":"getAjaxPrefilter","decl":{"start":{"line":8,"column":16},"end":{"line":8,"column":32}},"loc":{"start":{"line":8,"column":35},"end":{"line":10,"column":1}},"line":8},"1":{"name":"setAjaxPrefilter","decl":{"start":{"line":12,"column":16},"end":{"line":12,"column":32}},"loc":{"start":{"line":12,"column":45},"end":{"line":14,"column":1}},"line":12}},"branchMap":{},"s":{"0":5,"1":51,"2":2},"f":{"0":51,"1":2},"b":{},"_coverageSchema":"1a1c01bbd47fc00a2c39e90264f33305004495a9","hash":"46c30af1f841f66b5569777b83b55a906418d143"}
,"/Users/noah/projects/schmackbone/lib/events.js": {"path":"/Users/noah/projects/schmackbone/lib/events.js","statementMap":{"0":{"start":{"line":18,"column":20},"end":{"line":18,"column":25}},"1":{"start":{"line":26,"column":16},"end":{"line":50,"column":1}},"2":{"start":{"line":27,"column":10},"end":{"line":27,"column":11}},"3":{"start":{"line":30,"column":2},"end":{"line":47,"column":3}},"4":{"start":{"line":32,"column":4},"end":{"line":34,"column":5}},"5":{"start":{"line":33,"column":6},"end":{"line":33,"column":30}},"6":{"start":{"line":36,"column":4},"end":{"line":38,"column":5}},"7":{"start":{"line":37,"column":6},"end":{"line":37,"column":75}},"8":{"start":{"line":39,"column":9},"end":{"line":47,"column":3}},"9":{"start":{"line":41,"column":4},"end":{"line":43,"column":5}},"10":{"start":{"line":42,"column":6},"end":{"line":42,"column":58}},"11":{"start":{"line":46,"column":4},"end":{"line":46,"column":52}},"12":{"start":{"line":49,"column":2},"end":{"line":49,"column":16}},"13":{"start":{"line":53,"column":12},"end":{"line":68,"column":1}},"14":{"start":{"line":54,"column":2},"end":{"line":65,"column":3}},"15":{"start":{"line":55,"column":19},"end":{"line":55,"column":54}},"16":{"start":{"line":56,"column":18},"end":{"line":56,"column":33}},"17":{"start":{"line":57,"column":14},"end":{"line":57,"column":25}},"18":{"start":{"line":58,"column":20},"end":{"line":58,"column":37}},"19":{"start":{"line":60,"column":4},"end":{"line":62,"column":5}},"20":{"start":{"line":61,"column":6},"end":{"line":61,"column":24}},"21":{"start":{"line":64,"column":4},"end":{"line":64,"column":71}},"22":{"start":{"line":67,"column":2},"end":{"line":67,"column":16}},"23":{"start":{"line":72,"column":17},"end":{"line":78,"column":1}},"24":{"start":{"line":73,"column":2},"end":{"line":77,"column":3}},"25":{"start":{"line":74,"column":4},"end":{"line":74,"column":36}},"26":{"start":{"line":76,"column":4},"end":{"line":76,"column":15}},"27":{"start":{"line":81,"column":13},"end":{"line":138,"column":1}},"28":{"start":{"line":82,"column":29},"end":{"line":82,"column":36}},"29":{"start":{"line":83,"column":10},"end":{"line":83,"column":11}},"30":{"start":{"line":86,"column":2},"end":{"line":88,"column":3}},"31":{"start":{"line":87,"column":4},"end":{"line":87,"column":11}},"32":{"start":{"line":91,"column":2},"end":{"line":97,"column":3}},"33":{"start":{"line":92,"column":4},"end":{"line":94,"column":5}},"34":{"start":{"line":93,"column":6},"end":{"line":93,"column":36}},"35":{"start":{"line":96,"column":4},"end":{"line":96,"column":11}},"36":{"start":{"line":99,"column":2},"end":{"line":99,"column":46}},"37":{"start":{"line":101,"column":2},"end":{"line":135,"column":3}},"38":{"start":{"line":104,"column":4},"end":{"line":104,"column":20}},"39":{"start":{"line":105,"column":4},"end":{"line":105,"column":28}},"40":{"start":{"line":108,"column":4},"end":{"line":110,"column":5}},"41":{"start":{"line":109,"column":6},"end":{"line":109,"column":12}},"42":{"start":{"line":113,"column":20},"end":{"line":113,"column":22}},"43":{"start":{"line":115,"column":4},"end":{"line":127,"column":5}},"44":{"start":{"line":115,"column":17},"end":{"line":115,"column":18}},"45":{"start":{"line":116,"column":20},"end":{"line":116,"column":31}},"46":{"start":{"line":118,"column":6},"end":{"line":126,"column":7}},"47":{"start":{"line":123,"column":8},"end":{"line":123,"column":32}},"48":{"start":{"line":124,"column":13},"end":{"line":126,"column":7}},"49":{"start":{"line":125,"column":8},"end":{"line":125,"column":46}},"50":{"start":{"line":130,"column":4},"end":{"line":134,"column":5}},"51":{"start":{"line":131,"column":6},"end":{"line":131,"column":31}},"52":{"start":{"line":133,"column":6},"end":{"line":133,"column":26}},"53":{"start":{"line":137,"column":2},"end":{"line":137,"column":16}},"54":{"start":{"line":142,"column":14},"end":{"line":153,"column":1}},"55":{"start":{"line":143,"column":2},"end":{"line":150,"column":3}},"56":{"start":{"line":144,"column":16},"end":{"line":147,"column":6}},"57":{"start":{"line":145,"column":6},"end":{"line":145,"column":25}},"58":{"start":{"line":146,"column":6},"end":{"line":146,"column":38}},"59":{"start":{"line":149,"column":4},"end":{"line":149,"column":31}},"60":{"start":{"line":152,"column":2},"end":{"line":152,"column":13}},"61":{"start":{"line":162,"column":2},"end":{"line":177,"column":3}},"62":{"start":{"line":163,"column":17},"end":{"line":163,"column":32}},"63":{"start":{"line":164,"column":20},"end":{"line":164,"column":33}},"64":{"start":{"line":166,"column":4},"end":{"line":168,"column":5}},"65":{"start":{"line":167,"column":6},"end":{"line":167,"column":36}},"66":{"start":{"line":170,"column":4},"end":{"line":172,"column":5}},"67":{"start":{"line":171,"column":6},"end":{"line":171,"column":34}},"68":{"start":{"line":174,"column":4},"end":{"line":176,"column":5}},"69":{"start":{"line":175,"column":6},"end":{"line":175,"column":52}},"70":{"start":{"line":179,"column":2},"end":{"line":179,"column":19}},"71":{"start":{"line":187,"column":10},"end":{"line":187,"column":12}},"72":{"start":{"line":188,"column":12},"end":{"line":188,"column":25}},"73":{"start":{"line":189,"column":21},"end":{"line":189,"column":25}},"74":{"start":{"line":192,"column":2},"end":{"line":198,"column":3}},"75":{"start":{"line":193,"column":12},"end":{"line":193,"column":69}},"76":{"start":{"line":193,"column":30},"end":{"line":193,"column":69}},"77":{"start":{"line":193,"column":70},"end":{"line":193,"column":77}},"78":{"start":{"line":194,"column":12},"end":{"line":194,"column":73}},"79":{"start":{"line":194,"column":30},"end":{"line":194,"column":73}},"80":{"start":{"line":194,"column":74},"end":{"line":194,"column":81}},"81":{"start":{"line":195,"column":12},"end":{"line":195,"column":77}},"82":{"start":{"line":195,"column":30},"end":{"line":195,"column":77}},"83":{"start":{"line":195,"column":78},"end":{"line":195,"column":85}},"84":{"start":{"line":196,"column":12},"end":{"line":196,"column":81}},"85":{"start":{"line":196,"column":30},"end":{"line":196,"column":81}},"86":{"start":{"line":196,"column":82},"end":{"line":196,"column":89}},"87":{"start":{"line":197,"column":13},"end":{"line":197,"column":77}},"88":{"start":{"line":197,"column":31},"end":{"line":197,"column":77}},"89":{"start":{"line":197,"column":78},"end":{"line":197,"column":85}},"90":{"start":{"line":206,"column":4},"end":{"line":206,"column":33}},"91":{"start":{"line":207,"column":4},"end":{"line":207,"column":29}},"92":{"start":{"line":208,"column":4},"end":{"line":208,"column":19}},"93":{"start":{"line":209,"column":4},"end":{"line":209,"column":24}},"94":{"start":{"line":210,"column":4},"end":{"line":210,"column":19}},"95":{"start":{"line":211,"column":4},"end":{"line":211,"column":29}},"96":{"start":{"line":221,"column":4},"end":{"line":230,"column":5}},"97":{"start":{"line":222,"column":6},"end":{"line":225,"column":9}},"98":{"start":{"line":226,"column":6},"end":{"line":226,"column":30}},"99":{"start":{"line":228,"column":6},"end":{"line":228,"column":19}},"100":{"start":{"line":229,"column":6},"end":{"line":229,"column":33}},"101":{"start":{"line":232,"column":4},"end":{"line":234,"column":5}},"102":{"start":{"line":233,"column":6},"end":{"line":233,"column":21}},"103":{"start":{"line":239,"column":4},"end":{"line":239,"column":58}},"104":{"start":{"line":241,"column":4},"end":{"line":243,"column":5}},"105":{"start":{"line":242,"column":6},"end":{"line":242,"column":42}},"106":{"start":{"line":247,"column":15},"end":{"line":388,"column":1}},"107":{"start":{"line":249,"column":4},"end":{"line":251,"column":5}},"108":{"start":{"line":250,"column":6},"end":{"line":250,"column":18}},"109":{"start":{"line":253,"column":4},"end":{"line":253,"column":63}},"110":{"start":{"line":255,"column":4},"end":{"line":255,"column":16}},"111":{"start":{"line":261,"column":4},"end":{"line":265,"column":7}},"112":{"start":{"line":267,"column":4},"end":{"line":274,"column":5}},"113":{"start":{"line":268,"column":22},"end":{"line":268,"column":63}},"114":{"start":{"line":270,"column":6},"end":{"line":270,"column":44}},"115":{"start":{"line":273,"column":6},"end":{"line":273,"column":33}},"116":{"start":{"line":276,"column":4},"end":{"line":276,"column":16}},"117":{"start":{"line":284,"column":4},"end":{"line":286,"column":5}},"118":{"start":{"line":285,"column":6},"end":{"line":285,"column":18}},"119":{"start":{"line":288,"column":4},"end":{"line":291,"column":7}},"120":{"start":{"line":293,"column":4},"end":{"line":293,"column":16}},"121":{"start":{"line":299,"column":17},"end":{"line":299,"column":91}},"122":{"start":{"line":301,"column":4},"end":{"line":301,"column":38}},"123":{"start":{"line":308,"column":4},"end":{"line":310,"column":5}},"124":{"start":{"line":309,"column":6},"end":{"line":309,"column":18}},"125":{"start":{"line":312,"column":13},"end":{"line":312,"column":61}},"126":{"start":{"line":313,"column":22},"end":{"line":313,"column":67}},"127":{"start":{"line":314,"column":20},"end":{"line":314,"column":48}},"128":{"start":{"line":318,"column":4},"end":{"line":321,"column":5}},"129":{"start":{"line":319,"column":6},"end":{"line":319,"column":57}},"130":{"start":{"line":320,"column":6},"end":{"line":320,"column":74}},"131":{"start":{"line":324,"column":16},"end":{"line":324,"column":53}},"132":{"start":{"line":326,"column":4},"end":{"line":326,"column":27}},"133":{"start":{"line":328,"column":4},"end":{"line":330,"column":5}},"134":{"start":{"line":329,"column":6},"end":{"line":329,"column":18}},"135":{"start":{"line":333,"column":4},"end":{"line":335,"column":5}},"136":{"start":{"line":334,"column":6},"end":{"line":334,"column":35}},"137":{"start":{"line":337,"column":4},"end":{"line":337,"column":16}},"138":{"start":{"line":346,"column":17},"end":{"line":346,"column":76}},"139":{"start":{"line":348,"column":4},"end":{"line":350,"column":5}},"140":{"start":{"line":349,"column":6},"end":{"line":349,"column":27}},"141":{"start":{"line":352,"column":4},"end":{"line":352,"column":46}},"142":{"start":{"line":358,"column":22},"end":{"line":358,"column":39}},"143":{"start":{"line":360,"column":4},"end":{"line":362,"column":5}},"144":{"start":{"line":361,"column":6},"end":{"line":361,"column":18}},"145":{"start":{"line":364,"column":14},"end":{"line":364,"column":62}},"146":{"start":{"line":366,"column":4},"end":{"line":380,"column":5}},"147":{"start":{"line":366,"column":17},"end":{"line":366,"column":18}},"148":{"start":{"line":367,"column":22},"end":{"line":367,"column":41}},"149":{"start":{"line":371,"column":6},"end":{"line":373,"column":7}},"150":{"start":{"line":372,"column":8},"end":{"line":372,"column":14}},"151":{"start":{"line":375,"column":6},"end":{"line":375,"column":46}},"152":{"start":{"line":377,"column":6},"end":{"line":379,"column":7}},"153":{"start":{"line":378,"column":8},"end":{"line":378,"column":38}},"154":{"start":{"line":382,"column":4},"end":{"line":384,"column":5}},"155":{"start":{"line":383,"column":6},"end":{"line":383,"column":36}},"156":{"start":{"line":386,"column":4},"end":{"line":386,"column":16}},"157":{"start":{"line":392,"column":0},"end":{"line":392,"column":35}}},"fnMap":{"0":{"name":"(anonymous_0)","decl":{"start":{"line":26,"column":16},"end":{"line":26,"column":17}},"loc":{"start":{"line":26,"column":65},"end":{"line":50,"column":1}},"line":26},"1":{"name":"(anonymous_1)","decl":{"start":{"line":53,"column":12},"end":{"line":53,"column":13}},"loc":{"start":{"line":53,"column":54},"end":{"line":68,"column":1}},"line":53},"2":{"name":"(anonymous_2)","decl":{"start":{"line":72,"column":17},"end":{"line":72,"column":18}},"loc":{"start":{"line":72,"column":56},"end":{"line":78,"column":1}},"line":72},"3":{"name":"(anonymous_3)","decl":{"start":{"line":81,"column":13},"end":{"line":81,"column":14}},"loc":{"start":{"line":81,"column":55},"end":{"line":138,"column":1}},"line":81},"4":{"name":"(anonymous_4)","decl":{"start":{"line":142,"column":14},"end":{"line":142,"column":15}},"loc":{"start":{"line":142,"column":51},"end":{"line":153,"column":1}},"line":142},"5":{"name":"(anonymous_5)","decl":{"start":{"line":144,"column":33},"end":{"line":144,"column":34}},"loc":{"start":{"line":144,"column":44},"end":{"line":147,"column":5}},"line":144},"6":{"name":"triggerApi","decl":{"start":{"line":161,"column":9},"end":{"line":161,"column":19}},"loc":{"start":{"line":161,"column":53},"end":{"line":180,"column":1}},"line":161},"7":{"name":"triggerEvents","decl":{"start":{"line":185,"column":9},"end":{"line":185,"column":22}},"loc":{"start":{"line":185,"column":37},"end":{"line":200,"column":1}},"line":185},"8":{"name":"(anonymous_8)","decl":{"start":{"line":205,"column":2},"end":{"line":205,"column":3}},"loc":{"start":{"line":205,"column":29},"end":{"line":212,"column":3}},"line":205},"9":{"name":"(anonymous_9)","decl":{"start":{"line":218,"column":2},"end":{"line":218,"column":3}},"loc":{"start":{"line":218,"column":22},"end":{"line":235,"column":3}},"line":218},"10":{"name":"(anonymous_10)","decl":{"start":{"line":238,"column":2},"end":{"line":238,"column":3}},"loc":{"start":{"line":238,"column":12},"end":{"line":244,"column":3}},"line":238},"11":{"name":"(anonymous_11)","decl":{"start":{"line":248,"column":2},"end":{"line":248,"column":3}},"loc":{"start":{"line":248,"column":25},"end":{"line":256,"column":3}},"line":248},"12":{"name":"(anonymous_12)","decl":{"start":{"line":260,"column":2},"end":{"line":260,"column":3}},"loc":{"start":{"line":260,"column":30},"end":{"line":277,"column":3}},"line":260},"13":{"name":"(anonymous_13)","decl":{"start":{"line":283,"column":2},"end":{"line":283,"column":3}},"loc":{"start":{"line":283,"column":31},"end":{"line":294,"column":3}},"line":283},"14":{"name":"(anonymous_14)","decl":{"start":{"line":297,"column":2},"end":{"line":297,"column":3}},"loc":{"start":{"line":297,"column":36},"end":{"line":302,"column":3}},"line":297},"15":{"name":"(anonymous_15)","decl":{"start":{"line":307,"column":2},"end":{"line":307,"column":3}},"loc":{"start":{"line":307,"column":32},"end":{"line":338,"column":3}},"line":307},"16":{"name":"(anonymous_16)","decl":{"start":{"line":344,"column":2},"end":{"line":344,"column":3}},"loc":{"start":{"line":344,"column":32},"end":{"line":353,"column":3}},"line":344},"17":{"name":"(anonymous_17)","decl":{"start":{"line":357,"column":2},"end":{"line":357,"column":3}},"loc":{"start":{"line":357,"column":37},"end":{"line":387,"column":3}},"line":357}},"branchMap":{"0":{"loc":{"start":{"line":30,"column":2},"end":{"line":47,"column":3}},"type":"if","locations":[{"start":{"line":30,"column":2},"end":{"line":47,"column":3}},{"start":{"line":30,"column":2},"end":{"line":47,"column":3}}],"line":30},"1":{"loc":{"start":{"line":30,"column":6},"end":{"line":30,"column":38}},"type":"binary-expr","locations":[{"start":{"line":30,"column":6},"end":{"line":30,"column":10}},{"start":{"line":30,"column":14},"end":{"line":30,"column":38}}],"line":30},"2":{"loc":{"start":{"line":32,"column":4},"end":{"line":34,"column":5}},"type":"if","locations":[{"start":{"line":32,"column":4},"end":{"line":34,"column":5}},{"start":{"line":32,"column":4},"end":{"line":34,"column":5}}],"line":32},"3":{"loc":{"start":{"line":32,"column":8},"end":{"line":32,"column":81}},"type":"binary-expr","locations":[{"start":{"line":32,"column":8},"end":{"line":32,"column":30}},{"start":{"line":32,"column":34},"end":{"line":32,"column":51}},{"start":{"line":32,"column":55},"end":{"line":32,"column":81}}],"line":32},"4":{"loc":{"start":{"line":39,"column":9},"end":{"line":47,"column":3}},"type":"if","locations":[{"start":{"line":39,"column":9},"end":{"line":47,"column":3}},{"start":{"line":39,"column":9},"end":{"line":47,"column":3}}],"line":39},"5":{"loc":{"start":{"line":39,"column":13},"end":{"line":39,"column":45}},"type":"binary-expr","locations":[{"start":{"line":39,"column":13},"end":{"line":39,"column":17}},{"start":{"line":39,"column":21},"end":{"line":39,"column":45}}],"line":39},"6":{"loc":{"start":{"line":54,"column":2},"end":{"line":65,"column":3}},"type":"if","locations":[{"start":{"line":54,"column":2},"end":{"line":65,"column":3}},{"start":{"line":54,"column":2},"end":{"line":65,"column":3}}],"line":54},"7":{"loc":{"start":{"line":55,"column":19},"end":{"line":55,"column":54}},"type":"binary-expr","locations":[{"start":{"line":55,"column":19},"end":{"line":55,"column":31}},{"start":{"line":55,"column":36},"end":{"line":55,"column":53}}],"line":55},"8":{"loc":{"start":{"line":60,"column":4},"end":{"line":62,"column":5}},"type":"if","locat
[...]
,"/Users/noah/projects/schmackbone/lib/router.js": {"path":"/Users/noah/projects/schmackbone/lib/router.js","statementMap":{"0":{"start":{"line":11,"column":22},"end":{"line":11,"column":34}},"1":{"start":{"line":12,"column":19},"end":{"line":12,"column":33}},"2":{"start":{"line":13,"column":19},"end":{"line":13,"column":27}},"3":{"start":{"line":14,"column":21},"end":{"line":14,"column":44}},"4":{"start":{"line":20,"column":4},"end":{"line":20,"column":37}},"5":{"start":{"line":22,"column":4},"end":{"line":24,"column":5}},"6":{"start":{"line":23,"column":6},"end":{"line":23,"column":35}},"7":{"start":{"line":26,"column":4},"end":{"line":26,"column":23}},"8":{"start":{"line":27,"column":4},"end":{"line":27,"column":34}},"9":{"start":{"line":45,"column":17},"end":{"line":45,"column":21}},"10":{"start":{"line":47,"column":4},"end":{"line":49,"column":5}},"11":{"start":{"line":48,"column":6},"end":{"line":48,"column":41}},"12":{"start":{"line":51,"column":4},"end":{"line":54,"column":5}},"13":{"start":{"line":52,"column":6},"end":{"line":52,"column":22}},"14":{"start":{"line":53,"column":6},"end":{"line":53,"column":16}},"15":{"start":{"line":56,"column":4},"end":{"line":58,"column":5}},"16":{"start":{"line":57,"column":6},"end":{"line":57,"column":28}},"17":{"start":{"line":60,"column":4},"end":{"line":68,"column":7}},"18":{"start":{"line":61,"column":17},"end":{"line":61,"column":59}},"19":{"start":{"line":63,"column":6},"end":{"line":67,"column":7}},"20":{"start":{"line":64,"column":8},"end":{"line":64,"column":58}},"21":{"start":{"line":65,"column":8},"end":{"line":65,"column":44}},"22":{"start":{"line":66,"column":8},"end":{"line":66,"column":53}},"23":{"start":{"line":70,"column":4},"end":{"line":70,"column":16}},"24":{"start":{"line":76,"column":4},"end":{"line":78,"column":5}},"25":{"start":{"line":77,"column":6},"end":{"line":77,"column":33}},"26":{"start":{"line":83,"column":4},"end":{"line":83,"column":40}},"27":{"start":{"line":85,"column":4},"end":{"line":85,"column":16}},"28":{"start":{"line":95,"column":4},"end":{"line":97,"column":5}},"29":{"start":{"line":96,"column":6},"end":{"line":96,"column":13}},"30":{"start":{"line":99,"column":4},"end":{"line":99,"column":41}},"31":{"start":{"line":101,"column":4},"end":{"line":101,"column":38}},"32":{"start":{"line":103,"column":4},"end":{"line":105,"column":5}},"33":{"start":{"line":104,"column":6},"end":{"line":104,"column":44}},"34":{"start":{"line":111,"column":4},"end":{"line":114,"column":41}},"35":{"start":{"line":113,"column":50},"end":{"line":113,"column":79}},"36":{"start":{"line":116,"column":4},"end":{"line":116,"column":60}},"37":{"start":{"line":123,"column":17},"end":{"line":123,"column":46}},"38":{"start":{"line":125,"column":4},"end":{"line":132,"column":7}},"39":{"start":{"line":127,"column":6},"end":{"line":129,"column":7}},"40":{"start":{"line":128,"column":8},"end":{"line":128,"column":29}},"41":{"start":{"line":131,"column":6},"end":{"line":131,"column":54}},"42":{"start":{"line":137,"column":0},"end":{"line":137,"column":40}}},"fnMap":{"0":{"name":"(anonymous_0)","decl":{"start":{"line":19,"column":2},"end":{"line":19,"column":3}},"loc":{"start":{"line":19,"column":26},"end":{"line":28,"column":3}},"line":19},"1":{"name":"(anonymous_1)","decl":{"start":{"line":32,"column":2},"end":{"line":32,"column":3}},"loc":{"start":{"line":32,"column":18},"end":{"line":32,"column":20}},"line":32},"2":{"name":"(anonymous_2)","decl":{"start":{"line":36,"column":2},"end":{"line":36,"column":3}},"loc":{"start":{"line":36,"column":15},"end":{"line":36,"column":17}},"line":36},"3":{"name":"(anonymous_3)","decl":{"start":{"line":44,"column":2},"end":{"line":44,"column":3}},"loc":{"start":{"line":44,"column":31},"end":{"line":71,"column":3}},"line":44},"4":{"name":"(anonymous_4)","decl":{"start":{"line":60,"column":25},"end":{"line":60,"column":26}},"loc":{"start":{"line":60,"column":39},"end":{"line":68,"column":5}},"line":60},"5":{"name":"(anonymous_5)","decl":{"start":{"line":75,"column":2},"end":{"line":75,"column":3}},"loc":{"start":{"line":75,"column":32},"end":{"line":79,"column":3}},"line":75},"6":{"name":"(anonymous_6)","decl":{"start":{"line":82,"column":2},"end":{"line":82,"column":3}},"loc":{"start":{"line":82,"column":30},"end":{"line":86,"column":3}},"line":82},"7":{"name":"(anonymous_7)","decl":{"start":{"line":91,"column":2},"end":{"line":91,"column":3}},"loc":{"start":{"line":91,"column":16},"end":{"line":106,"column":3}},"line":91},"8":{"name":"(anonymous_8)","decl":{"start":{"line":110,"column":2},"end":{"line":110,"column":3}},"loc":{"start":{"line":110,"column":24},"end":{"line":117,"column":3}},"line":110},"9":{"name":"(anonymous_9)","decl":{"start":{"line":113,"column":29},"end":{"line":113,"column":30}},"loc":{"start":{"line":113,"column":50},"end":{"line":113,"column":79}},"line":113},"10":{"name":"(anonymous_10)","decl":{"start":{"line":122,"column":2},"end":{"line":122,"column":3}},"loc":{"start":{"line":122,"column":38},"end":{"line":133,"column":3}},"line":122},"11":{"name":"(anonymous_11)","decl":{"start":{"line":125,"column":22},"end":{"line":125,"column":23}},"loc":{"start":{"line":125,"column":36},"end":{"line":132,"column":5}},"line":125}},"branchMap":{"0":{"loc":{"start":{"line":19,"column":14},"end":{"line":19,"column":24}},"type":"default-arg","locations":[{"start":{"line":19,"column":22},"end":{"line":19,"column":24}}],"line":19},"1":{"loc":{"start":{"line":22,"column":4},"end":{"line":24,"column":5}},"type":"if","locations":[{"start":{"line":22,"column":4},"end":{"line":24,"column":5}},{"start":{"line":22,"column":4},"end":{"line":24,"column":5}}],"line":22},"2":{"loc":{"start":{"line":47,"column":4},"end":{"line":49,"column":5}},"type":"if","locations":[{"start":{"line":47,"column":4},"end":{"line":49,"column":5}},{"start":{"line":47,"column":4},"end":{"line":49,"column":5}}],"line":47},"3":{"loc":{"start":{"line":51,"column":4},"end":{"line":54,"column":5}},"type":"if","locations":[{"start":{"line":51,"column":4},"end":{"line":54,"column":5}},{"start":{"line":51,"column":4},"end":{"line":54,"column":5}}],"line":51},"4":{"loc":{"start":{"line":56,"column":4},"end":{"line":58,"column":5}},"type":"if","locations":[{"start":{"line":56,"column":4},"end":{"line":58,"column":5}},{"start":{"line":56,"column":4},"end":{"line":58,"column":5}}],"line":56},"5":{"loc":{"start":{"line":63,"column":6},"end":{"line":67,"column":7}},"type":"if","locations":[{"start":{"line":63,"column":6},"end":{"line":67,"column":7}},{"start":{"line":63,"column":6},"end":{"line":67,"column":7}}],"line":63},"6":{"loc":{"start":{"line":76,"column":4},"end":{"line":78,"column":5}},"type":"if","locations":[{"start":{"line":76,"column":4},"end":{"line":78,"column":5}},{"start":{"line":76,"column":4},"end":{"line":78,"column":5}}],"line":76},"7":{"loc":{"start":{"line":95,"column":4},"end":{"line":97,"column":5}},"type":"if","locations":[{"start":{"line":95,"column":4},"end":{"line":97,"column":5}},{"start":{"line":95,"column":4},"end":{"line":97,"column":5}}],"line":95},"8":{"loc":{"start":{"line":113,"column":50},"end":{"line":113,"column":79}},"type":"cond-expr","locations":[{"start":{"line":113,"column":61},"end":{"line":113,"column":66}},{"start":{"line":113,"column":69},"end":{"line":113,"column":79}}],"line":113},"9":{"loc":{"start":{"line":127,"column":6},"end":{"line":129,"column":7}},"type":"if","locations":[{"start":{"line":127,"column":6},"end":{"line":129,"column":7}},{"start":{"line":127,"column":6},"end":{"line":129,"column":7}}],"line":127},"10":{"loc":{"start":{"line":128,"column":15},"end":{"line":128,"column":28}},"type":"binary-expr","locations":[{"start":{"line":128,"column":15},"end":{"line":128,"column":20}},{"start":{"line":128,"column":24},"end":{"line":128,"column":28}}],"line":128},"11":{"loc":{"start":{"line":131,"column":13},"end":{"line":131,"column":53}},"type":"cond-expr","locations":[{"start":{"line":131,"column":21},"end":{"line":131,"column":46}},{"start":{"line":131,"column":49},"end":{"line":131,"column":53}}],"line":131}},"s":{"0":1,"1":1,"2":1,"3":1,"4":3,"5":3,"6":0,"7":3,"8":3,"9":60,"10":60,"11":60,"12":60,"13":3,"14":3,"15":60,"16":57,"17":60,"18":4,"19":4,"20":4,"21":4,"22":4,"23":60,"24":4,"25":4,"26":0,"27":0,"28":3,"29":0,"30":3,"31":3,"32":3,"33":57,"34":60,"35":36,"36":60,"37":4,"38":4,"39":8,"40":4,"41":4,"42":1},"f":{"0":3,"1":0,"2":0,"3":60,"4":4,"5":4,"6":0,"7":3,"8":60,"9":36,"10":4,"11":8},"b":{"0":[0],"1":[0,3],"2":[60,0],"3":[3,57],"4":[57,3],"5":[4,0],"6":[4,0],"7":[0,3],"8":[3,33],"9":[4,4],"10":[4,4],"11":[1,3]},"_coverageSchema":"1a1c01bbd47fc00a2c39e90264f33305004495a9","hash":"b1c46b71ee76d2f66d17356ba41d55833d688f6e"}
,"/Users/noah/projects/schmackbone/lib/sync.js": {"path":"/Users/noah/projects/schmackbone/lib/sync.js","statementMap":{"0":{"start":{"line":20,"column":16},"end":{"line":26,"column":1}},"1":{"start":{"line":29,"column":13},"end":{"line":29,"column":30}},"2":{"start":{"line":31,"column":15},"end":{"line":31,"column":39}},"3":{"start":{"line":41,"column":2},"end":{"line":41,"column":24}},"4":{"start":{"line":44,"column":2},"end":{"line":46,"column":3}},"5":{"start":{"line":45,"column":4},"end":{"line":45,"column":52}},"6":{"start":{"line":49,"column":2},"end":{"line":52,"column":3}},"7":{"start":{"line":50,"column":4},"end":{"line":50,"column":44}},"8":{"start":{"line":51,"column":4},"end":{"line":51,"column":73}},"9":{"start":{"line":55,"column":2},"end":{"line":57,"column":3}},"10":{"start":{"line":56,"column":4},"end":{"line":56,"column":31}},"11":{"start":{"line":60,"column":2},"end":{"line":60,"column":52}},"12":{"start":{"line":62,"column":2},"end":{"line":62,"column":48}},"13":{"start":{"line":64,"column":2},"end":{"line":64,"column":13}},"14":{"start":{"line":67,"column":23},"end":{"line":67,"column":41}},"15":{"start":{"line":68,"column":26},"end":{"line":68,"column":76}},"16":{"start":{"line":82,"column":16},"end":{"line":82,"column":36}},"17":{"start":{"line":83,"column":23},"end":{"line":83,"column":70}},"18":{"start":{"line":85,"column":2},"end":{"line":87,"column":3}},"19":{"start":{"line":86,"column":4},"end":{"line":86,"column":89}},"20":{"start":{"line":89,"column":2},"end":{"line":89,"column":40}},"21":{"start":{"line":91,"column":2},"end":{"line":129,"column":42}},"22":{"start":{"line":123,"column":4},"end":{"line":123,"column":34}},"23":{"start":{"line":127,"column":4},"end":{"line":128,"column":81}},"24":{"start":{"line":127,"column":35},"end":{"line":127,"column":37}},"25":{"start":{"line":128,"column":24},"end":{"line":128,"column":79}}},"fnMap":{"0":{"name":"(anonymous_0)","decl":{"start":{"line":28,"column":15},"end":{"line":28,"column":16}},"loc":{"start":{"line":28,"column":51},"end":{"line":65,"column":1}},"line":28},"1":{"name":"ajax","decl":{"start":{"line":81,"column":16},"end":{"line":81,"column":20}},"loc":{"start":{"line":81,"column":30},"end":{"line":130,"column":1}},"line":81},"2":{"name":"(anonymous_2)","decl":{"start":{"line":116,"column":9},"end":{"line":116,"column":10}},"loc":{"start":{"line":116,"column":18},"end":{"line":129,"column":3}},"line":116},"3":{"name":"(anonymous_3)","decl":{"start":{"line":127,"column":28},"end":{"line":127,"column":29}},"loc":{"start":{"line":127,"column":35},"end":{"line":127,"column":37}},"line":127},"4":{"name":"(anonymous_4)","decl":{"start":{"line":128,"column":14},"end":{"line":128,"column":15}},"loc":{"start":{"line":128,"column":24},"end":{"line":128,"column":79}},"line":128}},"branchMap":{"0":{"loc":{"start":{"line":28,"column":39},"end":{"line":28,"column":49}},"type":"default-arg","locations":[{"start":{"line":28,"column":47},"end":{"line":28,"column":49}}],"line":28},"1":{"loc":{"start":{"line":44,"column":2},"end":{"line":46,"column":3}},"type":"if","locations":[{"start":{"line":44,"column":2},"end":{"line":46,"column":3}},{"start":{"line":44,"column":2},"end":{"line":46,"column":3}}],"line":44},"2":{"loc":{"start":{"line":45,"column":17},"end":{"line":45,"column":51}},"type":"binary-expr","locations":[{"start":{"line":45,"column":17},"end":{"line":45,"column":37}},{"start":{"line":45,"column":41},"end":{"line":45,"column":51}}],"line":45},"3":{"loc":{"start":{"line":49,"column":2},"end":{"line":52,"column":3}},"type":"if","locations":[{"start":{"line":49,"column":2},"end":{"line":52,"column":3}},{"start":{"line":49,"column":2},"end":{"line":52,"column":3}}],"line":49},"4":{"loc":{"start":{"line":49,"column":6},"end":{"line":49,"column":78}},"type":"binary-expr","locations":[{"start":{"line":49,"column":6},"end":{"line":49,"column":19}},{"start":{"line":49,"column":23},"end":{"line":49,"column":28}},{"start":{"line":49,"column":32},"end":{"line":49,"column":78}}],"line":49},"5":{"loc":{"start":{"line":51,"column":33},"end":{"line":51,"column":71}},"type":"binary-expr","locations":[{"start":{"line":51,"column":33},"end":{"line":51,"column":46}},{"start":{"line":51,"column":50},"end":{"line":51,"column":71}}],"line":51},"6":{"loc":{"start":{"line":55,"column":2},"end":{"line":57,"column":3}},"type":"if","locations":[{"start":{"line":55,"column":2},"end":{"line":57,"column":3}},{"start":{"line":55,"column":2},"end":{"line":57,"column":3}}],"line":55},"7":{"loc":{"start":{"line":83,"column":23},"end":{"line":83,"column":70}},"type":"binary-expr","locations":[{"start":{"line":83,"column":23},"end":{"line":83,"column":59}},{"start":{"line":83,"column":63},"end":{"line":83,"column":70}}],"line":83},"8":{"loc":{"start":{"line":85,"column":2},"end":{"line":87,"column":3}},"type":"if","locations":[{"start":{"line":85,"column":2},"end":{"line":87,"column":3}},{"start":{"line":85,"column":2},"end":{"line":87,"column":3}}],"line":85},"9":{"loc":{"start":{"line":85,"column":6},"end":{"line":85,"column":39}},"type":"binary-expr","locations":[{"start":{"line":85,"column":6},"end":{"line":85,"column":28}},{"start":{"line":85,"column":32},"end":{"line":85,"column":39}}],"line":85},"10":{"loc":{"start":{"line":86,"column":20},"end":{"line":86,"column":61}},"type":"cond-expr","locations":[{"start":{"line":86,"column":52},"end":{"line":86,"column":55}},{"start":{"line":86,"column":58},"end":{"line":86,"column":61}}],"line":86},"11":{"loc":{"start":{"line":104,"column":10},"end":{"line":104,"column":90}},"type":"cond-expr","locations":[{"start":{"line":104,"column":27},"end":{"line":104,"column":85}},{"start":{"line":104,"column":88},"end":{"line":104,"column":90}}],"line":104},"12":{"loc":{"start":{"line":104,"column":44},"end":{"line":104,"column":84}},"type":"binary-expr","locations":[{"start":{"line":104,"column":44},"end":{"line":104,"column":63}},{"start":{"line":104,"column":67},"end":{"line":104,"column":84}}],"line":104},"13":{"loc":{"start":{"line":108,"column":6},"end":{"line":114,"column":12}},"type":"cond-expr","locations":[{"start":{"line":108,"column":23},"end":{"line":114,"column":7}},{"start":{"line":114,"column":10},"end":{"line":114,"column":12}}],"line":108},"14":{"loc":{"start":{"line":109,"column":14},"end":{"line":113,"column":35}},"type":"cond-expr","locations":[{"start":{"line":110,"column":10},"end":{"line":110,"column":22}},{"start":{"line":111,"column":10},"end":{"line":113,"column":35}}],"line":109},"15":{"loc":{"start":{"line":111,"column":10},"end":{"line":113,"column":35}},"type":"cond-expr","locations":[{"start":{"line":112,"column":12},"end":{"line":112,"column":40}},{"start":{"line":113,"column":12},"end":{"line":113,"column":35}}],"line":111},"16":{"loc":{"start":{"line":128,"column":24},"end":{"line":128,"column":79}},"type":"cond-expr","locations":[{"start":{"line":128,"column":33},"end":{"line":128,"column":37}},{"start":{"line":128,"column":40},"end":{"line":128,"column":79}}],"line":128}},"s":{"0":5,"1":51,"2":51,"3":51,"4":51,"5":50,"6":50,"7":16,"8":16,"9":50,"10":23,"11":50,"12":50,"13":50,"14":5,"15":5,"16":50,"17":50,"18":50,"19":4,"20":50,"21":50,"22":50,"23":50,"24":49,"25":49},"f":{"0":51,"1":50,"2":50,"3":49,"4":49},"b":{"0":[1],"1":[50,1],"2":[50,0],"3":[16,34],"4":[50,42,42],"5":[16,14],"6":[23,27],"7":[50,27],"8":[4,46],"9":[50,22],"10":[0,4],"11":[19,31],"12":[19,2],"13":[19,31],"14":[16,3],"15":[1,2],"16":[42,7]},"_coverageSchema":"1a1c01bbd47fc00a2c39e90264f33305004495a9","hash":"169b4b05b6df4054a82f4356b0e47dbdfbf7b6d7"}
,"/Users/noah/projects/schmackbone/lib/utils.js": {"path":"/Users/noah/projects/schmackbone/lib/utils.js","statementMap":{"0":{"start":{"line":7,"column":2},"end":{"line":7,"column":14}},"1":{"start":{"line":12,"column":2},"end":{"line":12,"column":68}},"2":{"start":{"line":17,"column":14},"end":{"line":17,"column":27}},"3":{"start":{"line":19,"column":2},"end":{"line":33,"column":4}},"4":{"start":{"line":20,"column":4},"end":{"line":20,"column":49}},"5":{"start":{"line":22,"column":4},"end":{"line":30,"column":5}},"6":{"start":{"line":23,"column":6},"end":{"line":25,"column":7}},"7":{"start":{"line":24,"column":8},"end":{"line":24,"column":58}},"8":{"start":{"line":27,"column":6},"end":{"line":29,"column":7}},"9":{"start":{"line":28,"column":8},"end":{"line":28,"column":27}},"10":{"start":{"line":32,"column":4},"end":{"line":32,"column":50}}},"fnMap":{"0":{"name":"noOp","decl":{"start":{"line":4,"column":16},"end":{"line":4,"column":20}},"loc":{"start":{"line":4,"column":23},"end":{"line":4,"column":25}},"line":4},"1":{"name":"identity","decl":{"start":{"line":6,"column":16},"end":{"line":6,"column":24}},"loc":{"start":{"line":6,"column":31},"end":{"line":8,"column":1}},"line":6},"2":{"name":"urlError","decl":{"start":{"line":11,"column":16},"end":{"line":11,"column":24}},"loc":{"start":{"line":11,"column":27},"end":{"line":13,"column":1}},"line":11},"3":{"name":"wrapError","decl":{"start":{"line":16,"column":16},"end":{"line":16,"column":25}},"loc":{"start":{"line":16,"column":42},"end":{"line":34,"column":1}},"line":16},"4":{"name":"(anonymous_4)","decl":{"start":{"line":19,"column":18},"end":{"line":19,"column":19}},"loc":{"start":{"line":19,"column":33},"end":{"line":33,"column":3}},"line":19}},"branchMap":{"0":{"loc":{"start":{"line":22,"column":4},"end":{"line":30,"column":5}},"type":"if","locations":[{"start":{"line":22,"column":4},"end":{"line":30,"column":5}},{"start":{"line":22,"column":4},"end":{"line":30,"column":5}}],"line":22},"1":{"loc":{"start":{"line":22,"column":8},"end":{"line":22,"column":33}},"type":"binary-expr","locations":[{"start":{"line":22,"column":8},"end":{"line":22,"column":13}},{"start":{"line":22,"column":17},"end":{"line":22,"column":33}}],"line":22},"2":{"loc":{"start":{"line":23,"column":6},"end":{"line":25,"column":7}},"type":"if","locations":[{"start":{"line":23,"column":6},"end":{"line":25,"column":7}},{"start":{"line":23,"column":6},"end":{"line":25,"column":7}}],"line":23},"3":{"loc":{"start":{"line":27,"column":6},"end":{"line":29,"column":7}},"type":"if","locations":[{"start":{"line":27,"column":6},"end":{"line":29,"column":7}},{"start":{"line":27,"column":6},"end":{"line":29,"column":7}}],"line":27}},"s":{"0":29,"1":2,"2":72,"3":72,"4":16,"5":16,"6":8,"7":4,"8":8,"9":4,"10":16},"f":{"0":0,"1":29,"2":2,"3":72,"4":16},"b":{"0":[8,8],"1":[16,12],"2":[4,4],"3":[4,4]},"_coverageSchema":"1a1c01bbd47fc00a2c39e90264f33305004495a9","hash":"3743c0f72e7da908db728ec558f3d63642c1a5c3"}
}
