TN:
SF:lib/_mixin.js
FN:8,(anonymous_0)
FN:11,(anonymous_1)
FN:12,(anonymous_2)
FN:20,addUnderscoreMethods
FN:21,(anonymous_4)
FN:35,addMethod
FN:37,(anonymous_6)
FN:40,(anonymous_7)
FN:43,(anonymous_8)
FN:46,(anonymous_9)
FN:49,(anonymous_10)
FN:58,cb
FN:68,(anonymous_12)
FN:74,modelMatcher
FN:77,(anonymous_14)
FNF:15
FNH:8
FNDA:3,(anonymous_0)
FNDA:1,(anonymous_1)
FNDA:1,(anonymous_2)
FNDA:4,addUnderscoreMethods
FNDA:12,(anonymous_4)
FNDA:12,addMethod
FNDA:4,(anonymous_6)
FNDA:0,(anonymous_7)
FNDA:0,(anonymous_8)
FNDA:0,(anonymous_9)
FNDA:4,(anonymous_10)
FNDA:0,cb
FNDA:0,(anonymous_12)
FNDA:0,modelMatcher
FNDA:0,(anonymous_14)
DA:9,3
DA:11,3
DA:12,1
DA:14,1
DA:17,3
DA:21,4
DA:22,12
DA:23,12
DA:36,12
DA:37,7
DA:38,4
DA:40,0
DA:41,0
DA:43,0
DA:44,0
DA:46,0
DA:47,0
DA:49,5
DA:50,4
DA:52,4
DA:59,0
DA:60,0
DA:63,0
DA:64,0
DA:67,0
DA:68,0
DA:71,0
DA:75,0
DA:77,0
LF:29
LH:14
BRDA:8,0,0,1
BRDA:9,1,0,0
BRDA:9,1,1,3
BRDA:22,2,0,12
BRDA:22,2,1,0
BRDA:36,3,0,7
BRDA:36,3,1,0
BRDA:36,3,2,0
BRDA:36,3,3,0
BRDA:36,3,4,5
BRDA:59,4,0,0
BRDA:59,4,1,0
BRDA:63,5,0,0
BRDA:63,5,1,0
BRDA:63,6,0,0
BRDA:63,6,1,0
BRDA:67,7,0,0
BRDA:67,7,1,0
BRF:18
BRH:5
end_of_record
TN:
SF:lib/collection.js
FN:30,(anonymous_0)
FN:50,(anonymous_1)
FN:54,(anonymous_2)
FN:58,(anonymous_3)
FN:59,(anonymous_4)
FN:62,(anonymous_5)
FN:67,(anonymous_6)
FN:74,(anonymous_7)
FN:79,(anonymous_8)
FN:98,(anonymous_9)
FN:210,(anonymous_10)
FN:261,(anonymous_11)
FN:280,(anonymous_12)
FN:285,(anonymous_13)
FN:292,(anonymous_14)
FN:297,(anonymous_15)
FN:304,(anonymous_16)
FN:310,(anonymous_17)
FN:321,(anonymous_18)
FN:326,(anonymous_19)
FN:336,(anonymous_20)
FN:342,(anonymous_21)
FN:349,(anonymous_22)
FN:364,(anonymous_23)
FN:378,(anonymous_24)
FN:379,(anonymous_25)
FN:385,(anonymous_26)
FN:391,(anonymous_27)
FN:418,(anonymous_28)
FN:432,(anonymous_29)
FN:447,(anonymous_30)
FN:452,(anonymous_31)
FN:460,(anonymous_32)
FN:465,(anonymous_33)
FN:470,(anonymous_34)
FN:475,(anonymous_35)
FN:481,(anonymous_36)
FN:489,(anonymous_37)
FN:514,(anonymous_38)
FN:553,(anonymous_39)
FN:558,(anonymous_40)
FN:571,(anonymous_41)
FN:591,(anonymous_42)
FN:639,CollectionIterator
FN:647,(anonymous_44)
FN:652,(anonymous_45)
FNF:46
FNH:32
FNDA:119,(anonymous_0)
FNDA:119,(anonymous_1)
FNDA:119,(anonymous_2)
FNDA:0,(anonymous_3)
FNDA:0,(anonymous_4)
FNDA:6,(anonymous_5)
FNDA:2,(anonymous_6)
FNDA:110,(anonymous_7)
FNDA:2,(anonymous_8)
FNDA:113,(anonymous_9)
FNDA:0,(anonymous_10)
FNDA:21,(anonymous_11)
FNDA:0,(anonymous_12)
FNDA:0,(anonymous_13)
FNDA:0,(anonymous_14)
FNDA:0,(anonymous_15)
FNDA:0,(anonymous_16)
FNDA:159,(anonymous_17)
FNDA:0,(anonymous_18)
FNDA:22,(anonymous_19)
FNDA:0,(anonymous_20)
FNDA:0,(anonymous_21)
FNDA:8,(anonymous_22)
FNDA:18,(anonymous_23)
FNDA:6,(anonymous_24)
FNDA:22,(anonymous_25)
FNDA:2,(anonymous_26)
FNDA:2,(anonymous_27)
FNDA:1,(anonymous_28)
FNDA:1,(anonymous_29)
FNDA:2,(anonymous_30)
FNDA:4,(anonymous_31)
FNDA:325,(anonymous_32)
FNDA:6,(anonymous_33)
FNDA:0,(anonymous_34)
FNDA:0,(anonymous_35)
FNDA:140,(anonymous_36)
FNDA:144,(anonymous_37)
FNDA:2,(anonymous_38)
FNDA:300,(anonymous_39)
FNDA:143,(anonymous_40)
FNDA:2,(anonymous_41)
FNDA:157,(anonymous_42)
FNDA:6,CollectionIterator
FNDA:0,(anonymous_44)
FNDA:12,(anonymous_45)
DA:11,3
DA:12,3
DA:13,3
DA:31,119
DA:33,119
DA:34,119
DA:36,119
DA:37,119
DA:39,119
DA:40,21
DA:46,3
DA:59,0
DA:63,6
DA:68,2
DA:75,110
DA:80,2
DA:83,2
DA:84,2
DA:86,2
DA:87,2
DA:88,2
DA:91,2
DA:99,113
DA:100,0
DA:103,113
DA:105,113
DA:106,3
DA:109,113
DA:111,113
DA:113,113
DA:115,113
DA:116,0
DA:119,113
DA:120,0
DA:123,113
DA:124,0
DA:127,113
DA:128,113
DA:129,113
DA:130,113
DA:131,113
DA:133,113
DA:134,113
DA:135,113
DA:137,113
DA:138,113
DA:139,113
DA:146,113
DA:147,144
DA:151,144
DA:153,144
DA:154,1
DA:155,1
DA:157,1
DA:158,0
DA:161,1
DA:162,1
DA:164,1
DA:165,0
DA:169,1
DA:170,1
DA:171,1
DA:174,1
DA:177,143
DA:178,143
DA:180,143
DA:181,143
DA:182,143
DA:183,143
DA:184,143
DA:190,113
DA:191,2
DA:192,0
DA:194,0
DA:195,0
DA:199,2
DA:200,0
DA:205,113
DA:206,113
DA:208,113
DA:209,2
DA:210,0
DA:211,2
DA:212,2
DA:213,2
DA:214,111
DA:215,110
DA:216,6
DA:219,110
DA:220,110
DA:224,113
DA:225,6
DA:229,113
DA:230,92
DA:231,91
DA:232,0
DA:235,91
DA:236,91
DA:239,92
DA:240,3
DA:243,92
DA:244,92
DA:249,92
DA:254,113
DA:262,21
DA:264,21
DA:265,0
DA:268,21
DA:269,21
DA:270,21
DA:272,21
DA:273,0
DA:276,21
DA:281,0
DA:286,0
DA:288,0
DA:293,0
DA:298,0
DA:300,0
DA:305,0
DA:311,159
DA:312,0
DA:315,159
DA:322,0
DA:327,22
DA:328,0
DA:331,22
DA:337,0
DA:343,0
DA:350,8
DA:352,8
DA:353,0
DA:356,8
DA:357,6
DA:361,8
DA:362,7
DA:364,18
DA:367,1
DA:370,8
DA:371,2
DA:374,8
DA:379,22
DA:386,2
DA:387,2
DA:389,2
DA:391,2
DA:392,2
DA:394,2
DA:395,2
DA:397,2
DA:398,0
DA:399,0
DA:402,0
DA:403,0
DA:407,2
DA:410,2
DA:412,2
DA:419,1
DA:420,1
DA:422,1
DA:424,1
DA:425,0
DA:428,1
DA:429,1
DA:432,1
DA:433,1
DA:434,0
DA:437,1
DA:438,0
DA:442,1
DA:448,2
DA:453,4
DA:461,325
DA:466,6
DA:471,0
DA:476,0
DA:482,140
DA:483,140
DA:484,140
DA:490,144
DA:491,120
DA:492,111
DA:495,120
DA:498,24
DA:499,24
DA:502,24
DA:504,24
DA:505,24
DA:508,0
DA:510,0
DA:515,2
DA:517,2
DA:518,2
DA:520,2
DA:521,0
DA:524,2
DA:526,2
DA:527,2
DA:531,2
DA:533,2
DA:535,2
DA:536,2
DA:539,2
DA:540,2
DA:541,2
DA:544,2
DA:545,2
DA:548,2
DA:554,300
DA:559,143
DA:561,143
DA:563,143
DA:564,135
DA:567,143
DA:572,2
DA:574,2
DA:576,2
DA:577,2
DA:580,2
DA:581,2
DA:584,2
DA:592,157
DA:593,157
DA:594,0
DA:597,157
DA:598,2
DA:601,157
DA:602,13
DA:603,13
DA:605,13
DA:606,6
DA:607,2
DA:610,6
DA:611,4
DA:617,157
DA:622,3
DA:626,3
DA:628,3
DA:629,3
DA:640,6
DA:641,6
DA:642,6
DA:646,3
DA:647,3
DA:648,0
DA:652,3
DA:653,12
DA:655,12
DA:656,6
DA:658,6
DA:663,6
DA:664,6
DA:666,0
DA:668,0
DA:669,0
DA:672,0
DA:676,6
DA:681,6
DA:684,6
LF:259
LH:213
BRDA:30,0,0,110
BRDA:33,1,0,119
BRDA:33,1,1,112
BRDA:34,2,0,119
BRDA:34,2,1,116
BRDA:39,3,0,21
BRDA:39,3,1,98
BRDA:79,4,0,0
BRDA:83,5,0,2
BRDA:83,5,1,0
BRDA:86,6,0,2
BRDA:86,6,1,0
BRDA:86,7,0,2
BRDA:86,7,1,2
BRDA:91,8,0,2
BRDA:91,8,1,0
BRDA:99,9,0,0
BRDA:99,9,1,113
BRDA:105,10,0,3
BRDA:105,10,1,110
BRDA:105,11,0,113
BRDA:105,11,1,3
BRDA:106,12,0,3
BRDA:106,12,1,0
BRDA:111,13,0,91
BRDA:111,13,1,22
BRDA:115,14,0,0
BRDA:115,14,1,113
BRDA:119,15,0,0
BRDA:119,15,1,113
BRDA:123,16,0,0
BRDA:123,16,1,113
BRDA:138,17,0,113
BRDA:138,17,1,6
BRDA:138,17,2,6
BRDA:139,18,0,2
BRDA:139,18,1,111
BRDA:153,19,0,1
BRDA:153,19,1,143
BRDA:154,20,0,1
BRDA:154,20,1,0
BRDA:154,21,0,1
BRDA:154,21,1,1
BRDA:155,22,0,0
BRDA:155,22,1,1
BRDA:157,23,0,0
BRDA:157,23,1,1
BRDA:164,24,0,0
BRDA:164,24,1,1
BRDA:164,25,0,1
BRDA:164,25,1,0
BRDA:169,26,0,1
BRDA:169,26,1,0
BRDA:177,27,0,143
BRDA:177,27,1,0
BRDA:180,28,0,143
BRDA:180,28,1,0
BRDA:190,29,0,2
BRDA:190,29,1,111
BRDA:194,30,0,0
BRDA:194,30,1,0
BRDA:199,31,0,0
BRDA:199,31,1,2
BRDA:206,32,0,113
BRDA:206,32,1,107
BRDA:206,32,2,107
BRDA:208,33,0,2
BRDA:208,33,1,111
BRDA:208,34,0,113
BRDA:208,34,1,113
BRDA:209,35,0,2
BRDA:209,35,1,0
BRDA:214,36,0,110
BRDA:214,36,1,1
BRDA:215,37,0,6
BRDA:215,37,1,104
BRDA:219,38,0,110
BRDA:219,38,1,0
BRDA:224,39,0,6
BRDA:224,39,1,107
BRDA:229,40,0,92
BRDA:229,40,1,21
BRDA:231,41,0,0
BRDA:231,41,1,91
BRDA:239,42,0,3
BRDA:239,42,1,89
BRDA:239,43,0,92
BRDA:239,43,1,91
BRDA:243,44,0,92
BRDA:243,44,1,0
BRDA:243,45,0,92
BRDA:243,45,1,1
BRDA:243,45,2,1
BRDA:254,46,0,91
BRDA:254,46,1,22
BRDA:261,47,0,0
BRDA:272,48,0,0
BRDA:272,48,1,21
BRDA:311,49,0,0
BRDA:311,49,1,159
BRDA:315,50,0,159
BRDA:315,50,1,152
BRDA:315,50,2,144
BRDA:315,50,3,120
BRDA:316,51,0,126
BRDA:316,51,1,26
BRDA:327,52,0,0
BRDA:327,52,1,22
BRDA:337,53,0,0
BRDA:337,53,1,0
BRDA:349,54,0,2
BRDA:352,55,0,0
BRDA:352,55,1,8
BRDA:356,56,0,6
BRDA:356,56,1,2
BRDA:361,57,0,7
BRDA:361,57,1,1
BRDA:361,58,0,8
BRDA:361,58,1,3
BRDA:364,59,0,12
BRDA:364,59,1,6
BRDA:370,60,0,2
BRDA:370,60,1,6
BRDA:385,61,0,1
BRDA:392,62,0,0
BRDA:392,62,1,2
BRDA:397,63,0,0
BRDA:397,63,1,2
BRDA:397,64,0,2
BRDA:397,64,1,2
BRDA:398,65,0,0
BRDA:398,65,1,0
BRDA:402,66,0,0
BRDA:402,66,1,0
BRDA:418,67,0,0
BRDA:424,68,0,0
BRDA:424,68,1,1
BRDA:428,69,0,1
BRDA:428,69,1,0
BRDA:433,70,0,0
BRDA:433,70,1,1
BRDA:437,71,0,0
BRDA:437,71,1,1
BRDA:461,72,0,325
BRDA:461,72,1,0
BRDA:489,73,0,0
BRDA:490,74,0,120
BRDA:490,74,1,24
BRDA:491,75,0,111
BRDA:491,75,1,9
BRDA:504,76,0,24
BRDA:504,76,1,0
BRDA:520,77,0,0
BRDA:520,77,1,2
BRDA:535,78,0,2
BRDA:535,78,1,0
BRDA:539,79,0,2
BRDA:539,79,1,0
BRDA:563,80,0,135
BRDA:563,80,1,8
BRDA:576,81,0,2
BRDA:576,81,1,0
BRDA:580,82,0,2
BRDA:580,82,1,0
BRDA:592,83,0,157
BRDA:592,83,1,0
BRDA:593,84,0,0
BRDA:593,84,1,157
BRDA:593,85,0,157
BRDA:593,85,1,66
BRDA:593,85,2,93
BRDA:597,86,0,2
BRDA:597,86,1,155
BRDA:601,87,0,13
BRDA:601,87,1,144
BRDA:605,88,0,6
BRDA:605,88,1,7
BRDA:606,89,0,2
BRDA:606,89,1,4
BRDA:610,90,0,4
BRDA:610,90,1,2
BRDA:626,91,0,3
BRDA:626,91,1,3
BRDA:628,92,0,3
BRDA:628,92,1,0
BRDA:646,93,0,3
BRDA:646,93,1,0
BRDA:653,94,0,12
BRDA:653,94,1,0
BRDA:655,95,0,6
BRDA:655,95,1,6
BRDA:663,96,0,6
BRDA:663,96,1,0
BRDA:668,97,0,0
BRDA:668,97,1,0
BRF:195
BRH:137
end_of_record
TN:
SF:lib/config.js
FN:8,getAjaxPrefilter
FN:12,setAjaxPrefilter
FNF:2
FNH:2
FNDA:51,getAjaxPrefilter
FNDA:2,setAjaxPrefilter
DA:3,5
DA:9,51
DA:13,2
LF:3
LH:3
BRF:0
BRH:0
end_of_record
TN:
SF:lib/events.js
FN:26,(anonymous_0)
FN:53,(anonymous_1)
FN:72,(anonymous_2)
FN:81,(anonymous_3)
FN:142,(anonymous_4)
FN:144,(anonymous_5)
FN:161,triggerApi
FN:185,triggerEvents
FN:205,(anonymous_8)
FN:218,(anonymous_9)
FN:238,(anonymous_10)
FN:248,(anonymous_11)
FN:260,(anonymous_12)
FN:283,(anonymous_13)
FN:297,(anonymous_14)
FN:307,(anonymous_15)
FN:344,(anonymous_16)
FN:357,(anonymous_17)
FNF:18
FNH:18
FNDA:751,(anonymous_0)
FNDA:297,(anonymous_1)
FNDA:41,(anonymous_2)
FNDA:78,(anonymous_3)
FNDA:34,(anonymous_4)
FNDA:21,(anonymous_5)
FNDA:342,triggerApi
FNDA:279,triggerEvents
FNDA:34,(anonymous_8)
FNDA:37,(anonymous_9)
FNDA:28,(anonymous_10)
FNDA:1448,(anonymous_11)
FNDA:273,(anonymous_12)
FNDA:73,(anonymous_13)
FNDA:15,(anonymous_14)
FNDA:41,(anonymous_15)
FNDA:13,(anonymous_16)
FNDA:45,(anonymous_17)
DA:18,7
DA:26,7
DA:27,751
DA:30,751
DA:32,44
DA:33,5
DA:36,44
DA:37,55
DA:39,707
DA:41,34
DA:42,78
DA:46,673
DA:49,750
DA:53,7
DA:54,297
DA:55,295
DA:56,295
DA:57,295
DA:58,295
DA:60,295
DA:61,41
DA:64,295
DA:67,297
DA:72,7
DA:73,41
DA:74,41
DA:76,0
DA:81,7
DA:82,78
DA:83,78
DA:86,78
DA:87,0
DA:91,78
DA:92,5
DA:93,2
DA:96,5
DA:99,73
DA:101,73
DA:104,78
DA:105,78
DA:108,78
DA:109,0
DA:113,78
DA:115,78
DA:116,107
DA:118,107
DA:123,27
DA:124,80
DA:125,36
DA:130,78
DA:131,26
DA:133,52
DA:137,73
DA:142,7
DA:143,34
DA:144,32
DA:145,21
DA:146,21
DA:149,32
DA:152,34
DA:162,342
DA:163,342
DA:164,342
DA:166,342
DA:167,7
DA:170,342
DA:171,108
DA:174,341
DA:175,171
DA:179,341
DA:187,279
DA:188,279
DA:189,279
DA:192,279
DA:193,80
DA:194,16
DA:195,16
DA:196,33
DA:197,144
DA:206,34
DA:207,34
DA:208,34
DA:209,34
DA:210,34
DA:211,34
DA:221,37
DA:222,1
DA:226,1
DA:228,36
DA:229,36
DA:232,37
DA:233,26
DA:239,28
DA:241,28
DA:242,27
DA:247,7
DA:249,1448
DA:250,1126
DA:253,322
DA:255,321
DA:261,273
DA:267,273
DA:268,39
DA:270,39
DA:273,39
DA:276,273
DA:284,73
DA:285,1
DA:288,72
DA:293,72
DA:299,15
DA:301,15
DA:308,41
DA:309,0
DA:312,41
DA:313,41
DA:314,41
DA:318,41
DA:319,34
DA:320,34
DA:324,41
DA:326,41
DA:328,41
DA:329,0
DA:333,41
DA:334,2
DA:337,41
DA:346,13
DA:348,13
DA:349,10
DA:352,13
DA:358,45
DA:360,45
DA:361,13
DA:364,32
DA:366,32
DA:367,32
DA:371,32
DA:372,0
DA:375,32
DA:377,32
DA:378,1
DA:382,32
DA:383,23
DA:386,32
DA:392,7
LF:146
LH:140
BRDA:30,0,0,44
BRDA:30,0,1,707
BRDA:30,1,0,751
BRDA:30,1,1,728
BRDA:32,2,0,5
BRDA:32,2,1,39
BRDA:32,3,0,44
BRDA:32,3,1,8
BRDA:32,3,2,6
BRDA:39,4,0,34
BRDA:39,4,1,673
BRDA:39,5,0,707
BRDA:39,5,1,684
BRDA:54,6,0,295
BRDA:54,6,1,2
BRDA:55,7,0,295
BRDA:55,7,1,254
BRDA:60,8,0,41
BRDA:60,8,1,254
BRDA:64,9,0,295
BRDA:64,9,1,95
BRDA:86,10,0,0
BRDA:86,10,1,78
BRDA:91,11,0,5
BRDA:91,11,1,73
BRDA:91,12,0,78
BRDA:91,12,1,23
BRDA:91,12,2,7
BRDA:92,13,0,5
BRDA:92,13,1,3
BRDA:99,14,0,55
BRDA:99,14,1,18
BRDA:108,15,0,0
BRDA:108,15,1,78
BRDA:118,16,0,27
BRDA:118,16,1,80
BRDA:119,17,0,107
BRDA:119,17,1,64
BRDA:119,17,2,15
BRDA:119,17,3,94
BRDA:119,17,4,58
BRDA:124,18,0,36
BRDA:124,18,1,44
BRDA:130,19,0,26
BRDA:130,19,1,52
BRDA:143,20,0,32
BRDA:143,20,1,2
BRDA:162,21,0,342
BRDA:162,21,1,0
BRDA:166,22,0,7
BRDA:166,22,1,335
BRDA:166,23,0,342
BRDA:166,23,1,108
BRDA:170,24,0,108
BRDA:170,24,1,234
BRDA:174,25,0,171
BRDA:174,25,1,170
BRDA:192,26,0,71
BRDA:192,26,1,16
BRDA:192,26,2,16
BRDA:192,26,3,32
BRDA:192,26,4,144
BRDA:221,27,0,1
BRDA:221,27,1,36
BRDA:232,28,0,26
BRDA:232,28,1,11
BRDA:241,29,0,27
BRDA:241,29,1,1
BRDA:249,30,0,1126
BRDA:249,30,1,322
BRDA:261,31,0,273
BRDA:261,31,1,219
BRDA:267,32,0,39
BRDA:267,32,1,234
BRDA:268,33,0,39
BRDA:268,33,1,20
BRDA:284,34,0,1
BRDA:284,34,1,72
BRDA:308,35,0,0
BRDA:308,35,1,41
BRDA:312,36,0,41
BRDA:312,36,1,22
BRDA:313,37,0,41
BRDA:313,37,1,30
BRDA:318,38,0,34
BRDA:318,38,1,7
BRDA:319,39,0,34
BRDA:319,39,1,17
BRDA:328,40,0,0
BRDA:328,40,1,41
BRDA:333,41,0,2
BRDA:333,41,1,39
BRDA:348,42,0,10
BRDA:348,42,1,3
BRDA:348,43,0,13
BRDA:348,43,1,11
BRDA:360,44,0,13
BRDA:360,44,1,32
BRDA:364,45,0,20
BRDA:364,45,1,12
BRDA:371,46,0,0
BRDA:371,46,1,32
BRDA:377,47,0,1
BRDA:377,47,1,31
BRDA:382,48,0,23
BRDA:382,48,1,9
BRF:106
BRH:100
end_of_record
TN:
SF:lib/history.js
FN:17,(anonymous_0)
FN:28,(anonymous_1)
FN:35,(anonymous_2)
FN:45,(anonymous_3)
FN:51,(anonymous_4)
FN:59,(anonymous_5)
FN:66,(anonymous_6)
FN:75,(anonymous_7)
FN:87,(anonymous_8)
FN:112,(anonymous_9)
FN:127,(anonymous_10)
FN:133,(anonymous_11)
FN:156,(anonymous_12)
FN:164,(anonymous_13)
FN:182,(anonymous_14)
FNF:15
FNH:12
FNDA:1,(anonymous_0)
FNDA:0,(anonymous_1)
FNDA:4,(anonymous_2)
FNDA:12,(anonymous_3)
FNDA:8,(anonymous_4)
FNDA:0,(anonymous_5)
FNDA:8,(anonymous_6)
FNDA:8,(anonymous_7)
FNDA:3,(anonymous_8)
FNDA:3,(anonymous_9)
FNDA:60,(anonymous_10)
FNDA:1,(anonymous_11)
FNDA:4,(anonymous_12)
FNDA:64,(anonymous_13)
FNDA:0,(anonymous_14)
DA:6,1
DA:9,1
DA:12,1
DA:18,1
DA:21,1
DA:22,1
DA:23,1
DA:29,0
DA:31,0
DA:36,4
DA:37,4
DA:39,4
DA:46,12
DA:52,8
DA:54,8
DA:60,0
DA:62,0
DA:67,8
DA:71,8
DA:77,8
DA:79,8
DA:82,8
DA:88,3
DA:89,0
DA:92,3
DA:96,3
DA:97,3
DA:98,3
DA:101,3
DA:103,3
DA:105,3
DA:106,3
DA:114,3
DA:117,3
DA:118,0
DA:119,0
DA:122,3
DA:128,60
DA:133,1
DA:134,1
DA:138,1
DA:139,0
DA:142,1
DA:143,0
DA:146,1
DA:147,0
DA:150,1
DA:158,4
DA:159,0
DA:162,4
DA:164,4
DA:165,64
DA:166,4
DA:168,4
DA:171,60
DA:183,0
DA:184,0
DA:187,0
DA:188,0
DA:192,0
DA:195,0
DA:197,0
DA:198,0
DA:201,0
DA:204,0
DA:207,0
DA:209,0
DA:210,0
DA:213,0
DA:216,0
DA:218,0
DA:219,0
DA:224,1
DA:228,1
DA:230,1
LF:75
LH:47
BRDA:21,0,0,1
BRDA:21,0,1,0
BRDA:31,1,0,0
BRDA:31,1,1,0
BRDA:54,2,0,0
BRDA:54,2,1,8
BRDA:60,3,0,0
BRDA:60,3,1,0
BRDA:62,4,0,0
BRDA:62,4,1,0
BRDA:71,5,0,2
BRDA:71,5,1,6
BRDA:77,6,0,8
BRDA:77,6,1,0
BRDA:88,7,0,0
BRDA:88,7,1,3
BRDA:105,8,0,3
BRDA:105,8,1,0
BRDA:117,9,0,0
BRDA:117,9,1,3
BRDA:138,10,0,0
BRDA:138,10,1,1
BRDA:138,11,0,1
BRDA:138,11,1,0
BRDA:142,12,0,0
BRDA:142,12,1,1
BRDA:146,13,0,0
BRDA:146,13,1,1
BRDA:158,14,0,0
BRDA:158,14,1,4
BRDA:165,15,0,4
BRDA:165,15,1,60
BRDA:183,16,0,0
BRDA:183,16,1,0
BRDA:187,17,0,0
BRDA:187,17,1,0
BRDA:187,18,0,0
BRDA:187,18,1,0
BRDA:192,19,0,0
BRDA:192,19,1,0
BRDA:197,20,0,0
BRDA:197,20,1,0
BRDA:197,21,0,0
BRDA:197,21,1,0
BRDA:198,22,0,0
BRDA:198,22,1,0
BRDA:209,23,0,0
BRDA:209,23,1,0
BRDA:216,24,0,0
BRDA:216,24,1,0
BRDA:218,25,0,0
BRDA:218,25,1,0
BRF:52
BRH:15
end_of_record
TN:
SF:lib/model.js
FN:18,(anonymous_0)
FN:52,(anonymous_1)
FN:56,(anonymous_2)
FN:59,(anonymous_3)
FN:65,(anonymous_4)
FN:70,(anonymous_5)
FN:75,(anonymous_6)
FN:81,(anonymous_7)
FN:88,(anonymous_8)
FN:95,(anonymous_9)
FN:186,(anonymous_10)
FN:191,(anonymous_11)
FN:203,(anonymous_12)
FN:219,(anonymous_13)
FN:242,(anonymous_14)
FN:254,(anonymous_15)
FN:260,(anonymous_16)
FN:266,(anonymous_17)
FN:296,(anonymous_18)
FN:328,(anonymous_19)
FN:381,(anonymous_20)
FN:384,(anonymous_21)
FN:389,(anonymous_22)
FN:430,(anonymous_23)
FN:443,(anonymous_24)
FN:448,(anonymous_25)
FN:453,(anonymous_26)
FN:458,(anonymous_27)
FN:464,(anonymous_28)
FNF:29
FNH:29
FNDA:264,(anonymous_0)
FNDA:262,(anonymous_1)
FNDA:260,(anonymous_2)
FNDA:15,(anonymous_3)
FNDA:46,(anonymous_4)
FNDA:378,(anonymous_5)
FNDA:5,(anonymous_6)
FNDA:84,(anonymous_7)
FNDA:6,(anonymous_8)
FNDA:395,(anonymous_9)
FNDA:10,(anonymous_10)
FNDA:5,(anonymous_11)
FNDA:21,(anonymous_12)
FNDA:7,(anonymous_13)
FNDA:6,(anonymous_14)
FNDA:14,(anonymous_15)
FNDA:33,(anonymous_16)
FNDA:23,(anonymous_17)
FNDA:27,(anonymous_18)
FNDA:18,(anonymous_19)
FNDA:12,(anonymous_20)
FNDA:12,(anonymous_21)
FNDA:7,(anonymous_22)
FNDA:21,(anonymous_23)
FNDA:43,(anonymous_24)
FNDA:5,(anonymous_25)
FNDA:72,(anonymous_26)
FNDA:1,(anonymous_27)
FNDA:403,(anonymous_28)
DA:19,264
DA:20,264
DA:21,264
DA:23,264
DA:24,27
DA:27,264
DA:28,6
DA:31,264
DA:32,264
DA:33,264
DA:37,264
DA:40,264
DA:44,5
DA:48,5
DA:60,15
DA:66,46
DA:71,378
DA:76,5
DA:83,84
DA:89,6
DA:99,395
DA:100,1
DA:105,394
DA:106,379
DA:107,379
DA:109,15
DA:112,394
DA:115,394
DA:116,8
DA:119,386
DA:120,386
DA:122,386
DA:124,386
DA:125,382
DA:126,382
DA:129,386
DA:132,386
DA:133,650
DA:135,650
DA:136,632
DA:139,650
DA:140,632
DA:142,18
DA:145,650
DA:149,386
DA:150,167
DA:154,386
DA:155,364
DA:156,251
DA:159,364
DA:160,609
DA:166,386
DA:167,4
DA:170,382
DA:171,361
DA:172,250
DA:173,250
DA:174,250
DA:178,382
DA:179,382
DA:181,382
DA:187,10
DA:192,5
DA:194,5
DA:195,12
DA:198,5
DA:205,21
DA:206,13
DA:210,8
DA:220,7
DA:221,5
DA:224,2
DA:225,2
DA:228,2
DA:229,2
DA:230,1
DA:233,1
DA:234,1
DA:237,2
DA:244,6
DA:245,0
DA:249,6
DA:255,14
DA:261,33
DA:262,33
DA:264,33
DA:266,33
DA:267,23
DA:269,23
DA:270,0
DA:273,23
DA:275,23
DA:276,5
DA:277,3
DA:280,5
DA:281,2
DA:285,23
DA:288,33
DA:290,33
DA:301,27
DA:303,26
DA:304,26
DA:306,1
DA:309,27
DA:314,27
DA:315,19
DA:316,1
DA:318,8
DA:319,0
DA:324,26
DA:325,26
DA:326,26
DA:328,26
DA:329,18
DA:332,18
DA:334,18
DA:335,1
DA:338,18
DA:339,1
DA:342,17
DA:344,17
DA:345,3
DA:346,2
DA:349,3
DA:350,1
DA:354,17
DA:357,26
DA:360,26
DA:361,3
DA:364,26
DA:366,26
DA:367,1
DA:370,26
DA:373,26
DA:375,26
DA:382,12
DA:383,12
DA:384,12
DA:385,12
DA:386,12
DA:389,12
DA:390,7
DA:391,1
DA:394,7
DA:395,6
DA:398,7
DA:399,2
DA:400,1
DA:403,2
DA:404,1
DA:408,7
DA:413,12
DA:414,1
DA:416,11
DA:417,11
DA:420,12
DA:421,11
DA:424,12
DA:431,21
DA:433,19
DA:434,4
DA:437,15
DA:444,43
DA:449,5
DA:454,72
DA:459,1
DA:465,403
DA:466,390
DA:469,13
DA:470,13
DA:472,13
DA:473,5
DA:476,8
DA:478,8
DA:482,5
LF:175
LH:172
BRDA:18,0,0,61
BRDA:18,1,0,233
BRDA:23,2,0,27
BRDA:23,2,1,237
BRDA:27,3,0,6
BRDA:27,3,1,258
BRDA:28,4,0,6
BRDA:28,4,1,1
BRDA:99,5,0,1
BRDA:99,5,1,394
BRDA:105,6,0,379
BRDA:105,6,1,15
BRDA:112,7,0,394
BRDA:112,7,1,41
BRDA:115,8,0,8
BRDA:115,8,1,386
BRDA:124,9,0,382
BRDA:124,9,1,4
BRDA:135,10,0,632
BRDA:135,10,1,18
BRDA:139,11,0,632
BRDA:139,11,1,18
BRDA:145,12,0,21
BRDA:145,12,1,629
BRDA:149,13,0,167
BRDA:149,13,1,219
BRDA:154,14,0,364
BRDA:154,14,1,22
BRDA:155,15,0,251
BRDA:155,15,1,113
BRDA:166,16,0,4
BRDA:166,16,1,382
BRDA:170,17,0,361
BRDA:170,17,1,21
BRDA:205,18,0,13
BRDA:205,18,1,8
BRDA:220,19,0,5
BRDA:220,19,1,2
BRDA:221,20,0,3
BRDA:221,20,1,2
BRDA:224,21,0,0
BRDA:224,21,1,2
BRDA:229,22,0,1
BRDA:229,22,1,1
BRDA:237,23,0,1
BRDA:237,23,1,1
BRDA:244,24,0,0
BRDA:244,24,1,6
BRDA:244,25,0,6
BRDA:244,25,1,6
BRDA:260,26,0,10
BRDA:267,27,0,22
BRDA:267,27,1,1
BRDA:269,28,0,0
BRDA:269,28,1,23
BRDA:275,29,0,5
BRDA:275,29,1,18
BRDA:275,30,0,23
BRDA:275,30,1,20
BRDA:276,31,0,3
BRDA:276,31,1,2
BRDA:280,32,0,2
BRDA:280,32,1,3
BRDA:301,33,0,26
BRDA:301,33,1,1
BRDA:301,34,0,27
BRDA:301,34,1,22
BRDA:314,35,0,19
BRDA:314,35,1,8
BRDA:314,36,0,27
BRDA:314,36,1,22
BRDA:315,37,0,1
BRDA:315,37,1,18
BRDA:318,38,0,0
BRDA:318,38,1,8
BRDA:329,39,0,17
BRDA:329,39,1,1
BRDA:334,40,0,1
BRDA:334,40,1,17
BRDA:338,41,0,1
BRDA:338,41,1,17
BRDA:338,42,0,18
BRDA:338,42,1,16
BRDA:344,43,0,3
BRDA:344,43,1,14
BRDA:344,44,0,17
BRDA:344,44,1,15
BRDA:345,45,0,2
BRDA:345,45,1,1
BRDA:349,46,0,1
BRDA:349,46,1,2
BRDA:360,47,0,3
BRDA:360,47,1,23
BRDA:360,48,0,26
BRDA:360,48,1,21
BRDA:364,49,0,12
BRDA:364,49,1,14
BRDA:364,50,0,1
BRDA:364,50,1,13
BRDA:366,51,0,1
BRDA:366,51,1,25
BRDA:366,52,0,26
BRDA:366,52,1,1
BRDA:381,53,0,5
BRDA:390,54,0,1
BRDA:390,54,1,6
BRDA:394,55,0,6
BRDA:394,55,1,1
BRDA:398,56,0,2
BRDA:398,56,1,5
BRDA:398,57,0,7
BRDA:398,57,1,6
BRDA:399,58,0,1
BRDA:399,58,1,1
BRDA:403,59,0,1
BRDA:403,59,1,1
BRDA:413,60,0,1
BRDA:413,60,1,11
BRDA:420,61,0,11
BRDA:420,61,1,1
BRDA:431,62,0,21
BRDA:431,62,1,16
BRDA:431,62,2,2
BRDA:433,63,0,4
BRDA:433,63,1,15
BRDA:464,64,0,1
BRDA:465,65,0,390
BRDA:465,65,1,13
BRDA:465,66,0,403
BRDA:465,66,1,52
BRDA:470,67,0,13
BRDA:470,67,1,5
BRDA:472,68,0,5
BRDA:472,68,1,8
BRF:134
BRH:130
end_of_record
TN:
SF:lib/router.js
FN:19,(anonymous_0)
FN:32,(anonymous_1)
FN:36,(anonymous_2)
FN:44,(anonymous_3)
FN:60,(anonymous_4)
FN:75,(anonymous_5)
FN:82,(anonymous_6)
FN:91,(anonymous_7)
FN:110,(anonymous_8)
FN:113,(anonymous_9)
FN:122,(anonymous_10)
FN:125,(anonymous_11)
FNF:12
FNH:9
FNDA:3,(anonymous_0)
FNDA:0,(anonymous_1)
FNDA:0,(anonymous_2)
FNDA:60,(anonymous_3)
FNDA:4,(anonymous_4)
FNDA:4,(anonymous_5)
FNDA:0,(anonymous_6)
FNDA:3,(anonymous_7)
FNDA:60,(anonymous_8)
FNDA:36,(anonymous_9)
FNDA:4,(anonymous_10)
FNDA:8,(anonymous_11)
DA:11,1
DA:12,1
DA:13,1
DA:14,1
DA:20,3
DA:22,3
DA:23,0
DA:26,3
DA:27,3
DA:45,60
DA:47,60
DA:48,60
DA:51,60
DA:52,3
DA:53,3
DA:56,60
DA:57,57
DA:60,60
DA:61,4
DA:63,4
DA:64,4
DA:65,4
DA:66,4
DA:70,60
DA:76,4
DA:77,4
DA:83,0
DA:85,0
DA:95,3
DA:96,0
DA:99,3
DA:101,3
DA:103,3
DA:104,57
DA:111,60
DA:113,36
DA:116,60
DA:123,4
DA:125,4
DA:127,8
DA:128,4
DA:131,4
DA:137,1
LF:43
LH:39
BRDA:19,0,0,0
BRDA:22,1,0,0
BRDA:22,1,1,3
BRDA:47,2,0,60
BRDA:47,2,1,0
BRDA:51,3,0,3
BRDA:51,3,1,57
BRDA:56,4,0,57
BRDA:56,4,1,3
BRDA:63,5,0,4
BRDA:63,5,1,0
BRDA:76,6,0,4
BRDA:76,6,1,0
BRDA:95,7,0,0
BRDA:95,7,1,3
BRDA:113,8,0,3
BRDA:113,8,1,33
BRDA:127,9,0,4
BRDA:127,9,1,4
BRDA:128,10,0,4
BRDA:128,10,1,4
BRDA:131,11,0,1
BRDA:131,11,1,3
BRF:23
BRH:17
end_of_record
TN:
SF:lib/sync.js
FN:28,(anonymous_0)
FN:81,ajax
FN:116,(anonymous_2)
FN:127,(anonymous_3)
FN:128,(anonymous_4)
FNF:5
FNH:5
FNDA:51,(anonymous_0)
FNDA:50,ajax
FNDA:50,(anonymous_2)
FNDA:49,(anonymous_3)
FNDA:49,(anonymous_4)
DA:20,5
DA:29,51
DA:31,51
DA:41,51
DA:44,51
DA:45,50
DA:49,50
DA:50,16
DA:51,16
DA:55,50
DA:56,23
DA:60,50
DA:62,50
DA:64,50
DA:67,5
DA:68,5
DA:82,50
DA:83,50
DA:85,50
DA:86,4
DA:89,50
DA:91,50
DA:123,50
DA:127,50
DA:128,49
LF:25
LH:25
BRDA:28,0,0,1
BRDA:44,1,0,50
BRDA:44,1,1,1
BRDA:45,2,0,50
BRDA:45,2,1,0
BRDA:49,3,0,16
BRDA:49,3,1,34
BRDA:49,4,0,50
BRDA:49,4,1,42
BRDA:49,4,2,42
BRDA:51,5,0,16
BRDA:51,5,1,14
BRDA:55,6,0,23
BRDA:55,6,1,27
BRDA:83,7,0,50
BRDA:83,7,1,27
BRDA:85,8,0,4
BRDA:85,8,1,46
BRDA:85,9,0,50
BRDA:85,9,1,22
BRDA:86,10,0,0
BRDA:86,10,1,4
BRDA:104,11,0,19
BRDA:104,11,1,31
BRDA:104,12,0,19
BRDA:104,12,1,2
BRDA:108,13,0,19
BRDA:108,13,1,31
BRDA:109,14,0,16
BRDA:109,14,1,3
BRDA:111,15,0,1
BRDA:111,15,1,2
BRDA:128,16,0,42
BRDA:128,16,1,7
BRF:34
BRH:32
end_of_record
TN:
SF:lib/utils.js
FN:4,noOp
FN:6,identity
FN:11,urlError
FN:16,wrapError
FN:19,(anonymous_4)
FNF:5
FNH:4
FNDA:0,noOp
FNDA:29,identity
FNDA:2,urlError
FNDA:72,wrapError
FNDA:16,(anonymous_4)
DA:7,29
DA:12,2
DA:17,72
DA:19,72
DA:20,16
DA:22,16
DA:23,8
DA:24,4
DA:27,8
DA:28,4
DA:32,16
LF:11
LH:11
BRDA:22,0,0,8
BRDA:22,0,1,8
BRDA:22,1,0,16
BRDA:22,1,1,12
BRDA:23,2,0,4
BRDA:23,2,1,4
BRDA:27,3,0,4
BRDA:27,3,1,4
BRF:8
BRH:8
end_of_record
